This is pdfTeX, Version 3.1415926-1.40.11 (TeX Live 2010) (format=pdflatex 2010.7.21)  7 AUG 2012 14:28
entering extended mode
 restricted \write18 enabled.
 %&-line parsing enabled.
**drexel-thesis.ins
(./drexel-thesis.ins
LaTeX2e <2009/09/24>
Babel <v3.8l> and hyphenation patterns for english, dumylang, nohyphenation, ge
rman-x-2009-06-19, ngerman-x-2009-06-19, ancientgreek, ibycus, arabic, armenian
, basque, bulgarian, catalan, pinyin, coptic, croatian, czech, danish, dutch, u
kenglish, usenglishmax, esperanto, estonian, farsi, finnish, french, galician, 
german, ngerman, swissgerman, monogreek, greek, hungarian, icelandic, assamese,
 bengali, gujarati, hindi, kannada, malayalam, marathi, oriya, panjabi, tamil, 
telugu, indonesian, interlingua, irish, italian, kurmanji, lao, latin, latvian,
 lithuanian, mongolian, mongolianlmc, bokmal, nynorsk, polish, portuguese, roma
nian, russian, sanskrit, serbian, slovak, slovenian, spanish, swedish, turkish,
 turkmen, ukrainian, uppersorbian, welsh, loaded.
(/usr/local/texlive/2010/texmf-dist/tex/latex/base/docstrip.tex
\blockLevel=\count79
\emptyLines=\count80
\processedLines=\count81
\commentsRemoved=\count82
\commentsPassed=\count83
\codeLinesPassed=\count84
\TotalprocessedLines=\count85
\TotalcommentsRemoved=\count86
\TotalcommentsPassed=\count87
\TotalcodeLinesPassed=\count88
\NumberOfFiles=\count89
\inFile=\read1
\inputcheck=\read2
\off@0=\count90
\off@1=\count91
\off@2=\count92
\off@3=\count93
\off@4=\count94
\off@5=\count95
\off@6=\count96
\off@7=\count97
\off@8=\count98
\off@9=\count99
\off@10=\count100
\off@11=\count101
\off@12=\count102
\off@13=\count103
\off@14=\count104
\off@15=\count105
\@maxfiles=\count106
\@maxoutfiles=\count107

Utility: `docstrip' 2.5d <2005/07/29>
English documentation    <1999/03/31>

**********************************************************
* This program converts documented macro-files into fast *
* loadable files by stripping off (nearly) all comments! *
**********************************************************

********************************************************
* No Configuration file found, using default settings. *
********************************************************

)

Generating file(s) ./drexel-thesis.cls ./template.tex ./example.tex ./example-d
raft.tex ./example-1.tex ./example-a.tex ./example-ref.bib 
\openout0 = `./drexel-thesis.cls'.

\openout1 = `./template.tex'.

\openout2 = `./example.tex'.

\openout3 = `./example-draft.tex'.

\openout4 = `./example-1.tex'.

\openout5 = `./example-a.tex'.

\openout6 = `./example-ref.bib'.


Processing file drexel-thesis.dtx (class) -> drexel-thesis.cls
                                  (template) -> template.tex
                                  (example) -> example.tex
                                  (example-draft) -> example-draft.tex
                                  (example-part) -> example-1.tex
                                  (example-appendix) -> example-a.tex
                                  (example-bibtex-refs) -> example-ref.bib
File drexel-thesis.dtx ended by \endinput.
Lines  processed: 4147
Comments removed: 2701
Comments  passed: 30
Codelines passed: 1381

*************************************************************
*                                                           *
* To finish the installation you have to move the following *
* file into a directory searched by TeX:                    *
*                                                           *
*     drexel-thesis.cls                                     *
*                                                           *
* To produce the documentation run the file                 *
* drexel-thesis.dtx through LaTeX.                          *
*                                                           *
* Happy TeXing!                                             *
*                                                           *
*************************************************************
 ) 
Here is how much of TeX's memory you used:
 368 strings out of 493747
 4010 string characters out of 3143546
 54811 words of memory out of 3000000
 3747 multiletter control sequences out of 15000+200000
 3640 words of font info for 14 fonts, out of 3000000 for 9000
 714 hyphenation exceptions out of 8191
 13i,0n,15p,199b,182s stack positions out of 5000i,500n,10000p,200000b,50000s

No pages of output.
PDF statistics:
 0 PDF objects out of 1000 (max. 8388607)
 0 named destinations out of 1000 (max. 500000)
 1 words of extra memory for PDF output out of 10000 (max. 10000000)

