\BOOKMARK [1][-]{section.1}{Introduction}{}% 1
\BOOKMARK [1][-]{section.2}{Usage}{}% 2
\BOOKMARK [2][-]{subsection.2.1}{Options}{section.2}% 3
\BOOKMARK [3][-]{subsubsection.2.1.1}{Interesting book options}{subsection.2.1}% 4
\BOOKMARK [2][-]{subsection.2.2}{Macros}{section.2}% 5
\BOOKMARK [2][-]{subsection.2.3}{Environments}{section.2}% 6
\BOOKMARK [2][-]{subsection.2.4}{Hints}{section.2}% 7
\BOOKMARK [3][-]{subsubsection.2.4.1}{Package installation}{subsection.2.4}% 8
\BOOKMARK [3][-]{subsubsection.2.4.2}{Tables and Figures}{subsection.2.4}% 9
\BOOKMARK [3][-]{subsubsection.2.4.3}{Citations}{subsection.2.4}% 10
\BOOKMARK [3][-]{subsubsection.2.4.4}{References}{subsection.2.4}% 11
\BOOKMARK [3][-]{subsubsection.2.4.5}{Hyperlinks}{subsection.2.4}% 12
\BOOKMARK [3][-]{subsubsection.2.4.6}{Developing large LaTeX documents}{subsection.2.4}% 13
\BOOKMARK [1][-]{section.3}{Implementation}{}% 14
\BOOKMARK [2][-]{subsection.3.1}{Option Processing}{section.3}% 15
\BOOKMARK [2][-]{subsection.3.2}{Internal package includes}{section.3}% 16
\BOOKMARK [3][-]{subsubsection.3.2.1}{setspace}{subsection.3.2}% 17
\BOOKMARK [3][-]{subsubsection.3.2.2}{calc}{subsection.3.2}% 18
\BOOKMARK [3][-]{subsubsection.3.2.3}{graphicx}{subsection.3.2}% 19
\BOOKMARK [3][-]{subsubsection.3.2.4}{draftmark}{subsection.3.2}% 20
\BOOKMARK [3][-]{subsubsection.3.2.5}{indentfirst}{subsection.3.2}% 21
\BOOKMARK [3][-]{subsubsection.3.2.6}{geometry}{subsection.3.2}% 22
\BOOKMARK [3][-]{subsubsection.3.2.7}{tocloft}{subsection.3.2}% 23
\BOOKMARK [3][-]{subsubsection.3.2.8}{caption}{subsection.3.2}% 24
\BOOKMARK [3][-]{subsubsection.3.2.9}{floatrow}{subsection.3.2}% 25
\BOOKMARK [3][-]{subsubsection.3.2.10}{subfig}{subsection.3.2}% 26
\BOOKMARK [3][-]{subsubsection.3.2.11}{fancyhdr}{subsection.3.2}% 27
\BOOKMARK [3][-]{subsubsection.3.2.12}{ifpdf}{subsection.3.2}% 28
\BOOKMARK [3][-]{subsubsection.3.2.13}{hyperref}{subsection.3.2}% 29
\BOOKMARK [3][-]{subsubsection.3.2.14}{hypcap}{subsection.3.2}% 30
\BOOKMARK [3][-]{subsubsection.3.2.15}{tikz}{subsection.3.2}% 31
\BOOKMARK [2][-]{subsection.3.3}{LaTeX overrides and extensions}{section.3}% 32
\BOOKMARK [3][-]{subsubsection.3.3.1}{ltsect.dtx}{subsection.3.3}% 33
\BOOKMARK [3][-]{subsubsection.3.3.2}{ltbibl.dtx}{subsection.3.3}% 34
\BOOKMARK [3][-]{subsubsection.3.3.3}{ltoutput.dtx}{subsection.3.3}% 35
\BOOKMARK [2][-]{subsection.3.4}{hyperref inclusion}{section.3}% 36
\BOOKMARK [3][-]{subsubsection.3.4.1}{hypcap}{subsection.3.4}% 37
\BOOKMARK [2][-]{subsection.3.5}{book overrides and extensions}{section.3}% 38
\BOOKMARK [3][-]{subsubsection.3.5.1}{Floats on a text page}{subsection.3.5}% 39
\BOOKMARK [3][-]{subsubsection.3.5.2}{The title}{subsection.3.5}% 40
\BOOKMARK [3][-]{subsubsection.3.5.3}{Copyright pages}{subsection.3.5}% 41
\BOOKMARK [3][-]{subsubsection.3.5.4}{Mark commands}{subsection.3.5}% 42
\BOOKMARK [3][-]{subsubsection.3.5.5}{Front Matter, Main Matter, and Back Matter}{subsection.3.5}% 43
\BOOKMARK [3][-]{subsubsection.3.5.6}{Parts}{subsection.3.5}% 44
\BOOKMARK [3][-]{subsubsection.3.5.7}{Chapters}{subsection.3.5}% 45
\BOOKMARK [3][-]{subsubsection.3.5.8}{Lower level headings}{subsection.3.5}% 46
\BOOKMARK [3][-]{subsubsection.3.5.9}{Defining new environments}{subsection.3.5}% 47
\BOOKMARK [3][-]{subsubsection.3.5.10}{Titlepage}{subsection.3.5}% 48
\BOOKMARK [3][-]{subsubsection.3.5.11}{Appendix}{subsection.3.5}% 49
\BOOKMARK [3][-]{subsubsection.3.5.12}{Table of Contents}{subsection.3.5}% 50
\BOOKMARK [3][-]{subsubsection.3.5.13}{List of figures}{subsection.3.5}% 51
\BOOKMARK [3][-]{subsubsection.3.5.14}{List of tables}{subsection.3.5}% 52
\BOOKMARK [3][-]{subsubsection.3.5.15}{Bibliography}{subsection.3.5}% 53
\BOOKMARK [3][-]{subsubsection.3.5.16}{Index}{subsection.3.5}% 54
\BOOKMARK [3][-]{subsubsection.3.5.17}{Words}{subsection.3.5}% 55
\BOOKMARK [2][-]{subsection.3.6}{Remaining details}{section.3}% 56
\BOOKMARK [3][-]{subsubsection.3.6.1}{Terminal blank page}{subsection.3.6}% 57
\BOOKMARK [1][-]{section.4}{Examples}{}% 58
\BOOKMARK [2][-]{subsubsection.4.0.2}{Template}{section.4}% 59
\BOOKMARK [2][-]{subsection.4.1}{A better example}{section.4}% 60
\BOOKMARK [3][-]{subsubsection.4.1.1}{Main}{subsection.4.1}% 61
\BOOKMARK [3][-]{subsubsection.4.1.2}{Part}{subsection.4.1}% 62
\BOOKMARK [3][-]{subsubsection.4.1.3}{BibT.7exEX}{subsection.4.1}% 63
\BOOKMARK [3][-]{subsubsection.4.1.4}{Appendix}{subsection.4.1}% 64
\BOOKMARK [1][-]{section.5}{Known bugs and issues}{}% 65
\BOOKMARK [2][-]{subsection.5.1}{Hacks}{section.5}% 66
\BOOKMARK [2][-]{subsection.5.2}{Bugs}{section.5}% 67
