\BOOKMARK [-1][-]{Front Matter.-1}{Front Matter}{}% 1
\BOOKMARK [0][-]{Title Page.0}{Title Page}{Front Matter.-1}% 2
\BOOKMARK [0][-]{Copyright Page.0}{Copyright Page}{Front Matter.-1}% 3
\BOOKMARK [0][-]{Dedications.0}{Dedications}{Front Matter.-1}% 4
\BOOKMARK [0][-]{Acknowledgments.0}{Acknowledgments}{Front Matter.-1}% 5
\BOOKMARK [0][-]{Table of Contents.0}{Table of Contents}{Front Matter.-1}% 6
\BOOKMARK [0][-]{section*.4}{List of Tables}{Front Matter.-1}% 7
\BOOKMARK [0][-]{section*.5}{List of Figures}{Front Matter.-1}% 8
\BOOKMARK [0][-]{section*.6}{Abstract}{Front Matter.-1}% 9
\BOOKMARK [-1][-]{part.1}{A Part Heading}{}% 10
\BOOKMARK [0][-]{chapter.1}{A Chapter Heading}{part.1}% 11
\BOOKMARK [1][-]{section.1.1}{A Section Heading}{chapter.1}% 12
\BOOKMARK [2][-]{subsection.1.1.1}{natbib}{section.1.1}% 13
\BOOKMARK [-1][-]{part.2}{Another Part}{}% 14
\BOOKMARK [0][-]{chapter.2}{Another Chapter}{part.2}% 15
\BOOKMARK [0][-]{chapter.3}{A Long Title Bla Bla Bla Bla Bla Bla Bla Bla Bla Bla Bla Bla Bla Bla Bla Bla Bla Bla Bla Bla Bla Bla Bla Bla Bla Bla}{part.2}% 16
\BOOKMARK [-1][-]{Back Matter.-1}{Back Matter}{}% 17
\BOOKMARK [0][-]{section*.12}{Bibliography}{Back Matter.-1}% 18
\BOOKMARK [0][-]{appendix.A}{Some Appendix Heading}{Back Matter.-1}% 19
\BOOKMARK [0][-]{appendix.B}{Another Appendix Heading}{Back Matter.-1}% 20
\BOOKMARK [0][-]{section*.13}{Vita}{Back Matter.-1}% 21
