\BOOKMARK [-1][-]{Approval Form.-1}{Approval Form}{}% 1
\BOOKMARK [-1][-]{Front Matter.-1}{Front Matter}{}% 2
\BOOKMARK [0][-]{Title Page.0}{Title Page}{Front Matter.-1}% 3
\BOOKMARK [0][-]{Copyright Page.0}{Copyright Page}{Front Matter.-1}% 4
\BOOKMARK [0][-]{Dedications.0}{Dedications}{Front Matter.-1}% 5
\BOOKMARK [0][-]{Acknowledgments.0}{Acknowledgments}{Front Matter.-1}% 6
\BOOKMARK [0][-]{section*.3}{List of Figures}{Front Matter.-1}% 7
\BOOKMARK [0][-]{Table of Contents.0}{Table of Contents}{Front Matter.-1}% 8
\BOOKMARK [0][-]{section*.5}{Abstract}{Front Matter.-1}% 9
\BOOKMARK [-1][-]{Main Matter.-1}{Main Matter}{}% 10
\BOOKMARK [0][-]{chapter.1}{Introduction}{Main Matter.-1}% 11
\BOOKMARK [1][-]{section.1.1}{Initial Discovery}{chapter.1}% 12
\BOOKMARK [1][-]{section.1.2}{First Detection}{chapter.1}% 13
\BOOKMARK [1][-]{section.1.3}{The Solar Neutrino Problem}{chapter.1}% 14
\BOOKMARK [1][-]{section.1.4}{Resolution of the Solar Neutrino Problem}{chapter.1}% 15
\BOOKMARK [1][-]{section.1.5}{Neutrino Oscillation and the PMNS Matrix}{chapter.1}% 16
\BOOKMARK [1][-]{section.1.6}{Chapter Overview}{chapter.1}% 17
\BOOKMARK [0][-]{chapter.2}{Double Chooz: First Hints of 13}{Main Matter.-1}% 18
\BOOKMARK [1][-]{section.2.1}{The State of the PMNS Matrix}{chapter.2}% 19
\BOOKMARK [1][-]{section.2.2}{The Double Chooz Detectors}{chapter.2}% 20
\BOOKMARK [1][-]{section.2.3}{Experimental Setup}{chapter.2}% 21
\BOOKMARK [2][-]{subsection.2.3.1}{Alternate Analysis Tool}{section.2.3}% 22
\BOOKMARK [2][-]{subsection.2.3.2}{PMT Gain Calibration}{section.2.3}% 23
\BOOKMARK [1][-]{section.2.4}{Backgrounds}{chapter.2}% 24
\BOOKMARK [1][-]{section.2.5}{Simulation}{chapter.2}% 25
\BOOKMARK [2][-]{subsection.2.5.1}{Reactor Simulation}{section.2.5}% 26
\BOOKMARK [2][-]{subsection.2.5.2}{Detector Simulation}{section.2.5}% 27
\BOOKMARK [2][-]{subsection.2.5.3}{Signal Reconstruction}{section.2.5}% 28
\BOOKMARK [1][-]{section.2.6}{Results}{chapter.2}% 29
\BOOKMARK [0][-]{chapter.3}{The Articulated Arm System}{Main Matter.-1}% 30
\BOOKMARK [1][-]{section.3.1}{Description}{chapter.3}% 31
\BOOKMARK [2][-]{subsection.3.1.1}{Telescoping Segments}{section.3.1}% 32
\BOOKMARK [2][-]{subsection.3.1.2}{Articulating Segments}{section.3.1}% 33
\BOOKMARK [2][-]{subsection.3.1.3}{Drive Assembly}{section.3.1}% 34
\BOOKMARK [2][-]{subsection.3.1.4}{Secondary Safety Systems}{section.3.1}% 35
\BOOKMARK [2][-]{subsection.3.1.5}{Secondary Control System}{section.3.1}% 36
\BOOKMARK [2][-]{subsection.3.1.6}{Secondary Containment System}{section.3.1}% 37
\BOOKMARK [1][-]{section.3.2}{Development and Testing}{chapter.3}% 38
\BOOKMARK [2][-]{subsection.3.2.1}{Linearity Testing}{section.3.2}% 39
\BOOKMARK [2][-]{subsection.3.2.2}{Articulation Testing}{section.3.2}% 40
\BOOKMARK [2][-]{subsection.3.2.3}{Planar Motion}{section.3.2}% 41
\BOOKMARK [2][-]{subsection.3.2.4}{Liquid Pressure Validation}{section.3.2}% 42
\BOOKMARK [1][-]{section.3.3}{Simulation}{chapter.3}% 43
\BOOKMARK [2][-]{subsection.3.3.1}{AA Reconstruction Accuracy}{section.3.3}% 44
\BOOKMARK [2][-]{subsection.3.3.2}{AA Energy Effects}{section.3.3}% 45
\BOOKMARK [1][-]{section.3.4}{Current and Future Deployments}{chapter.3}% 46
\BOOKMARK [0][-]{chapter.4}{Paraphotons}{Main Matter.-1}% 47
\BOOKMARK [1][-]{section.4.1}{Theory and Motivation}{chapter.4}% 48
\BOOKMARK [1][-]{section.4.2}{Prior Searches}{chapter.4}% 49
\BOOKMARK [1][-]{section.4.3}{Analysis Overview}{chapter.4}% 50
\BOOKMARK [1][-]{section.4.4}{Expected Signal}{chapter.4}% 51
\BOOKMARK [1][-]{section.4.5}{Simulation}{chapter.4}% 52
\BOOKMARK [1][-]{section.4.6}{Analysis and Data Processing}{chapter.4}% 53
\BOOKMARK [2][-]{subsection.4.6.1}{Analysis Overview}{section.4.6}% 54
\BOOKMARK [2][-]{subsection.4.6.2}{Cuts}{section.4.6}% 55
\BOOKMARK [2][-]{subsection.4.6.3}{Data Processing}{section.4.6}% 56
\BOOKMARK [2][-]{subsection.4.6.4}{Off/Off Data Analysis}{section.4.6}% 57
\BOOKMARK [2][-]{subsection.4.6.5}{Sensitivity}{section.4.6}% 58
\BOOKMARK [2][-]{subsection.4.6.6}{Paraphoton Injected Sample}{section.4.6}% 59
\BOOKMARK [2][-]{subsection.4.6.7}{On/On and Final Fits}{section.4.6}% 60
\BOOKMARK [1][-]{section.4.7}{Future Work}{chapter.4}% 61
\BOOKMARK [1][-]{section.4.8}{Conclusion}{chapter.4}% 62
\BOOKMARK [-1][-]{Back Matter.-1}{Back Matter}{}% 63
\BOOKMARK [0][-]{section*.88}{Bibliography}{Back Matter.-1}% 64
