This is pdfTeX, Version 3.1415926-2.5-1.40.14 (TeX Live 2013) (format=pdflatex 2013.5.30)  3 NOV 2014 20:19
entering extended mode
 restricted \write18 enabled.
 %&-line parsing enabled.
**thesis.tex
(./thesis.tex
LaTeX2e <2011/06/27>
Babel <3.9f> and hyphenation patterns for 78 languages loaded.
(./drexel-thesis.cls
Document Class: drexel-thesis 2010/09/21\ 0.14\ Drexel Thesis
(/usr/local/texlive/2013/texmf-dist/tex/latex/xkeyval/xkeyval.sty
Package: xkeyval 2012/10/14 v2.6b package option processing (HA)

(/usr/local/texlive/2013/texmf-dist/tex/generic/xkeyval/xkeyval.tex
\XKV@toks=\toks14
\XKV@tempa@toks=\toks15
\XKV@depth=\count79
File: xkeyval.tex 2012/10/14 v2.6b key=value parser (HA)

(/usr/local/texlive/2013/texmf-dist/tex/generic/xkeyval/keyval.tex)))
(/usr/local/texlive/2013/texmf-dist/tex/latex/base/book.cls
Document Class: book 2007/10/19 v1.4h Standard LaTeX document class
(/usr/local/texlive/2013/texmf-dist/tex/latex/base/bk10.clo
File: bk10.clo 2007/10/19 v1.4h Standard LaTeX file (size option)
)
\c@part=\count80
\c@chapter=\count81
\c@section=\count82
\c@subsection=\count83
\c@subsubsection=\count84
\c@paragraph=\count85
\c@subparagraph=\count86
\c@figure=\count87
\c@table=\count88
\abovecaptionskip=\skip41
\belowcaptionskip=\skip42
\bibindent=\dimen102
)
(/usr/local/texlive/2013/texmf-dist/tex/latex/setspace/setspace.sty
Package: setspace 2011/12/19 v6.7a set line spacing
)
(/usr/local/texlive/2013/texmf-dist/tex/latex/tools/calc.sty
Package: calc 2007/08/22 v4.3 Infix arithmetic (KKT,FJ)
\calc@Acount=\count89
\calc@Bcount=\count90
\calc@Adimen=\dimen103
\calc@Bdimen=\dimen104
\calc@Askip=\skip43
\calc@Bskip=\skip44
LaTeX Info: Redefining \setlength on input line 76.
LaTeX Info: Redefining \addtolength on input line 77.
\calc@Ccount=\count91
\calc@Cskip=\skip45
)
(/usr/local/texlive/2013/texmf-dist/tex/latex/graphics/graphicx.sty
Package: graphicx 1999/02/16 v1.0f Enhanced LaTeX Graphics (DPC,SPQR)

(/usr/local/texlive/2013/texmf-dist/tex/latex/graphics/graphics.sty
Package: graphics 2009/02/05 v1.0o Standard LaTeX Graphics (DPC,SPQR)

(/usr/local/texlive/2013/texmf-dist/tex/latex/graphics/trig.sty
Package: trig 1999/03/16 v1.09 sin cos tan (DPC)
)
(/usr/local/texlive/2013/texmf-dist/tex/latex/latexconfig/graphics.cfg
File: graphics.cfg 2010/04/23 v1.9 graphics configuration of TeX Live
)
Package graphics Info: Driver file: pdftex.def on input line 91.

(/usr/local/texlive/2013/texmf-dist/tex/latex/pdftex-def/pdftex.def
File: pdftex.def 2011/05/27 v0.06d Graphics/color for pdfTeX

(/usr/local/texlive/2013/texmf-dist/tex/generic/oberdiek/infwarerr.sty
Package: infwarerr 2010/04/08 v1.3 Providing info/warning/error messages (HO)
)
(/usr/local/texlive/2013/texmf-dist/tex/generic/oberdiek/ltxcmds.sty
Package: ltxcmds 2011/11/09 v1.22 LaTeX kernel commands for general use (HO)
)
\Gread@gobject=\count92
))
\Gin@req@height=\dimen105
\Gin@req@width=\dimen106
)
(/usr/local/texlive/2013/texmf-dist/tex/latex/geometry/geometry.sty
Package: geometry 2010/09/12 v5.6 Page Geometry

(/usr/local/texlive/2013/texmf-dist/tex/generic/oberdiek/ifpdf.sty
Package: ifpdf 2011/01/30 v2.3 Provides the ifpdf switch (HO)
Package ifpdf Info: pdfTeX in PDF mode is detected.
)
(/usr/local/texlive/2013/texmf-dist/tex/generic/oberdiek/ifvtex.sty
Package: ifvtex 2010/03/01 v1.5 Detect VTeX and its facilities (HO)
Package ifvtex Info: VTeX not detected.
)
(/usr/local/texlive/2013/texmf-dist/tex/generic/ifxetex/ifxetex.sty
Package: ifxetex 2010/09/12 v0.6 Provides ifxetex conditional
)
\Gm@cnth=\count93
\Gm@cntv=\count94
\c@Gm@tempcnt=\count95
\Gm@bindingoffset=\dimen107
\Gm@wd@mp=\dimen108
\Gm@odd@mp=\dimen109
\Gm@even@mp=\dimen110
\Gm@layoutwidth=\dimen111
\Gm@layoutheight=\dimen112
\Gm@layouthoffset=\dimen113
\Gm@layoutvoffset=\dimen114
\Gm@dimlist=\toks16
)
(/usr/local/texlive/2013/texmf-dist/tex/latex/tocloft/tocloft.sty
Package: tocloft 2013/05/02 v2.3f parameterised ToC, etc., typesetting
Package tocloft Info: The document has chapter divisions on input line 44.
\cftparskip=\skip46
\cftbeforetoctitleskip=\skip47
\cftaftertoctitleskip=\skip48
\cftbeforepartskip=\skip49
\cftpartnumwidth=\skip50
\cftpartindent=\skip51
\cftbeforechapskip=\skip52
\cftchapindent=\skip53
\cftchapnumwidth=\skip54
\cftbeforesecskip=\skip55
\cftsecindent=\skip56
\cftsecnumwidth=\skip57
\cftbeforesubsecskip=\skip58
\cftsubsecindent=\skip59
\cftsubsecnumwidth=\skip60
\cftbeforesubsubsecskip=\skip61
\cftsubsubsecindent=\skip62
\cftsubsubsecnumwidth=\skip63
\cftbeforeparaskip=\skip64
\cftparaindent=\skip65
\cftparanumwidth=\skip66
\cftbeforesubparaskip=\skip67
\cftsubparaindent=\skip68
\cftsubparanumwidth=\skip69
\cftbeforeloftitleskip=\skip70
\cftafterloftitleskip=\skip71
\cftbeforefigskip=\skip72
\cftfigindent=\skip73
\cftfignumwidth=\skip74
\cftbeforelottitleskip=\skip75
\cftafterlottitleskip=\skip76
\cftbeforetabskip=\skip77
\cfttabindent=\skip78
\cfttabnumwidth=\skip79
\cftbeforesubfigskip=\skip80
\cftsubfigindent=\skip81
\cftsubfignumwidth=\skip82
\cftbeforesubtabskip=\skip83
\cftsubtabindent=\skip84
\cftsubtabnumwidth=\skip85
)
(/usr/local/texlive/2013/texmf-dist/tex/latex/caption/caption.sty
Package: caption 2013/05/02 v3.3-89 Customizing captions (AR)

(/usr/local/texlive/2013/texmf-dist/tex/latex/caption/caption3.sty
Package: caption3 2013/05/02 v1.6-88 caption3 kernel (AR)
Package caption3 Info: TeX engine: e-TeX on input line 57.
\captionmargin=\dimen115
\captionmargin@=\dimen116
\captionwidth=\dimen117
\caption@tempdima=\dimen118
\caption@indent=\dimen119
\caption@parindent=\dimen120
\caption@hangindent=\dimen121
)
\c@ContinuedFloat=\count96
)
(/usr/local/texlive/2013/texmf-dist/tex/latex/floatrow/floatrow.sty
Package: floatrow 2008/08/02 v0.3b floatrow: float package extension
\c@float@type=\count97
\float@exts=\toks17
\float@box=\box26
\@floatcapt=\box27
Package floatrow Info: Modified float package code loaded on input line 455.
Package floatrow Info: Modified rotfloat package code loaded on input line 473.

\FR@everyfloat=\toks18
\flrow@foot=\insert233
\FB@wd=\dimen122
\FBo@wd=\dimen123
\FBc@wd=\dimen124
\FBo@ht=\skip86
\FBc@ht=\skip87
\FBf@ht=\skip88
\FBo@max=\skip89
\FBc@max=\skip90
\FBf@max=\skip91
\c@FBl@b=\count98
\floatbox@depth=\count99
\c@FRobj=\count100
\c@FRsobj=\count101
\Xhsize=\skip92
\sXhsize=\skip93
\Zhsize=\skip94
\sZhsize=\skip95
\flrow@rowbox=\box28
\FR@Zunitlength=\dimen125
\c@FBcnt=\count102
\FPOScnt=\count103
\LTleft=\skip96
\LTright=\skip97
\LTleft=\skip98
\LTright=\skip99
\flrow@types=\toks19
)
(/usr/local/texlive/2013/texmf-dist/tex/latex/floatrow/fr-subfig.sty
Package: fr-subfig 2007/12/24 v0.1g (beta) floatrow: additions for subfig


Package fr-subfig Warning: The additions cooperated with 
(fr-subfig)                version `2005/06/28 ver: 1.3' of package subfig,
(fr-subfig)                but only version
(fr-subfig)                \ver@subfig.sty '
(fr-subfig)                is available on input line 34.

\FBsc@max=\skip100
\FBso@max=\skip101
) (/usr/local/texlive/2013/texmf-dist/tex/latex/subfig/subfig.sty
Package: subfig 2005/06/28 ver: 1.3 subfig package
\c@KVtest=\count104
\sf@farskip=\skip102
\sf@captopadj=\dimen126
\sf@capskip=\skip103
\sf@nearskip=\skip104
\c@subfigure=\count105
\c@subfigure@save=\count106
\c@lofdepth=\count107
\c@subtable=\count108
\c@subtable@save=\count109
\c@lotdepth=\count110
\sf@top=\skip105
\sf@bottom=\skip106
)
(/usr/local/texlive/2013/texmf-dist/tex/latex/fancyhdr/fancyhdr.sty
\fancy@headwidth=\skip107
\f@ncyO@elh=\skip108
\f@ncyO@erh=\skip109
\f@ncyO@olh=\skip110
\f@ncyO@orh=\skip111
\f@ncyO@elf=\skip112
\f@ncyO@erf=\skip113
\f@ncyO@olf=\skip114
\f@ncyO@orf=\skip115
)

Package Fancyhdr Warning: \fancyfoot's `E' option without twoside option is use
less on input line 581.


Package Fancyhdr Warning: \fancyfoot's `E' option without twoside option is use
less on input line 582.


Package Fancyhdr Warning: \fancyhead's `E' option without twoside option is use
less on input line 583.

(/usr/local/texlive/2013/texmf-dist/tex/latex/pgf/frontendlayer/tikz.sty
(/usr/local/texlive/2013/texmf-dist/tex/latex/pgf/basiclayer/pgf.sty
(/usr/local/texlive/2013/texmf-dist/tex/latex/pgf/utilities/pgfrcs.sty
(/usr/local/texlive/2013/texmf-dist/tex/generic/pgf/utilities/pgfutil-common.te
x
\pgfutil@everybye=\toks20
)
(/usr/local/texlive/2013/texmf-dist/tex/generic/pgf/utilities/pgfutil-latex.def
\pgfutil@abb=\box29
(/usr/local/texlive/2013/texmf-dist/tex/latex/ms/everyshi.sty
Package: everyshi 2001/05/15 v3.00 EveryShipout Package (MS)
))
(/usr/local/texlive/2013/texmf-dist/tex/generic/pgf/utilities/pgfrcs.code.tex
Package: pgfrcs 2010/10/25 v2.10 (rcs-revision 1.24)
))
Package: pgf 2008/01/15 v2.10 (rcs-revision 1.12)
(/usr/local/texlive/2013/texmf-dist/tex/latex/pgf/basiclayer/pgfcore.sty
(/usr/local/texlive/2013/texmf-dist/tex/latex/pgf/systemlayer/pgfsys.sty
(/usr/local/texlive/2013/texmf-dist/tex/generic/pgf/systemlayer/pgfsys.code.tex
Package: pgfsys 2010/06/30 v2.10 (rcs-revision 1.37)
(/usr/local/texlive/2013/texmf-dist/tex/generic/pgf/utilities/pgfkeys.code.tex
\pgfkeys@pathtoks=\toks21
\pgfkeys@temptoks=\toks22

(/usr/local/texlive/2013/texmf-dist/tex/generic/pgf/utilities/pgfkeysfiltered.c
ode.tex
\pgfkeys@tmptoks=\toks23
))
\pgf@x=\dimen127
\pgf@y=\dimen128
\pgf@xa=\dimen129
\pgf@ya=\dimen130
\pgf@xb=\dimen131
\pgf@yb=\dimen132
\pgf@xc=\dimen133
\pgf@yc=\dimen134
\w@pgf@writea=\write3
\r@pgf@reada=\read1
\c@pgf@counta=\count111
\c@pgf@countb=\count112
\c@pgf@countc=\count113
\c@pgf@countd=\count114

(/usr/local/texlive/2013/texmf-dist/tex/generic/pgf/systemlayer/pgf.cfg
File: pgf.cfg 2008/05/14  (rcs-revision 1.7)
)
Package pgfsys Info: Driver file for pgf: pgfsys-pdftex.def on input line 900.

(/usr/local/texlive/2013/texmf-dist/tex/generic/pgf/systemlayer/pgfsys-pdftex.d
ef
File: pgfsys-pdftex.def 2009/05/22  (rcs-revision 1.26)

(/usr/local/texlive/2013/texmf-dist/tex/generic/pgf/systemlayer/pgfsys-common-p
df.def
File: pgfsys-common-pdf.def 2008/05/19  (rcs-revision 1.10)
)))
(/usr/local/texlive/2013/texmf-dist/tex/generic/pgf/systemlayer/pgfsyssoftpath.
code.tex
File: pgfsyssoftpath.code.tex 2008/07/18  (rcs-revision 1.7)
\pgfsyssoftpath@smallbuffer@items=\count115
\pgfsyssoftpath@bigbuffer@items=\count116
)
(/usr/local/texlive/2013/texmf-dist/tex/generic/pgf/systemlayer/pgfsysprotocol.
code.tex
File: pgfsysprotocol.code.tex 2006/10/16  (rcs-revision 1.4)
)) (/usr/local/texlive/2013/texmf-dist/tex/latex/xcolor/xcolor.sty
Package: xcolor 2007/01/21 v2.11 LaTeX color extensions (UK)

(/usr/local/texlive/2013/texmf-dist/tex/latex/latexconfig/color.cfg
File: color.cfg 2007/01/18 v1.5 color configuration of teTeX/TeXLive
)
Package xcolor Info: Driver file: pdftex.def on input line 225.
Package xcolor Info: Model `cmy' substituted by `cmy0' on input line 1337.
Package xcolor Info: Model `hsb' substituted by `rgb' on input line 1341.
Package xcolor Info: Model `RGB' extended on input line 1353.
Package xcolor Info: Model `HTML' substituted by `rgb' on input line 1355.
Package xcolor Info: Model `Hsb' substituted by `hsb' on input line 1356.
Package xcolor Info: Model `tHsb' substituted by `hsb' on input line 1357.
Package xcolor Info: Model `HSB' substituted by `hsb' on input line 1358.
Package xcolor Info: Model `Gray' substituted by `gray' on input line 1359.
Package xcolor Info: Model `wave' substituted by `hsb' on input line 1360.
)
(/usr/local/texlive/2013/texmf-dist/tex/generic/pgf/basiclayer/pgfcore.code.tex
Package: pgfcore 2010/04/11 v2.10 (rcs-revision 1.7)
(/usr/local/texlive/2013/texmf-dist/tex/generic/pgf/math/pgfmath.code.tex
(/usr/local/texlive/2013/texmf-dist/tex/generic/pgf/math/pgfmathcalc.code.tex
(/usr/local/texlive/2013/texmf-dist/tex/generic/pgf/math/pgfmathutil.code.tex)
(/usr/local/texlive/2013/texmf-dist/tex/generic/pgf/math/pgfmathparser.code.tex
\pgfmath@dimen=\dimen135
\pgfmath@count=\count117
\pgfmath@box=\box30
\pgfmath@toks=\toks24
\pgfmath@stack@operand=\toks25
\pgfmath@stack@operation=\toks26
)
(/usr/local/texlive/2013/texmf-dist/tex/generic/pgf/math/pgfmathfunctions.code.
tex
(/usr/local/texlive/2013/texmf-dist/tex/generic/pgf/math/pgfmathfunctions.basic
.code.tex)
(/usr/local/texlive/2013/texmf-dist/tex/generic/pgf/math/pgfmathfunctions.trigo
nometric.code.tex)
(/usr/local/texlive/2013/texmf-dist/tex/generic/pgf/math/pgfmathfunctions.rando
m.code.tex)
(/usr/local/texlive/2013/texmf-dist/tex/generic/pgf/math/pgfmathfunctions.compa
rison.code.tex)
(/usr/local/texlive/2013/texmf-dist/tex/generic/pgf/math/pgfmathfunctions.base.
code.tex)
(/usr/local/texlive/2013/texmf-dist/tex/generic/pgf/math/pgfmathfunctions.round
.code.tex)
(/usr/local/texlive/2013/texmf-dist/tex/generic/pgf/math/pgfmathfunctions.misc.
code.tex)))
(/usr/local/texlive/2013/texmf-dist/tex/generic/pgf/math/pgfmathfloat.code.tex
\c@pgfmathroundto@lastzeros=\count118
))
(/usr/local/texlive/2013/texmf-dist/tex/generic/pgf/basiclayer/pgfcorepoints.co
de.tex
File: pgfcorepoints.code.tex 2010/04/09  (rcs-revision 1.20)
\pgf@picminx=\dimen136
\pgf@picmaxx=\dimen137
\pgf@picminy=\dimen138
\pgf@picmaxy=\dimen139
\pgf@pathminx=\dimen140
\pgf@pathmaxx=\dimen141
\pgf@pathminy=\dimen142
\pgf@pathmaxy=\dimen143
\pgf@xx=\dimen144
\pgf@xy=\dimen145
\pgf@yx=\dimen146
\pgf@yy=\dimen147
\pgf@zx=\dimen148
\pgf@zy=\dimen149
)
(/usr/local/texlive/2013/texmf-dist/tex/generic/pgf/basiclayer/pgfcorepathconst
ruct.code.tex
File: pgfcorepathconstruct.code.tex 2010/08/03  (rcs-revision 1.24)
\pgf@path@lastx=\dimen150
\pgf@path@lasty=\dimen151
)
(/usr/local/texlive/2013/texmf-dist/tex/generic/pgf/basiclayer/pgfcorepathusage
.code.tex
File: pgfcorepathusage.code.tex 2008/04/22  (rcs-revision 1.12)
\pgf@shorten@end@additional=\dimen152
\pgf@shorten@start@additional=\dimen153
)
(/usr/local/texlive/2013/texmf-dist/tex/generic/pgf/basiclayer/pgfcorescopes.co
de.tex
File: pgfcorescopes.code.tex 2010/09/08  (rcs-revision 1.34)
\pgfpic=\box31
\pgf@hbox=\box32
\pgf@layerbox@main=\box33
\pgf@picture@serial@count=\count119
)
(/usr/local/texlive/2013/texmf-dist/tex/generic/pgf/basiclayer/pgfcoregraphicst
ate.code.tex
File: pgfcoregraphicstate.code.tex 2008/04/22  (rcs-revision 1.9)
\pgflinewidth=\dimen154
)
(/usr/local/texlive/2013/texmf-dist/tex/generic/pgf/basiclayer/pgfcoretransform
ations.code.tex
File: pgfcoretransformations.code.tex 2009/06/10  (rcs-revision 1.11)
\pgf@pt@x=\dimen155
\pgf@pt@y=\dimen156
\pgf@pt@temp=\dimen157
)
(/usr/local/texlive/2013/texmf-dist/tex/generic/pgf/basiclayer/pgfcorequick.cod
e.tex
File: pgfcorequick.code.tex 2008/10/09  (rcs-revision 1.3)
)
(/usr/local/texlive/2013/texmf-dist/tex/generic/pgf/basiclayer/pgfcoreobjects.c
ode.tex
File: pgfcoreobjects.code.tex 2006/10/11  (rcs-revision 1.2)
)
(/usr/local/texlive/2013/texmf-dist/tex/generic/pgf/basiclayer/pgfcorepathproce
ssing.code.tex
File: pgfcorepathprocessing.code.tex 2008/10/09  (rcs-revision 1.8)
)
(/usr/local/texlive/2013/texmf-dist/tex/generic/pgf/basiclayer/pgfcorearrows.co
de.tex
File: pgfcorearrows.code.tex 2008/04/23  (rcs-revision 1.11)
)
(/usr/local/texlive/2013/texmf-dist/tex/generic/pgf/basiclayer/pgfcoreshade.cod
e.tex
File: pgfcoreshade.code.tex 2008/11/23  (rcs-revision 1.13)
\pgf@max=\dimen158
\pgf@sys@shading@range@num=\count120
)
(/usr/local/texlive/2013/texmf-dist/tex/generic/pgf/basiclayer/pgfcoreimage.cod
e.tex
File: pgfcoreimage.code.tex 2010/03/25  (rcs-revision 1.16)

(/usr/local/texlive/2013/texmf-dist/tex/generic/pgf/basiclayer/pgfcoreexternal.
code.tex
File: pgfcoreexternal.code.tex 2010/09/01  (rcs-revision 1.17)
\pgfexternal@startupbox=\box34
))
(/usr/local/texlive/2013/texmf-dist/tex/generic/pgf/basiclayer/pgfcorelayers.co
de.tex
File: pgfcorelayers.code.tex 2010/08/27  (rcs-revision 1.2)
)
(/usr/local/texlive/2013/texmf-dist/tex/generic/pgf/basiclayer/pgfcoretranspare
ncy.code.tex
File: pgfcoretransparency.code.tex 2008/01/17  (rcs-revision 1.2)
)
(/usr/local/texlive/2013/texmf-dist/tex/generic/pgf/basiclayer/pgfcorepatterns.
code.tex
File: pgfcorepatterns.code.tex 2009/07/02  (rcs-revision 1.3)
)))
(/usr/local/texlive/2013/texmf-dist/tex/generic/pgf/modules/pgfmoduleshapes.cod
e.tex
File: pgfmoduleshapes.code.tex 2010/09/09  (rcs-revision 1.13)
\pgfnodeparttextbox=\box35
)
(/usr/local/texlive/2013/texmf-dist/tex/generic/pgf/modules/pgfmoduleplot.code.
tex
File: pgfmoduleplot.code.tex 2010/10/22  (rcs-revision 1.8)
)
(/usr/local/texlive/2013/texmf-dist/tex/latex/pgf/compatibility/pgfcomp-version
-0-65.sty
Package: pgfcomp-version-0-65 2007/07/03 v2.10 (rcs-revision 1.7)
\pgf@nodesepstart=\dimen159
\pgf@nodesepend=\dimen160
)
(/usr/local/texlive/2013/texmf-dist/tex/latex/pgf/compatibility/pgfcomp-version
-1-18.sty
Package: pgfcomp-version-1-18 2007/07/23 v2.10 (rcs-revision 1.1)
))
(/usr/local/texlive/2013/texmf-dist/tex/latex/pgf/utilities/pgffor.sty
(/usr/local/texlive/2013/texmf-dist/tex/latex/pgf/utilities/pgfkeys.sty
(/usr/local/texlive/2013/texmf-dist/tex/generic/pgf/utilities/pgfkeys.code.tex)
) (/usr/local/texlive/2013/texmf-dist/tex/generic/pgf/utilities/pgffor.code.tex
Package: pgffor 2010/03/23 v2.10 (rcs-revision 1.18)
\pgffor@iter=\dimen161
\pgffor@skip=\dimen162
\pgffor@stack=\toks27
\pgffor@toks=\toks28
))
(/usr/local/texlive/2013/texmf-dist/tex/generic/pgf/frontendlayer/tikz/tikz.cod
e.tex
Package: tikz 2010/10/13 v2.10 (rcs-revision 1.76)

(/usr/local/texlive/2013/texmf-dist/tex/generic/pgf/libraries/pgflibraryplothan
dlers.code.tex
File: pgflibraryplothandlers.code.tex 2010/05/31 v2.10 (rcs-revision 1.15)
\pgf@plot@mark@count=\count121
\pgfplotmarksize=\dimen163
)
\tikz@lastx=\dimen164
\tikz@lasty=\dimen165
\tikz@lastxsaved=\dimen166
\tikz@lastysaved=\dimen167
\tikzleveldistance=\dimen168
\tikzsiblingdistance=\dimen169
\tikz@figbox=\box36
\tikz@tempbox=\box37
\tikztreelevel=\count122
\tikznumberofchildren=\count123
\tikznumberofcurrentchild=\count124
\tikz@fig@count=\count125

(/usr/local/texlive/2013/texmf-dist/tex/generic/pgf/modules/pgfmodulematrix.cod
e.tex
File: pgfmodulematrix.code.tex 2010/08/24  (rcs-revision 1.4)
\pgfmatrixcurrentrow=\count126
\pgfmatrixcurrentcolumn=\count127
\pgf@matrix@numberofcolumns=\count128
)
\tikz@expandcount=\count129

(/usr/local/texlive/2013/texmf-dist/tex/generic/pgf/frontendlayer/tikz/librarie
s/tikzlibrarytopaths.code.tex
File: tikzlibrarytopaths.code.tex 2008/06/17 v2.10 (rcs-revision 1.2)
)))
\c@@DUT@advisors=\count130
\@DUT@baselineskip=\skip116
\@DUT@blanklines@length=\skip117

(/usr/local/texlive/2013/texmf-dist/tex/latex/hyperref/hyperref.sty
Package: hyperref 2012/11/06 v6.83m Hypertext links for LaTeX

(/usr/local/texlive/2013/texmf-dist/tex/generic/oberdiek/hobsub-hyperref.sty
Package: hobsub-hyperref 2012/05/28 v1.13 Bundle oberdiek, subset hyperref (HO)


(/usr/local/texlive/2013/texmf-dist/tex/generic/oberdiek/hobsub-generic.sty
Package: hobsub-generic 2012/05/28 v1.13 Bundle oberdiek, subset generic (HO)
Package: hobsub 2012/05/28 v1.13 Construct package bundles (HO)
Package hobsub Info: Skipping package `infwarerr' (already loaded).
Package hobsub Info: Skipping package `ltxcmds' (already loaded).
Package: ifluatex 2010/03/01 v1.3 Provides the ifluatex switch (HO)
Package ifluatex Info: LuaTeX not detected.
Package hobsub Info: Skipping package `ifvtex' (already loaded).
Package: intcalc 2007/09/27 v1.1 Expandable calculations with integers (HO)
Package hobsub Info: Skipping package `ifpdf' (already loaded).
Package: etexcmds 2011/02/16 v1.5 Avoid name clashes with e-TeX commands (HO)
Package etexcmds Info: Could not find \expanded.
(etexcmds)             That can mean that you are not using pdfTeX 1.50 or
(etexcmds)             that some package has redefined \expanded.
(etexcmds)             In the latter case, load this package earlier.
Package: kvsetkeys 2012/04/25 v1.16 Key value parser (HO)
Package: kvdefinekeys 2011/04/07 v1.3 Define keys (HO)
Package: pdftexcmds 2011/11/29 v0.20 Utility functions of pdfTeX for LuaTeX (HO
)
Package pdftexcmds Info: LuaTeX not detected.
Package pdftexcmds Info: \pdf@primitive is available.
Package pdftexcmds Info: \pdf@ifprimitive is available.
Package pdftexcmds Info: \pdfdraftmode found.
Package: pdfescape 2011/11/25 v1.13 Implements pdfTeX's escape features (HO)
Package: bigintcalc 2012/04/08 v1.3 Expandable calculations on big integers (HO
)
Package: bitset 2011/01/30 v1.1 Handle bit-vector datatype (HO)
Package: uniquecounter 2011/01/30 v1.2 Provide unlimited unique counter (HO)
)
Package hobsub Info: Skipping package `hobsub' (already loaded).
Package: letltxmacro 2010/09/02 v1.4 Let assignment for LaTeX macros (HO)
Package: hopatch 2012/05/28 v1.2 Wrapper for package hooks (HO)
Package: xcolor-patch 2011/01/30 xcolor patch
Package: atveryend 2011/06/30 v1.8 Hooks at the very end of document (HO)
Package atveryend Info: \enddocument detected (standard20110627).
Package: atbegshi 2011/10/05 v1.16 At begin shipout hook (HO)
Package: refcount 2011/10/16 v3.4 Data extraction from label references (HO)
Package: hycolor 2011/01/30 v1.7 Color options for hyperref/bookmark (HO)
)
(/usr/local/texlive/2013/texmf-dist/tex/latex/oberdiek/auxhook.sty
Package: auxhook 2011/03/04 v1.3 Hooks for auxiliary files (HO)
)
(/usr/local/texlive/2013/texmf-dist/tex/latex/oberdiek/kvoptions.sty
Package: kvoptions 2011/06/30 v3.11 Key value format for package options (HO)
)
\@linkdim=\dimen170
\Hy@linkcounter=\count131
\Hy@pagecounter=\count132

(/usr/local/texlive/2013/texmf-dist/tex/latex/hyperref/pd1enc.def
File: pd1enc.def 2012/11/06 v6.83m Hyperref: PDFDocEncoding definition (HO)
)
\Hy@SavedSpaceFactor=\count133

(/usr/local/texlive/2013/texmf-dist/tex/latex/latexconfig/hyperref.cfg
File: hyperref.cfg 2002/06/06 v1.2 hyperref configuration of TeXLive
)
Package hyperref Info: Option `final' set `true' on input line 4319.
Package hyperref Info: Hyper figures OFF on input line 4443.
Package hyperref Info: Link nesting OFF on input line 4448.
Package hyperref Info: Hyper index ON on input line 4451.
Package hyperref Info: Plain pages OFF on input line 4458.
Package hyperref Info: Backreferencing OFF on input line 4463.
Package hyperref Info: Implicit mode ON; LaTeX internals redefined.
Package hyperref Info: Bookmarks ON on input line 4688.
\c@Hy@tempcnt=\count134

(/usr/local/texlive/2013/texmf-dist/tex/latex/url/url.sty
\Urlmuskip=\muskip10
Package: url 2006/04/12  ver 3.3  Verb mode for urls, etc.
)
LaTeX Info: Redefining \url on input line 5041.
\XeTeXLinkMargin=\dimen171
\Fld@menulength=\count135
\Field@Width=\dimen172
\Fld@charsize=\dimen173
Package hyperref Info: Hyper figures OFF on input line 6295.
Package hyperref Info: Link nesting OFF on input line 6300.
Package hyperref Info: Hyper index ON on input line 6303.
Package hyperref Info: backreferencing OFF on input line 6310.
Package hyperref Info: Link coloring OFF on input line 6315.
Package hyperref Info: Link coloring with OCG OFF on input line 6320.
Package hyperref Info: PDF/A mode OFF on input line 6325.
LaTeX Info: Redefining \ref on input line 6365.
LaTeX Info: Redefining \pageref on input line 6369.
\Hy@abspage=\count136
\c@Item=\count137
\c@Hfootnote=\count138
)

Package hyperref Message: Driver (autodetected): hpdftex.

(/usr/local/texlive/2013/texmf-dist/tex/latex/hyperref/hpdftex.def
File: hpdftex.def 2012/11/06 v6.83m Hyperref driver for pdfTeX
\Fld@listcount=\count139
\c@bookmark@seq@number=\count140

(/usr/local/texlive/2013/texmf-dist/tex/latex/oberdiek/rerunfilecheck.sty
Package: rerunfilecheck 2011/04/15 v1.7 Rerun checks for auxiliary files (HO)
Package uniquecounter Info: New unique counter `rerunfilecheck' on input line 2
82.
)
\Hy@SectionHShift=\skip118
)
Package hyperref Info: Option `colorlinks' set `true' on input line 730.

(/usr/local/texlive/2013/texmf-dist/tex/latex/oberdiek/hypcap.sty
Package: hypcap 2011/02/16 v1.11 Adjusting the anchors of captions (HO)
)
\l@DUT@toc@sep=\skip119
)
(/usr/local/texlive/2013/texmf-dist/tex/latex/tools/verbatim.sty
Package: verbatim 2003/08/22 v1.5q LaTeX2e package for verbatim enhancements
\every@verbatim=\toks29
\verbatim@line=\toks30
\verbatim@in@stream=\read2
)
(/usr/local/texlive/2013/texmf-dist/tex/latex/amsmath/amsmath.sty
Package: amsmath 2013/01/14 v2.14 AMS math features
\@mathmargin=\skip120

For additional information on amsmath, use the `?' option.
(/usr/local/texlive/2013/texmf-dist/tex/latex/amsmath/amstext.sty
Package: amstext 2000/06/29 v2.01

(/usr/local/texlive/2013/texmf-dist/tex/latex/amsmath/amsgen.sty
File: amsgen.sty 1999/11/30 v2.0
\@emptytoks=\toks31
\ex@=\dimen174
))
(/usr/local/texlive/2013/texmf-dist/tex/latex/amsmath/amsbsy.sty
Package: amsbsy 1999/11/29 v1.2d
\pmbraise@=\dimen175
)
(/usr/local/texlive/2013/texmf-dist/tex/latex/amsmath/amsopn.sty
Package: amsopn 1999/12/14 v2.01 operator names
)
\inf@bad=\count141
LaTeX Info: Redefining \frac on input line 210.
\uproot@=\count142
\leftroot@=\count143
LaTeX Info: Redefining \overline on input line 306.
\classnum@=\count144
\DOTSCASE@=\count145
LaTeX Info: Redefining \ldots on input line 378.
LaTeX Info: Redefining \dots on input line 381.
LaTeX Info: Redefining \cdots on input line 466.
\Mathstrutbox@=\box38
\strutbox@=\box39
\big@size=\dimen176
LaTeX Font Info:    Redeclaring font encoding OML on input line 566.
LaTeX Font Info:    Redeclaring font encoding OMS on input line 567.
\macc@depth=\count146
\c@MaxMatrixCols=\count147
\dotsspace@=\muskip11
\c@parentequation=\count148
\dspbrk@lvl=\count149
\tag@help=\toks32
\row@=\count150
\column@=\count151
\maxfields@=\count152
\andhelp@=\toks33
\eqnshift@=\dimen177
\alignsep@=\dimen178
\tagshift@=\dimen179
\tagwidth@=\dimen180
\totwidth@=\dimen181
\lineht@=\dimen182
\@envbody=\toks34
\multlinegap=\skip121
\multlinetaggap=\skip122
\mathdisplay@stack=\toks35
LaTeX Info: Redefining \[ on input line 2665.
LaTeX Info: Redefining \] on input line 2666.
)
(/usr/local/texlive/2013/texmf-dist/tex/latex/amscls/amsthm.sty
Package: amsthm 2004/08/06 v2.20
\thm@style=\toks36
\thm@bodyfont=\toks37
\thm@headfont=\toks38
\thm@notefont=\toks39
\thm@headpunct=\toks40
\thm@preskip=\skip123
\thm@postskip=\skip124
\thm@headsep=\skip125
\dth@everypar=\toks41
)
(/usr/local/texlive/2013/texmf-dist/tex/latex/tools/array.sty
Package: array 2008/09/09 v2.4c Tabular extension package (FMi)
\col@sep=\dimen183
\extrarowheight=\dimen184
\NC@list=\toks42
\extratabsurround=\skip126
\backup@length=\skip127
)
(/usr/local/texlive/2013/texmf-dist/tex/latex/doublestroke/dsfont.sty
Package: dsfont 1995/08/01 v0.1 Double stroke roman fonts
)
(/usr/local/texlive/2013/texmf-dist/tex/latex/placeins/placeins.sty
Package: placeins 2005/04/18  v 2.2
)
(/usr/local/texlive/2013/texmf-dist/tex/latex/fncychap/fncychap.sty
Package: fncychap 2007/07/30 v1.34 LaTeX package (Revised chapters)
\RW=\skip128
\mylen=\skip129
\myhi=\skip130
\px=\skip131
\py=\skip132
\pyy=\skip133
\pxx=\skip134
)
(./tkz-berge.sty
Package: tkz-berge 13/01/2009 v 2.8 tkz-berge for named graphs
 (./tkz-graph.sty
Package: tkz-graph 18/11/2008 v 2.7d base for graphs

(/usr/local/texlive/2013/texmf-dist/tex/latex/etex-pkg/etex.sty
Package: etex 1998/03/26 v2.0 eTeX basic definition package (PEB)
\et@xins=\count153
)
(/usr/local/texlive/2013/texmf-dist/tex/latex/base/ifthen.sty
Package: ifthen 2001/05/26 v1.1c Standard LaTeX ifthen package (DPC)
)
\c@tkzb@ca=\count154
\c@tkzb@cb=\count155
\c@tkzb@cc=\count156
\c@tkzb@v=\count157
\c@tkzb@cd=\count158
\c@tkzb@ce=\count159
\c@tkzb@cf=\count160
\c@tkzb@temp=\count161
\c@tkzb@int=\count162
\c@tkzb@next=\count163
\c@tkzb@ta=\count164
\c@tkzb@tb=\count165
\node@distance=\dimen185
)
(./tkz-arith.sty
Package: tkz-arith 2010/04/16 v0.93c integers numbers
 (./tkz-arith.tex
\tkz@prim@a=\count166
\tkz@prim@b=\count167
\tkzprim@a=\count168
\tkzprim@b=\count169
\tkzprim@r=\count170
\tkzprim@q=\count171
\tkzprim@n=\count172
\tkzprim@d=\count173
\tkzprim@last=\count174
\NbOfPrimFactor=\count175
)))
(/usr/local/texlive/2013/texmf-dist/tex/generic/pgf/frontendlayer/tikz/librarie
s/tikzlibraryshapes.code.tex
File: tikzlibraryshapes.code.tex 2008/01/09 v2.10 (rcs-revision 1.1)

(/usr/local/texlive/2013/texmf-dist/tex/generic/pgf/frontendlayer/tikz/librarie
s/tikzlibraryshapes.geometric.code.tex
File: tikzlibraryshapes.geometric.code.tex 2008/01/09 v2.10 (rcs-revision 1.1)

(/usr/local/texlive/2013/texmf-dist/tex/generic/pgf/libraries/shapes/pgflibrary
shapes.geometric.code.tex
File: pgflibraryshapes.geometric.code.tex 2008/06/26 v2.10 (rcs-revision 1.1)
))
(/usr/local/texlive/2013/texmf-dist/tex/generic/pgf/frontendlayer/tikz/librarie
s/tikzlibraryshapes.misc.code.tex
File: tikzlibraryshapes.misc.code.tex 2008/01/09 v2.10 (rcs-revision 1.1)

(/usr/local/texlive/2013/texmf-dist/tex/generic/pgf/libraries/shapes/pgflibrary
shapes.misc.code.tex
File: pgflibraryshapes.misc.code.tex 2008/10/07 v2.10 (rcs-revision 1.3)
))
(/usr/local/texlive/2013/texmf-dist/tex/generic/pgf/frontendlayer/tikz/librarie
s/tikzlibraryshapes.symbols.code.tex
File: tikzlibraryshapes.symbols.code.tex 2008/01/09 v2.10 (rcs-revision 1.1)

(/usr/local/texlive/2013/texmf-dist/tex/generic/pgf/libraries/shapes/pgflibrary
shapes.symbols.code.tex
File: pgflibraryshapes.symbols.code.tex 2009/10/27 v2.10 (rcs-revision 1.3)
))
(/usr/local/texlive/2013/texmf-dist/tex/generic/pgf/frontendlayer/tikz/librarie
s/tikzlibraryshapes.arrows.code.tex
File: tikzlibraryshapes.arrows.code.tex 2008/01/09 v2.10 (rcs-revision 1.1)

(/usr/local/texlive/2013/texmf-dist/tex/generic/pgf/libraries/shapes/pgflibrary
shapes.arrows.code.tex
File: pgflibraryshapes.arrows.code.tex 2008/06/26 v2.10 (rcs-revision 1.1)
))
(/usr/local/texlive/2013/texmf-dist/tex/generic/pgf/frontendlayer/tikz/librarie
s/tikzlibraryshapes.callouts.code.tex
(/usr/local/texlive/2013/texmf-dist/tex/generic/pgf/libraries/shapes/pgflibrary
shapes.callouts.code.tex))
(/usr/local/texlive/2013/texmf-dist/tex/generic/pgf/frontendlayer/tikz/librarie
s/tikzlibraryshapes.multipart.code.tex
File: tikzlibraryshapes.multipart.code.tex 2008/01/09 v2.10 (rcs-revision 1.1)

(/usr/local/texlive/2013/texmf-dist/tex/generic/pgf/libraries/shapes/pgflibrary
shapes.multipart.code.tex
File: pgflibraryshapes.multipart.code.tex 2010/01/07 v2.10 (rcs-revision 1.2)
\pgfnodepartlowerbox=\box40
\pgfnodeparttwobox=\box41
\pgfnodepartthreebox=\box42
\pgfnodepartfourbox=\box43
\pgfnodeparttwentybox=\box44
\pgfnodepartnineteenbox=\box45
\pgfnodeparteighteenbox=\box46
\pgfnodepartseventeenbox=\box47
\pgfnodepartsixteenbox=\box48
\pgfnodepartfifteenbox=\box49
\pgfnodepartfourteenbox=\box50
\pgfnodepartthirteenbox=\box51
\pgfnodeparttwelvebox=\box52
\pgfnodepartelevenbox=\box53
\pgfnodeparttenbox=\box54
\pgfnodepartninebox=\box55
\pgfnodeparteightbox=\box56
\pgfnodepartsevenbox=\box57
\pgfnodepartsixbox=\box58
\pgfnodepartfivebox=\box59
))) (./supplement/customizations.tex
(/usr/local/texlive/2013/texmf-dist/tex/latex/datetime/datetime.sty
Package: datetime 2010/09/21 v2.58 Date Time Package

(/usr/local/texlive/2013/texmf-dist/tex/latex/fmtcount/fmtcount.sty
Package: fmtcount 2012/10/24 v2.02

(/usr/local/texlive/2013/texmf-dist/tex/latex/etoolbox/etoolbox.sty
Package: etoolbox 2011/01/03 v2.1 e-TeX tools for LaTeX
\etb@tempcnta=\count176
)
(/usr/local/texlive/2013/texmf-dist/tex/latex/fmtcount/fcprefix.sty
Package: fcprefix 2012/09/28

(/usr/local/texlive/2013/texmf-dist/tex/latex/fmtcount/fcnumparser.sty
Package: fcnumparser 2012/09/28
\fc@digit@counter=\count177
))
\c@padzeroesN=\count178
\fc@tmpcatcode=\count179
\@DT@modctr=\count180
\@ordinalctr=\count181
\@orgargctr=\count182
\@strctr=\count183
\@tmpstrctr=\count184
\@DT@loopN=\count185
\@DT@X=\count186

(/usr/local/texlive/2013/texmf-dist/tex/latex/fmtcount/fc-english.def
File: fc-english.def 2012/06/18
))
\@day=\count187
\@month=\count188
\@year=\count189
\c@HOUR=\count190
\c@HOURXII=\count191
\c@MINUTE=\count192
\c@TOHOUR=\count193
\c@TOMINUTE=\count194
\c@SECOND=\count195
\currenthour=\count196
\currentminute=\count197
\currentsecond=\count198
Package datetime Info: No datetime.cfg file found, using default settings on in
put line 292.
\@dtctr=\count199
\dayofyear=\count200
\dayofweek=\count201
LaTeX Info: Redefining \today on input line 724.
\dt@a=\toks43
\dt@b=\toks44
)
(./draftmark.sty
Package: draftmark 2009/10/07 v1.2 Puts user-specified watermarks on select doc
ument pages (Ahmed Musa)
 (/usr/local/texlive/2013/texmf-dist/tex/latex/base/fix-cm.sty
Package: fix-cm 2006/09/13 v1.1m fixes to LaTeX

(/usr/local/texlive/2013/texmf-dist/tex/latex/base/ts1enc.def
File: ts1enc.def 2001/06/05 v3.0e (jk/car/fm) Standard LaTeX file
))
(/usr/local/texlive/2013/texmf-dist/tex/latex/etextools/etextools.sty
Package: etextools 2010/12/07 v3.1415926 e-TeX more useful tools for LaTeX pack
age writers
\ettl@fter=\count202
\ettl@for@nested=\count277
)
(/usr/local/texlive/2013/texmf-dist/tex/latex/oberdiek/picture.sty
Package: picture 2009/10/11 v1.3 Dimens for picture macros (HO)
Package picture Info: Calculation method: calc.
)
(/usr/local/texlive/2013/texmf-dist/tex/latex/xifthen/xifthen.sty
Package: xifthen 2009/04/17 v1.3 Extended ifthen features

(/usr/local/texlive/2013/texmf-dist/tex/latex/ifmtarg/ifmtarg.sty
Package: ifmtarg 2009/09/02 v1.2a check for an empty argument
))
(/usr/local/texlive/2013/texmf-dist/tex/latex/ltxnew/ltxnew.sty
Package: ltxnew 2011/03/02 v1.3 provides the new and renew prefixes for checkin
g definitions
)
\c@dmark@page=\count203
\dmark@xcoord=\dimen186
\dmark@ycoord=\dimen187

(./pagerange.sty
Package: pagerange 2010/02/04 v0.5 Split page ranges intelligently (Ahmed Musa)


(/usr/local/texlive/2013/texmf-dist/tex/latex/lastpage/lastpage.sty
Package: lastpage 2013/01/28 v1.2l Refers to last page's name (HMM; JPG)
)
\prg@tempcnta=\count204
\prg@tempcntb=\count205
\prg@tempcntc=\count206
)
Package draftmark Info: Option 'final': no draftmark printed.
))
(/usr/local/texlive/2013/texmf-dist/tex/latex/natbib/natbib.sty
Package: natbib 2010/09/13 8.31b (PWD, AO)
\bibhang=\skip135
\bibsep=\skip136
LaTeX Info: Redefining \cite on input line 694.
\c@NAT@ctr=\count207
)
(./pictures/tikzpics.tex) (./thesis.aux (./tex/preamble.aux) (./tex/preface.aux
) (./tex/introduction.aux) (./DC_Results/Double_Chooz.aux)
(./AA/Articulated_Arm.aux) (./Paraphotons/Paraphotons.aux))
\openout1 = `thesis.aux'.

LaTeX Font Info:    Checking defaults for OML/cmm/m/it on input line 54.
LaTeX Font Info:    ... okay on input line 54.
LaTeX Font Info:    Checking defaults for T1/cmr/m/n on input line 54.
LaTeX Font Info:    ... okay on input line 54.
LaTeX Font Info:    Checking defaults for OT1/cmr/m/n on input line 54.
LaTeX Font Info:    ... okay on input line 54.
LaTeX Font Info:    Checking defaults for OMS/cmsy/m/n on input line 54.
LaTeX Font Info:    ... okay on input line 54.
LaTeX Font Info:    Checking defaults for OMX/cmex/m/n on input line 54.
LaTeX Font Info:    ... okay on input line 54.
LaTeX Font Info:    Checking defaults for U/cmr/m/n on input line 54.
LaTeX Font Info:    ... okay on input line 54.
LaTeX Font Info:    Checking defaults for PD1/pdf/m/n on input line 54.
LaTeX Font Info:    ... okay on input line 54.
LaTeX Font Info:    Checking defaults for TS1/cmr/m/n on input line 54.
LaTeX Font Info:    ... okay on input line 54.

(/usr/local/texlive/2013/texmf-dist/tex/context/base/supp-pdf.mkii
[Loading MPS to PDF converter (version 2006.09.02).]
\scratchcounter=\count208
\scratchdimen=\dimen188
\scratchbox=\box60
\nofMPsegments=\count209
\nofMParguments=\count210
\everyMPshowfont=\toks45
\MPscratchCnt=\count211
\MPscratchDim=\dimen189
\MPnumerator=\count212
\makeMPintoPDFobject=\count213
\everyMPtoPDFconversion=\toks46
) (/usr/local/texlive/2013/texmf-dist/tex/latex/oberdiek/epstopdf-base.sty
Package: epstopdf-base 2010/02/09 v2.5 Base part for package epstopdf

(/usr/local/texlive/2013/texmf-dist/tex/latex/oberdiek/grfext.sty
Package: grfext 2010/08/19 v1.1 Manage graphics extensions (HO)
)
Package grfext Info: Graphics extension search list:
(grfext)             [.png,.pdf,.jpg,.mps,.jpeg,.jbig2,.jb2,.PNG,.PDF,.JPG,.JPE
G,.JBIG2,.JB2,.eps]
(grfext)             \AppendGraphicsExtensions on input line 452.

(/usr/local/texlive/2013/texmf-dist/tex/latex/latexconfig/epstopdf-sys.cfg
File: epstopdf-sys.cfg 2010/07/13 v1.3 Configuration of (r)epstopdf for TeX Liv
e
))
*geometry* driver: auto-detecting
*geometry* detected driver: pdftex
*geometry* verbose mode - [ preamble ] result:
* driver: pdftex
* paper: letterpaper
* layout: <same size as paper>
* layoutoffset:(h,v)=(0.0pt,0.0pt)
* bindingoffset: 36.135pt
* modes: 
* h-part:(L,W,R)=(72.26999pt, 433.62003pt, 72.26999pt)
* v-part:(T,H,B)=(72.26999pt, 650.43001pt, 72.26999pt)
* \paperwidth=614.295pt
* \paperheight=794.96999pt
* \textwidth=433.62003pt
* \textheight=650.43001pt
* \oddsidemargin=36.135pt
* \evensidemargin=0.0pt
* \topmargin=-30.06749pt
* \headheight=12.0pt
* \headsep=18.06749pt
* \topskip=10.0pt
* \footskip=25.29494pt
* \marginparwidth=69.0pt
* \marginparsep=7.0pt
* \columnsep=10.0pt
* \skip\footins=9.0pt plus 4.0pt minus 2.0pt
* \hoffset=0.0pt
* \voffset=0.0pt
* \mag=1000
* \@twocolumnfalse
* \@twosidefalse
* \@mparswitchfalse
* \@reversemarginfalse
* (1in=72.27pt=25.4mm, 1cm=28.453pt)

Package caption Info: Begin \AtBeginDocument code.
Package caption Info: subfig package v1.3 is loaded.
Package caption Info: floatrow package is loaded.
Package caption Info: float package is loaded.
Package caption Info: floatrow package is loaded.
Package caption Info: hyperref package is loaded.
Package caption Info: hypcap package is loaded.
Package caption Info: End \AtBeginDocument code.
ABD: EveryShipout initializing macros
\AtBeginShipoutBox=\box61
Package hyperref Info: Link coloring ON on input line 54.

(/usr/local/texlive/2013/texmf-dist/tex/latex/hyperref/nameref.sty
Package: nameref 2012/10/27 v2.43 Cross-referencing by name of section

(/usr/local/texlive/2013/texmf-dist/tex/generic/oberdiek/gettitlestring.sty
Package: gettitlestring 2010/12/03 v1.4 Cleanup title references (HO)
)
\c@section@level=\count214
)
LaTeX Info: Redefining \ref on input line 54.
LaTeX Info: Redefining \pageref on input line 54.
LaTeX Info: Redefining \nameref on input line 54.

(./thesis.out) (./thesis.out)
\@outlinefile=\write4
\openout4 = `thesis.out'.

Package lastpage Info: Please have a look at the pageslts package at
(lastpage)             http://www.ctan.org/tex-archive/ 
(lastpage)             macros/latex/contrib/pageslts/ 
(lastpage)             or
(lastpage)             http://www.ctan.org/tex-archive/ 
(lastpage)             install/macros/latex/contrib/pageslts.tds.zip
(lastpage)             ! on input line 54.


Package Fancyhdr Warning: \fancyfoot's `E' option without twoside option is use
less on input line 57.


Package Fancyhdr Warning: \fancyfoot's `E' option without twoside option is use
less on input line 57.

\openout2 = `tex/preamble.aux'.

(./tex/preamble.tex
\tempskipa=\skip137
\tempskipb=\skip138

Underfull \hbox (badness 10000) in paragraph at lines 1--1

 []


Underfull \hbox (badness 10000) in paragraph at lines 1--1

 []

[1



{/usr/local/texlive/2013/texmf-var/fonts/map/pdftex/updmap/pdftex.map}]
[0]
LaTeX Font Info:    Try loading font information for OMS+cmr on input line 1.
 (/usr/local/texlive/2013/texmf-dist/tex/latex/base/omscmr.fd
File: omscmr.fd 1999/05/25 v2.5h Standard LaTeX font definitions
)
LaTeX Font Info:    Font shape `OMS/cmr/m/n' in size <10> not available
(Font)              Font shape `OMS/cmsy/m/n' tried instead on input line 1.

<pictures/cc_logo.pdf, id=281, 304.13625pt x 72.27pt>
File: pictures/cc_logo.pdf Graphic file (type pdf)

<use pictures/cc_logo.pdf>
Package pdftex.def Info: pictures/cc_logo.pdf used on input line 1.
(pdftex.def)             Requested size: 130.08733pt x 30.91228pt.
pdfTeX warning (ext4): destination with the same identifier (name{page.i}) has 
been already used, duplicate ignored
<to be read again> 
                   \relax 
l.4 \begin{DUTdedications}
                           [1

 <./pictures/cc_logo.pdf>]

Package Fancyhdr Warning: \fancyhead's `E' option without twoside option is use
less on input line 27.

[2


]

Package Fancyhdr Warning: \fancyhead's `E' option without twoside option is use
less on input line 36.

[3


] (./thesis.lof

Package Fancyhdr Warning: \fancyhead's `E' option without twoside option is use
less on input line 21.

[4

] [5] [6]
Overfull \hbox (0.26978pt too wide) in paragraph at lines 69--69
 [][] [][][]\OT1/cmr/m/n/10 Paraphoton-injected spec-trum com-pared with the pa
ra-pho-ton spec-trum and clean Off/Off 
 []

)
\tf@lof=\write5
\openout5 = `thesis.lof'.



Package Fancyhdr Warning: \fancyhead's `E' option without twoside option is use
less on input line 39.

[7] (./thesis.toc

Package Fancyhdr Warning: \fancyhead's `E' option without twoside option is use
less on input line 29.

[8


] [9])
\tf@toc=\write6
\openout6 = `thesis.toc'.

 [10]

Package Fancyhdr Warning: \fancyhead's `E' option without twoside option is use
less on input line 53.

[11

] [12

])
\openout2 = `tex/preface.aux'.

 (./tex/preface.tex)

Package Fancyhdr Warning: \fancyhead's `E' option without twoside option is use
less on input line 63.

[1





]

Package Fancyhdr Warning: \fancyfoot's `E' option without twoside option is use
less on input line 64.


Package Fancyhdr Warning: \fancyfoot's `E' option without twoside option is use
less on input line 64.

\openout2 = `tex/introduction.aux'.

(./tex/introduction.tex
Chapter 0. Introduction

Package Fancyhdr Warning: \fancyhead's `E' option without twoside option is use
less on input line 20.

[2



] [3] [4]
Overfull \hbox (50.04872pt too wide) in paragraph at lines 44--45
[]\OT1/cmr/m/n/10 The ex-per-i-ment was de-signed to mea-sure so-lar neu-tri-no
s via in-ter-ac-tions with chlo-rine --- $\OML/cmm/m/it/10 ^^W[]\OT1/cmr/m/n/10
 +[]$Cl$\OMS/cmsy/m/n/10 ![]$\OT1/cmr/m/n/10 Ar$+\OML/cmm/m/it/10 e[]$\OT1/cmr/
m/n/10 .
 []

[5] [6] <tex/colortheoryvsexp.jpg, id=654, 433.62pt x 324.21124pt>
File: tex/colortheoryvsexp.jpg Graphic file (type jpg)

<use tex/colortheoryvsexp.jpg>
Package pdftex.def Info: tex/colortheoryvsexp.jpg used on input line 72.
(pdftex.def)             Requested size: 433.62003pt x 324.22528pt.
 [7] [8 <./tex/colortheoryvsexp.jpg>] [9]
[10]) [11]
\openout2 = `DC_Results/Double_Chooz.aux'.

 (./DC_Results/Double_Chooz.tex
Chapter 1. Double Chooz: First Hints of $\theta _{13}$

Package hyperref Warning: Token not allowed in a PDF string (PDFDocEncoding):
(hyperref)                removing `math shift' on input line 1.


Package hyperref Warning: Token not allowed in a PDF string (PDFDocEncoding):
(hyperref)                removing `\theta' on input line 1.


Package hyperref Warning: Token not allowed in a PDF string (PDFDocEncoding):
(hyperref)                removing `subscript' on input line 1.


Package hyperref Warning: Token not allowed in a PDF string (PDFDocEncoding):
(hyperref)                removing `math shift' on input line 1.

<DC_Results/Chooz_Plant_Edit.jpg, id=702, 734.745pt x 503.9628pt>
File: DC_Results/Chooz_Plant_Edit.jpg Graphic file (type jpg)

<use DC_Results/Chooz_Plant_Edit.jpg>
Package pdftex.def Info: DC_Results/Chooz_Plant_Edit.jpg used on input line 15.

(pdftex.def)             Requested size: 433.62003pt x 297.42775pt.


Package Fancyhdr Warning: \fancyhead's `E' option without twoside option is use
less on input line 18.

[12



] [13 <./DC_Results/Chooz_Plant_Edit.jpg>]
<DC_Results/Double_Chooz_Xsection.jpg, id=717, 518.93875pt x 458.71375pt>
File: DC_Results/Double_Chooz_Xsection.jpg Graphic file (type jpg)

<use DC_Results/Double_Chooz_Xsection.jpg>
Package pdftex.def Info: DC_Results/Double_Chooz_Xsection.jpg used on input lin
e 26.
(pdftex.def)             Requested size: 216.81001pt x 191.65054pt.
 [14 <./DC_Results/Double_Chooz_Xsection.jpg>] <DC_Results/DC_Block_Diag.jpg, i
d=727, 512.91624pt x 209.78375pt>
File: DC_Results/DC_Block_Diag.jpg Graphic file (type jpg)

<use DC_Results/DC_Block_Diag.jpg>
Package pdftex.def Info: DC_Results/DC_Block_Diag.jpg used on input line 44.
(pdftex.def)             Requested size: 216.81001pt x 88.67514pt.
 [15 <./DC_Results/DC_Block_Diag.jpg>]
[16] <DC_Results/Gaussian_SER.jpg, id=737, 984.67876pt x 503.8825pt>
File: DC_Results/Gaussian_SER.jpg Graphic file (type jpg)

<use DC_Results/Gaussian_SER.jpg>
Package pdftex.def Info: DC_Results/Gaussian_SER.jpg used on input line 61.
(pdftex.def)             Requested size: 433.62003pt x 221.89351pt.
 [17 <./DC_Results/Gaussian_SER.jpg>]
<DC_Results/DI_Ge68_Colorized.jpg, id=744, 1047.915pt x 694.595pt>
File: DC_Results/DI_Ge68_Colorized.jpg Graphic file (type jpg)

<use DC_Results/DI_Ge68_Colorized.jpg>
Package pdftex.def Info: DC_Results/DI_Ge68_Colorized.jpg used on input line 71
.
(pdftex.def)             Requested size: 433.62003pt x 287.41426pt.
 [18 <./DC_Results/DI_Ge68_Colorized.jpg>] <DC_Results/Standard_Reco_Pulse.jpg,
 id=750, 532.99126pt x 483.8075pt>
File: DC_Results/Standard_Reco_Pulse.jpg Graphic file (type jpg)

<use DC_Results/Standard_Reco_Pulse.jpg>
Package pdftex.def Info: DC_Results/Standard_Reco_Pulse.jpg used on input line 
81.
(pdftex.def)             Requested size: 433.62003pt x 393.61678pt.

<DC_Results/Ana_Tool_Comp.jpg, id=752, 613.29124pt x 416.55624pt>
File: DC_Results/Ana_Tool_Comp.jpg Graphic file (type jpg)

<use DC_Results/Ana_Tool_Comp.jpg>
Package pdftex.def Info: DC_Results/Ana_Tool_Comp.jpg used on input line 92.
(pdftex.def)             Requested size: 433.62003pt x 294.52391pt.
 [19] [20 <./DC_Results/Standard_Reco_Pulse.jpg>] [21 <./DC_Results/Ana_Tool_Co
mp.jpg>] [22]
<DC_Results/PMT_Cal_MC_Comp.jpg, id=772, 776.9025pt x 579.16376pt>
File: DC_Results/PMT_Cal_MC_Comp.jpg Graphic file (type jpg)

<use DC_Results/PMT_Cal_MC_Comp.jpg>
Package pdftex.def Info: DC_Results/PMT_Cal_MC_Comp.jpg used on input line 116.

(pdftex.def)             Requested size: 433.62003pt x 323.26018pt.
 [23 <./DC_Results/PMT_Cal_MC_Comp.jpg>]
<DC_Results/Photostats.jpg, id=782, 746.79pt x 553.06625pt>
File: DC_Results/Photostats.jpg Graphic file (type jpg)

<use DC_Results/Photostats.jpg>
Package pdftex.def Info: DC_Results/Photostats.jpg used on input line 125.
(pdftex.def)             Requested size: 433.62003pt x 321.13309pt.
 [24 <./DC_Results/Photostats.jpg>] [25]
<DC_Results/PMT_Electronics.jpg, id=792, 888.31876pt x 427.5975pt>
File: DC_Results/PMT_Electronics.jpg Graphic file (type jpg)

<use DC_Results/PMT_Electronics.jpg>
Package pdftex.def Info: DC_Results/PMT_Electronics.jpg used on input line 141.

(pdftex.def)             Requested size: 433.62003pt x 208.72208pt.

<DC_Results/Photostats_Gain_6416.jpg, id=794, 795.4518pt x 614.295pt>
File: DC_Results/Photostats_Gain_6416.jpg Graphic file (type jpg)

<use DC_Results/Photostats_Gain_6416.jpg>
Package pdftex.def Info: DC_Results/Photostats_Gain_6416.jpg used on input line
 150.
(pdftex.def)             Requested size: 433.62003pt x 334.8638pt.
 [26 <./DC_Results/PMT_Electronics.jpg>] [27 <./DC_Results/Photostats_Gain_6416
.jpg>]
<DC_Results/SPE_Fit.jpg, id=805, 569.4876pt x 385.44pt>
File: DC_Results/SPE_Fit.jpg Graphic file (type jpg)

<use DC_Results/SPE_Fit.jpg>
Package pdftex.def Info: DC_Results/SPE_Fit.jpg used on input line 160.
(pdftex.def)             Requested size: 216.81001pt x 146.73926pt.
 [28 <./DC_Results/SPE_Fit.jpg>]
<DC_Results/Outer_Veto.jpg, id=811, 622.325pt x 304.13625pt>
File: DC_Results/Outer_Veto.jpg Graphic file (type jpg)

<use DC_Results/Outer_Veto.jpg>
Package pdftex.def Info: DC_Results/Outer_Veto.jpg used on input line 177.
(pdftex.def)             Requested size: 433.62003pt x 211.91472pt.
 [29] [30 <./DC_Results/Outer_Veto.jpg>]
[31] [32] <DC_Results/Cut_Summary.jpg, id=837, 247.92625pt x 161.60374pt>
File: DC_Results/Cut_Summary.jpg Graphic file (type jpg)

<use DC_Results/Cut_Summary.jpg>
Package pdftex.def Info: DC_Results/Cut_Summary.jpg used on input line 224.
(pdftex.def)             Requested size: 216.81001pt x 141.32155pt.

<DC_Results/Prompt_Delayed.jpg, id=838, 491.8375pt x 378.41376pt>
File: DC_Results/Prompt_Delayed.jpg Graphic file (type jpg)

<use DC_Results/Prompt_Delayed.jpg>
Package pdftex.def Info: DC_Results/Prompt_Delayed.jpg used on input line 231.
(pdftex.def)             Requested size: 216.81001pt x 166.8086pt.

<DC_Results/Time_Dist.jpg, id=839, 448.67625pt x 379.4175pt>
File: DC_Results/Time_Dist.jpg Graphic file (type jpg)

<use DC_Results/Time_Dist.jpg>
Package pdftex.def Info: DC_Results/Time_Dist.jpg used on input line 237.
(pdftex.def)             Requested size: 216.81001pt x 183.33989pt.
 [33] [34 <./DC_Results/Cut_Summary.jpg> <./DC_Results/Prompt_Delayed.jpg> <./D
C_Results/Time_Dist.jpg>]
<DC_Results/IBD_Summary.jpg, id=849, 467.7475pt x 224.84pt>
File: DC_Results/IBD_Summary.jpg Graphic file (type jpg)

<use DC_Results/IBD_Summary.jpg>
Package pdftex.def Info: DC_Results/IBD_Summary.jpg used on input line 247.
(pdftex.def)             Requested size: 216.81001pt x 104.22015pt.


LaTeX Warning: Reference `eq:X^2' on page 35 undefined on input line 252.

[35 <./DC_Results/IBD_Summary.jpg>]
<DC_Results/Best_Fit.jpg, id=859, 984.67876pt x 558.085pt>
File: DC_Results/Best_Fit.jpg Graphic file (type jpg)

<use DC_Results/Best_Fit.jpg>
Package pdftex.def Info: DC_Results/Best_Fit.jpg used on input line 266.
(pdftex.def)             Requested size: 433.62003pt x 245.76254pt.
 [36] [37 <./DC_Results/Best_Fit.jpg>]
<DC_Results/Fit_Errors.jpg, id=871, 446.66875pt x 201.75375pt>
File: DC_Results/Fit_Errors.jpg Graphic file (type jpg)

<use DC_Results/Fit_Errors.jpg>
Package pdftex.def Info: DC_Results/Fit_Errors.jpg used on input line 280.
(pdftex.def)             Requested size: 216.81001pt x 97.93048pt.
) [38 <./DC_Results/Fit_Errors.jpg>]
\openout2 = `AA/Articulated_Arm.aux'.


(./AA/Articulated_Arm.tex
Chapter 2. The Articulated Arm System
<AA/AA_Schematic.jpg, id=877, 947.54pt x 657.45625pt>
File: AA/AA_Schematic.jpg Graphic file (type jpg)

<use AA/AA_Schematic.jpg>
Package pdftex.def Info: AA/AA_Schematic.jpg used on input line 16.
(pdftex.def)             Requested size: 433.62003pt x 300.86856pt.


Package Fancyhdr Warning: \fancyhead's `E' option without twoside option is use
less on input line 22.

[39



] [40 <./AA/AA_Schematic.jpg>]
<AA/Telescoping_Segments.jpg, id=888, 456.70625pt x 638.385pt>
File: AA/Telescoping_Segments.jpg Graphic file (type jpg)

<use AA/Telescoping_Segments.jpg>
Package pdftex.def Info: AA/Telescoping_Segments.jpg used on input line 24.
(pdftex.def)             Requested size: 216.81001pt x 303.05093pt.

<AA/AA_Photo.jpg, id=889, 355.3275pt x 645.41125pt>
File: AA/AA_Photo.jpg Graphic file (type jpg)
 <use AA/AA_Photo.jpg>
Package pdftex.def Info: AA/AA_Photo.jpg used on input line 30.
(pdftex.def)             Requested size: 216.81001pt x 393.81847pt.

[41 <./AA/Telescoping_Segments.jpg>] [42 <./AA/AA_Photo.jpg>]
<AA/Telescope_Bottom.jpg, id=903, 641.39626pt x 836.12375pt>
File: AA/Telescope_Bottom.jpg Graphic file (type jpg)

<use AA/Telescope_Bottom.jpg>
Package pdftex.def Info: AA/Telescope_Bottom.jpg used on input line 38.
(pdftex.def)             Requested size: 216.81001pt x 282.6325pt.

<AA/Delrin_Detail.jpg, id=904, 411.5375pt x 328.22626pt>
File: AA/Delrin_Detail.jpg Graphic file (type jpg)

<use AA/Delrin_Detail.jpg>
Package pdftex.def Info: AA/Delrin_Detail.jpg used on input line 44.
(pdftex.def)             Requested size: 216.81001pt x 172.91734pt.
 [43 <./AA/Telescope_Bottom.jpg>]
<AA/Endcaps.jpg, id=910, 653.44125pt x 429.605pt>
File: AA/Endcaps.jpg Graphic file (type jpg)
 <use AA/Endcaps.jpg>
Package pdftex.def Info: AA/Endcaps.jpg used on input line 52.
(pdftex.def)             Requested size: 216.81001pt x 142.53705pt.

<AA/Knuckle_Attach.jpg, id=912, 73.27374pt x 404.51125pt>
File: AA/Knuckle_Attach.jpg Graphic file (type jpg)

<use AA/Knuckle_Attach.jpg>
Package pdftex.def Info: AA/Knuckle_Attach.jpg used on input line 61.
(pdftex.def)             Requested size: 43.36464pt x 239.39407pt.
 [44 <./AA/Delrin_Detail.jpg> <./AA/Endcaps.jpg>]
<AA/Articulating_Segment.jpg, id=919, 832.10875pt x 141.52875pt>
File: AA/Articulating_Segment.jpg Graphic file (type jpg)

<use AA/Articulating_Segment.jpg>
Package pdftex.def Info: AA/Articulating_Segment.jpg used on input line 71.
(pdftex.def)             Requested size: 325.21501pt x 55.31476pt.

<AA/Drive_Assembly_Edit.jpg, id=921, 498.86375pt x 677.53125pt>
File: AA/Drive_Assembly_Edit.jpg Graphic file (type jpg)

<use AA/Drive_Assembly_Edit.jpg>
Package pdftex.def Info: AA/Drive_Assembly_Edit.jpg used on input line 83.
(pdftex.def)             Requested size: 216.81001pt x 294.45491pt.
 [45 <./AA/Knuckle_Attach.jpg> <./AA/Articulating_Segment.jpg>] [46 <./AA/Drive
_Assembly_Edit.jpg>]
<AA/Pully.jpg, id=931, 264.99pt x 448.67625pt>
File: AA/Pully.jpg Graphic file (type jpg)
 <use AA/Pully.jpg>
Package pdftex.def Info: AA/Pully.jpg used on input line 94.
(pdftex.def)             Requested size: 216.81001pt x 367.1022pt.
 [47 <./AA/Pully.jpg>] [48] <AA/Whisker.jpg, id=943, 400.49625pt x 227.85126pt>
File: AA/Whisker.jpg Graphic file (type jpg)

<use AA/Whisker.jpg>
Package pdftex.def Info: AA/Whisker.jpg used on input line 111.
(pdftex.def)             Requested size: 216.81001pt x 123.35074pt.
 [49 <./AA/Whisker.jpg>]
<AA/GBE.jpg, id=949, 304.13625pt x 383.4325pt>
File: AA/GBE.jpg Graphic file (type jpg)
 <use AA/GBE.jpg>
Package pdftex.def Info: AA/GBE.jpg used on input line 131.
(pdftex.def)             Requested size: 216.81001pt x 273.34476pt.
 [50]
<AA/Early_Design.jpg, id=955, 2439.1125pt x 2546.51375pt>
File: AA/Early_Design.jpg Graphic file (type jpg)

<use AA/Early_Design.jpg>
Package pdftex.def Info: AA/Early_Design.jpg used on input line 141.
(pdftex.def)             Requested size: 433.62003pt x 452.67964pt.
 <AA/Collar.jpg, id=958, 2344.76pt x 816.04875pt>
File: AA/Collar.jpg Graphic file (type jpg)

<use AA/Collar.jpg>
Package pdftex.def Info: AA/Collar.jpg used on input line 149.
(pdftex.def)             Requested size: 433.62003pt x 150.90439pt.
 <AA/AA_Final.jpg, id=959, 593.21625pt x 1678.27pt>
File: AA/AA_Final.jpg Graphic file (type jpg)

<use AA/AA_Final.jpg>
Package pdftex.def Info: AA/AA_Final.jpg used on input line 155.
(pdftex.def)             Requested size: 216.81001pt x 613.37013pt.
 [51 <./AA/GBE.jpg>] [52 <./AA/Early_Design.jpg>] [53 <./AA/Collar.jpg>] [54 <.
/AA/AA_Final.jpg>]
<AA/Z_Vs_Counts_DOWN.jpg, id=981, 795.4518pt x 614.295pt>
File: AA/Z_Vs_Counts_DOWN.jpg Graphic file (type jpg)

<use AA/Z_Vs_Counts_DOWN.jpg>
Package pdftex.def Info: AA/Z_Vs_Counts_DOWN.jpg used on input line 173.
(pdftex.def)             Requested size: 433.62003pt x 334.8638pt.

<AA/Residuals_Clean.jpg, id=984, 739.76375pt x 378.41376pt>
File: AA/Residuals_Clean.jpg Graphic file (type jpg)

<use AA/Residuals_Clean.jpg>
Package pdftex.def Info: AA/Residuals_Clean.jpg used on input line 179.
(pdftex.def)             Requested size: 433.62003pt x 221.81287pt.
 [55 <./AA/Z_Vs_Counts_DOWN.jpg>] [56 <./AA/Residuals_Clean.jpg>] <AA/Transitio
ns.jpg, id=994, 867.24pt x 408.52625pt>
File: AA/Transitions.jpg Graphic file (type jpg)

<use AA/Transitions.jpg>
Package pdftex.def Info: AA/Transitions.jpg used on input line 193.
(pdftex.def)             Requested size: 433.62003pt x 204.26262pt.
 [57 <./AA/Transitions.jpg>]
<AA/Phi_Linearity.jpg, id=1002, 916.42375pt x 482.80376pt>
File: AA/Phi_Linearity.jpg Graphic file (type jpg)

<use AA/Phi_Linearity.jpg>
Package pdftex.def Info: AA/Phi_Linearity.jpg used on input line 209.
(pdftex.def)             Requested size: 433.62003pt x 228.44276pt.
 [58] [59 <./AA/Phi_Linearity.jpg>] [60]
<AA/Droop_1.jpg, id=1023, 605.26125pt x 405.515pt>
File: AA/Droop_1.jpg Graphic file (type jpg)
 <use AA/Droop_1.jpg>
Package pdftex.def Info: AA/Droop_1.jpg used on input line 231.
(pdftex.def)             Requested size: 433.62003pt x 290.52264pt.

[61 <./AA/Droop_1.jpg>]
<AA/Calculated_Droop.jpg, id=1029, 898.35625pt x 636.3775pt>
File: AA/Calculated_Droop.jpg Graphic file (type jpg)

<use AA/Calculated_Droop.jpg>
Package pdftex.def Info: AA/Calculated_Droop.jpg used on input line 242.
(pdftex.def)             Requested size: 433.62003pt x 307.16675pt.
 [62 <./AA/Calculated_Droop.jpg>]
<AA/Laser_Stick.jpg, id=1036, 1571.8725pt x 1122.1925pt>
File: AA/Laser_Stick.jpg Graphic file (type jpg)

<use AA/Laser_Stick.jpg>
Package pdftex.def Info: AA/Laser_Stick.jpg used on input line 251.
(pdftex.def)             Requested size: 216.81001pt x 154.77711pt.

<AA/Droop_Liquid_Test.jpg, id=1037, 814.04124pt x 596.2275pt>
File: AA/Droop_Liquid_Test.jpg Graphic file (type jpg)

<use AA/Droop_Liquid_Test.jpg>
Package pdftex.def Info: AA/Droop_Liquid_Test.jpg used on input line 257.
(pdftex.def)             Requested size: 433.62003pt x 317.59116pt.
 [63 <./AA/Laser_Stick.jpg>] [64 <./AA/Droop_Liquid_Test.jpg>] <AA/Solid_Hollow
.jpg, id=1047, 718.685pt x 367.3725pt>
File: AA/Solid_Hollow.jpg Graphic file (type jpg)

<use AA/Solid_Hollow.jpg>
Package pdftex.def Info: AA/Solid_Hollow.jpg used on input line 269.
(pdftex.def)             Requested size: 433.62003pt x 221.65843pt.
 [65 <./AA/Solid_Hollow.jpg>]
<AA/Oil_Droop_Ruler.jpg, id=1054, 742.775pt x 412.54124pt>
File: AA/Oil_Droop_Ruler.jpg Graphic file (type jpg)

<use AA/Oil_Droop_Ruler.jpg>
Package pdftex.def Info: AA/Oil_Droop_Ruler.jpg used on input line 281.
(pdftex.def)             Requested size: 433.62003pt x 240.8415pt.
 [66 <./AA/Oil_Droop_Ruler.jpg>] [67] [68]
<AA/Z_Motion_11_11.jpg, id=1070, 479.7925pt x 387.4475pt>
File: AA/Z_Motion_11_11.jpg Graphic file (type jpg)

<use AA/Z_Motion_11_11.jpg>
Package pdftex.def Info: AA/Z_Motion_11_11.jpg used on input line 308.
(pdftex.def)             Requested size: 433.62003pt x 350.1657pt.
 [69 <./AA/Z_Motion_11_11.jpg>] [70] [71]
<AA/Total_Displacement.jpg, id=1091, 721.69624pt x 393.47pt>
File: AA/Total_Displacement.jpg Graphic file (type jpg)

<use AA/Total_Displacement.jpg>
Package pdftex.def Info: AA/Total_Displacement.jpg used on input line 334.
(pdftex.def)             Requested size: 433.62003pt x 236.40802pt.

<AA/Differential_Displacement.jpg, id=1092, 730.73pt x 394.47375pt>
File: AA/Differential_Displacement.jpg Graphic file (type jpg)

<use AA/Differential_Displacement.jpg>
Package pdftex.def Info: AA/Differential_Displacement.jpg used on input line 34
1.
(pdftex.def)             Requested size: 433.62003pt x 234.08578pt.

<AA/4_13_Cal_Group_Pres_01.jpg, id=1096, 947.54pt x 638.385pt>
File: AA/4_13_Cal_Group_Pres_01.jpg Graphic file (type jpg)

<use AA/4_13_Cal_Group_Pres_01.jpg>
Package pdftex.def Info: AA/4_13_Cal_Group_Pres_01.jpg used on input line 358.
(pdftex.def)             Requested size: 433.62003pt x 292.14107pt.
 [72 <./AA/Total_Displacement.jpg>] [73 <./AA/Differential_Displacement.jpg> <.
/AA/4_13_Cal_Group_Pres_01.jpg>]
<AA/AA_Reconstructed_Positions.jpg, id=1107, 794.97pt x 614.295pt>
File: AA/AA_Reconstructed_Positions.jpg Graphic file (type jpg)

<use AA/AA_Reconstructed_Positions.jpg>
Package pdftex.def Info: AA/AA_Reconstructed_Positions.jpg used on input line 3
72.
(pdftex.def)             Requested size: 433.62003pt x 335.07939pt.
 [74] [75 <./AA/AA_Reconstructed_Positions.jpg>] <AA/725_mm_X_-500_mm_Z_DX.jpg,
 id=1119, 960.58875pt x 650.43pt>
File: AA/725_mm_X_-500_mm_Z_DX.jpg Graphic file (type jpg)

<use AA/725_mm_X_-500_mm_Z_DX.jpg>
Package pdftex.def Info: AA/725_mm_X_-500_mm_Z_DX.jpg used on input line 386.
(pdftex.def)             Requested size: 433.62003pt x 293.61378pt.

<AA/1000_Z_500_Z_DX.jpg, id=1120, 791.95876pt x 587.19376pt>
File: AA/1000_Z_500_Z_DX.jpg Graphic file (type jpg)

<use AA/1000_Z_500_Z_DX.jpg>
Package pdftex.def Info: AA/1000_Z_500_Z_DX.jpg used on input line 392.
(pdftex.def)             Requested size: 433.62003pt x 321.50607pt.
 [76 <./AA/725_mm_X_-500_mm_Z_DX.jpg>] [77 <./AA/1000_Z_500_Z_DX.jpg>]
<AA/Igor_Energy_Correction.jpg, id=1136, 426.59375pt x 315.1775pt>
File: AA/Igor_Energy_Correction.jpg Graphic file (type jpg)

<use AA/Igor_Energy_Correction.jpg>
Package pdftex.def Info: AA/Igor_Energy_Correction.jpg used on input line 408.
(pdftex.def)             Requested size: 426.5927pt x 315.17673pt.
 [78] [79 <./AA/Igor_Energy_Correction.jpg>] <AA/R_vs_E_Co_60_Sim.jpg, id=1147,
 794.97pt x 614.295pt>
File: AA/R_vs_E_Co_60_Sim.jpg Graphic file (type jpg)

<use AA/R_vs_E_Co_60_Sim.jpg>
Package pdftex.def Info: AA/R_vs_E_Co_60_Sim.jpg used on input line 416.
(pdftex.def)             Requested size: 433.62003pt x 335.07939pt.
 [80 <./AA/R_vs_E_Co_60_Sim.jpg>]) [81]
\openout2 = `Paraphotons/Paraphotons.aux'.


(./Paraphotons/Paraphotons.tex
Chapter 3. Paraphotons
<Paraphotons/AMS_Positron.jpg, id=1163, 498.86375pt x 383.4325pt>
File: Paraphotons/AMS_Positron.jpg Graphic file (type jpg)

<use Paraphotons/AMS_Positron.jpg>
Package pdftex.def Info: Paraphotons/AMS_Positron.jpg used on input line 14.
(pdftex.def)             Requested size: 433.62003pt x 333.29689pt.


Package Fancyhdr Warning: \fancyhead's `E' option without twoside option is use
less on input line 19.

[82



] [83 <./Paraphotons/AMS_Positron.jpg>]
<Paraphotons/EGRET.jpg, id=1181, 852.18375pt x 628.3475pt>
File: Paraphotons/EGRET.jpg Graphic file (type jpg)

<use Paraphotons/EGRET.jpg>
Package pdftex.def Info: Paraphotons/EGRET.jpg used on input line 27.
(pdftex.def)             Requested size: 433.62003pt x 319.7339pt.
 [84] [85 <./Paraphotons/EGRET.jpg>]
<Paraphotons/Spring_Limits_edit.jpg, id=1207, 407.5225pt x 295.1025pt>
File: Paraphotons/Spring_Limits_edit.jpg Graphic file (type jpg)

<use Paraphotons/Spring_Limits_edit.jpg>
Package pdftex.def Info: Paraphotons/Spring_Limits_edit.jpg used on input line 
40.
(pdftex.def)             Requested size: 216.81001pt x 157.00246pt.
 [86 <./Paraphotons/Spring_Limits_edit.jpg>] <Paraphotons/Gamma_Flux.jpg, id=12
18, 794.97pt x 614.295pt>
File: Paraphotons/Gamma_Flux.jpg Graphic file (type jpg)

<use Paraphotons/Gamma_Flux.jpg>
Package pdftex.def Info: Paraphotons/Gamma_Flux.jpg used on input line 64.
(pdftex.def)             Requested size: 433.62003pt x 335.07939pt.
 [87] [88 <./Paraphotons/Gamma_Flux.jpg>]
[89] [90] <Paraphotons/Muon_Cuts.jpg, id=1241, 494.84875pt x 752.8125pt>
File: Paraphotons/Muon_Cuts.jpg Graphic file (type jpg)

<use Paraphotons/Muon_Cuts.jpg>
Package pdftex.def Info: Paraphotons/Muon_Cuts.jpg used on input line 93.
(pdftex.def)             Requested size: 384.81766pt x 585.38303pt.

<Paraphotons/Light_Noise_Cuts.jpg, id=1243, 691.58376pt x 450.68375pt>
File: Paraphotons/Light_Noise_Cuts.jpg Graphic file (type jpg)

<use Paraphotons/Light_Noise_Cuts.jpg>
Package pdftex.def Info: Paraphotons/Light_Noise_Cuts.jpg used on input line 10
2.
(pdftex.def)             Requested size: 433.62003pt x 282.58438pt.
 [91] [92 <./Paraphotons/Muon_Cuts.jpg>]
[93 <./Paraphotons/Light_Noise_Cuts.jpg>]
<Paraphotons/ParaphotonsVMC.jpg, id=1264, 569.12625pt x 385.44pt>
File: Paraphotons/ParaphotonsVMC.jpg Graphic file (type jpg)

<use Paraphotons/ParaphotonsVMC.jpg>
Package pdftex.def Info: Paraphotons/ParaphotonsVMC.jpg used on input line 117.

(pdftex.def)             Requested size: 433.62003pt x 293.68437pt.

<Paraphotons/Lindley_Spectrum.jpg, id=1268, 766.865pt x 564.1075pt>
File: Paraphotons/Lindley_Spectrum.jpg Graphic file (type jpg)

<use Paraphotons/Lindley_Spectrum.jpg>
Package pdftex.def Info: Paraphotons/Lindley_Spectrum.jpg used on input line 12
5.
(pdftex.def)             Requested size: 433.62003pt x 318.97955pt.
 [94 <./Paraphotons/ParaphotonsVMC.jpg>]
[95 <./Paraphotons/Lindley_Spectrum.jpg>]
<Paraphotons/Far_Theory_Spectrum.jpg, id=1280, 795.4518pt x 614.295pt>
File: Paraphotons/Far_Theory_Spectrum.jpg Graphic file (type jpg)

<use Paraphotons/Far_Theory_Spectrum.jpg>
Package pdftex.def Info: Paraphotons/Far_Theory_Spectrum.jpg used on input line
 141.
(pdftex.def)             Requested size: 433.62003pt x 334.8638pt.

<Paraphotons/FD_Expected_Detection_Rates.jpg, id=1281, 657.1752pt x 497.2176pt>
File: Paraphotons/FD_Expected_Detection_Rates.jpg Graphic file (type jpg)
<use Paraphotons/FD_Expected_Detection_Rates.jpg>
Package pdftex.def Info: Paraphotons/FD_Expected_Detection_Rates.jpg used on in
put line 147.
(pdftex.def)             Requested size: 433.62003pt x 328.08118pt.
 [96] [97 <./Paraphotons/Far_Theory_Spectrum.jpg>] [98 <./Paraphotons/FD_Expect
ed_Detection_Rates.jpg>]
<Paraphotons/OffOffMCFit_edit.jpg, id=1295, 795.4518pt x 614.295pt>
File: Paraphotons/OffOffMCFit_edit.jpg Graphic file (type jpg)

<use Paraphotons/OffOffMCFit_edit.jpg>
Package pdftex.def Info: Paraphotons/OffOffMCFit_edit.jpg used on input line 15
9.
(pdftex.def)             Requested size: 433.62003pt x 334.8638pt.

<Paraphotons/Paraphoton_Signal_Noise_w_Cut.jpg, id=1297, 794.97pt x 614.295pt>
File: Paraphotons/Paraphoton_Signal_Noise_w_Cut.jpg Graphic file (type jpg)

<use Paraphotons/Paraphoton_Signal_Noise_w_Cut.jpg>
Package pdftex.def Info: Paraphotons/Paraphoton_Signal_Noise_w_Cut.jpg used on 
input line 167.
(pdftex.def)             Requested size: 433.62003pt x 335.07939pt.
 [99 <./Paraphotons/OffOffMCFit_edit.jpg>] [100 <./Paraphotons/Paraphoton_Signa
l_Noise_w_Cut.jpg>]
<Paraphotons/Off_Off_Expo_edit.jpg, id=1307, 794.97pt x 614.295pt>
File: Paraphotons/Off_Off_Expo_edit.jpg Graphic file (type jpg)

<use Paraphotons/Off_Off_Expo_edit.jpg>
Package pdftex.def Info: Paraphotons/Off_Off_Expo_edit.jpg used on input line 1
75.
(pdftex.def)             Requested size: 433.62003pt x 335.07939pt.
 [101 <./Paraphotons/Off_Off_Expo_edit.jpg>] [102]
<Paraphotons/FD_Sensitivity_Comparison.jpg, id=1322, 794.97pt x 614.295pt>
File: Paraphotons/FD_Sensitivity_Comparison.jpg Graphic file (type jpg)

<use Paraphotons/FD_Sensitivity_Comparison.jpg>
Package pdftex.def Info: Paraphotons/FD_Sensitivity_Comparison.jpg used on inpu
t line 191.
(pdftex.def)             Requested size: 433.62003pt x 335.07939pt.
 [103 <./Paraphotons/FD_Sensitivity_Comparison.jpg>]
<Paraphotons/Paraphoton_Injected_Spec.jpg, id=1328, 794.97pt x 614.295pt>
File: Paraphotons/Paraphoton_Injected_Spec.jpg Graphic file (type jpg)

<use Paraphotons/Paraphoton_Injected_Spec.jpg>
Package pdftex.def Info: Paraphotons/Paraphoton_Injected_Spec.jpg used on input
 line 202.
(pdftex.def)             Requested size: 433.62003pt x 335.07939pt.
 [104 <./Paraphotons/Paraphoton_Injected_Spec.jpg>]
<Paraphotons/Final_Fit_W_Sensitivity_156.jpg, id=1334, 656.6934pt x 489.027pt>
File: Paraphotons/Final_Fit_W_Sensitivity_156.jpg Graphic file (type jpg)

<use Paraphotons/Final_Fit_W_Sensitivity_156.jpg>
Package pdftex.def Info: Paraphotons/Final_Fit_W_Sensitivity_156.jpg used on in
put line 218.
(pdftex.def)             Requested size: 433.62003pt x 322.90804pt.
 [105 <./Paraphotons/Final_Fit_W_Sensitivity_156.jpg>]
<Paraphotons/Future_Fits_W_Limits_156.jpg, id=1341, 655.7298pt x 487.5816pt>
File: Paraphotons/Future_Fits_W_Limits_156.jpg Graphic file (type jpg)

<use Paraphotons/Future_Fits_W_Limits_156.jpg>
Package pdftex.def Info: Paraphotons/Future_Fits_W_Limits_156.jpg used on input
 line 230.
(pdftex.def)             Requested size: 433.62003pt x 322.4298pt.
 [106] [107 <./Paraphotons/Future_Fits_W_Limits_156.jpg>]) [108]

Package Fancyhdr Warning: \fancyfoot's `E' option without twoside option is use
less on input line 81.


Package Fancyhdr Warning: \fancyfoot's `E' option without twoside option is use
less on input line 81.

(./thesis.bbl

Package Fancyhdr Warning: \fancyhead's `E' option without twoside option is use
less on input line 132.

[109



]
Missing character: There is no  in font cmr10!
 [110]) [111] [112

]

Package lastpage Warning: Rerun to get the references right on input line 85.


AED: lastpage setting LastPage
Package atveryend Info: Empty hook `BeforeClearDocument' on input line 85.
Package atveryend Info: Empty hook `AfterLastShipout' on input line 85.
(./thesis.aux (./tex/preamble.aux) (./tex/preface.aux) (./tex/introduction.aux)
(./DC_Results/Double_Chooz.aux) (./AA/Articulated_Arm.aux)
(./Paraphotons/Paraphotons.aux))
Package atveryend Info: Executing hook `AtVeryEndDocument' on input line 85.
Package atveryend Info: Executing hook `AtEndAfterFileList' on input line 85.
Package rerunfilecheck Info: File `thesis.out' has not changed.
(rerunfilecheck)             Checksum: F552ADF937A288AC2E7BE8B6B6B1A866;4377.


LaTeX Warning: There were undefined references.


LaTeX Warning: Label(s) may have changed. Rerun to get cross-references right.

Package atveryend Info: Empty hook `AtVeryVeryEnd' on input line 85.
 )
(\end occurred when \iffalse on line 1043 was incomplete) 
Here is how much of TeX's memory you used:
 24408 strings out of 493315
 447262 string characters out of 6137904
 641829 words of memory out of 5000000
 26972 multiletter control sequences out of 15000+600000
 11589 words of font info for 40 fonts, out of 8000000 for 9000
 957 hyphenation exceptions out of 8191
 63i,14n,94p,1361b,885s stack positions out of 5000i,500n,10000p,200000b,80000s
</usr/local/texlive/20
13/texmf-dist/fonts/type1/public/amsfonts/cm/cmbx10.pfb></usr/local/texlive/201
3/texmf-dist/fonts/type1/public/amsfonts/cm/cmbx12.pfb></usr/local/texlive/2013
/texmf-dist/fonts/type1/public/amsfonts/cm/cmbx7.pfb></usr/local/texlive/2013/t
exmf-dist/fonts/type1/public/amsfonts/cm/cmbxti10.pfb></usr/local/texlive/2013/
texmf-dist/fonts/type1/public/amsfonts/cm/cmcsc10.pfb></usr/local/texlive/2013/
texmf-dist/fonts/type1/public/amsfonts/cm/cmex10.pfb></usr/local/texlive/2013/t
exmf-dist/fonts/type1/public/amsfonts/cm/cmmi10.pfb></usr/local/texlive/2013/te
xmf-dist/fonts/type1/public/amsfonts/cm/cmmi12.pfb></usr/local/texlive/2013/tex
mf-dist/fonts/type1/public/amsfonts/cm/cmmi5.pfb></usr/local/texlive/2013/texmf
-dist/fonts/type1/public/amsfonts/cm/cmmi7.pfb></usr/local/texlive/2013/texmf-d
ist/fonts/type1/public/amsfonts/cm/cmr10.pfb></usr/local/texlive/2013/texmf-dis
t/fonts/type1/public/amsfonts/cm/cmr17.pfb></usr/local/texlive/2013/texmf-dist/
fonts/type1/public/amsfonts/cm/cmr5.pfb></usr/local/texlive/2013/texmf-dist/fon
ts/type1/public/amsfonts/cm/cmr7.pfb></usr/local/texlive/2013/texmf-dist/fonts/
type1/public/amsfonts/cm/cmsy10.pfb></usr/local/texlive/2013/texmf-dist/fonts/t
ype1/public/amsfonts/cm/cmsy5.pfb></usr/local/texlive/2013/texmf-dist/fonts/typ
e1/public/amsfonts/cm/cmsy7.pfb></usr/local/texlive/2013/texmf-dist/fonts/type1
/public/amsfonts/cm/cmti10.pfb></usr/local/texlive/2013/texmf-dist/fonts/type1/
public/amsfonts/cm/cmtt10.pfb>
Output written on thesis.pdf (126 pages, 13728460 bytes).
PDF statistics:
 1524 PDF objects out of 1728 (max. 8388607)
 1281 compressed objects within 13 object streams
 331 named destinations out of 1000 (max. 500000)
 885 words of extra memory for PDF output out of 10000 (max. 10000000)

