This is pdfTeX, Version 3.14159265-2.6-1.40.17 (TeX Live 2016) (preloaded format=latex 2016.8.15)  5 NOV 2017 18:31
entering extended mode
 restricted \write18 enabled.
 %&-line parsing enabled.
**thesis.tex
(./thesis.tex
LaTeX2e <2016/03/31>
Babel <3.9r> and hyphenation patterns for 22 language(s) loaded.
(./drexel-thesis.cls
Document Class: drexel-thesis 2013/05/21\ 0.15\ Drexel Thesis
(/usr/local/texlive/2016basic/texmf-dist/tex/latex/xkeyval/xkeyval.sty
Package: xkeyval 2014/12/03 v2.7a package option processing (HA)

(/usr/local/texlive/2016basic/texmf-dist/tex/generic/xkeyval/xkeyval.tex
(/usr/local/texlive/2016basic/texmf-dist/tex/generic/xkeyval/xkvutils.tex
\XKV@toks=\toks14
\XKV@tempa@toks=\toks15

(/usr/local/texlive/2016basic/texmf-dist/tex/generic/xkeyval/keyval.tex))
\XKV@depth=\count79
File: xkeyval.tex 2014/12/03 v2.7a key=value parser (HA)
))
(/usr/local/texlive/2016basic/texmf-dist/tex/latex/base/book.cls
Document Class: book 2014/09/29 v1.4h Standard LaTeX document class
(/usr/local/texlive/2016basic/texmf-dist/tex/latex/base/bk10.clo
File: bk10.clo 2014/09/29 v1.4h Standard LaTeX file (size option)
)
\c@part=\count80
\c@chapter=\count81
\c@section=\count82
\c@subsection=\count83
\c@subsubsection=\count84
\c@paragraph=\count85
\c@subparagraph=\count86
\c@figure=\count87
\c@table=\count88
\abovecaptionskip=\skip41
\belowcaptionskip=\skip42
\bibindent=\dimen102
)
(/usr/local/texlive/2016basic/texmf-dist/tex/latex/setspace/setspace.sty
Package: setspace 2011/12/19 v6.7a set line spacing
)
(/usr/local/texlive/2016basic/texmf-dist/tex/latex/tools/calc.sty
Package: calc 2014/10/28 v4.3 Infix arithmetic (KKT,FJ)
\calc@Acount=\count89
\calc@Bcount=\count90
\calc@Adimen=\dimen103
\calc@Bdimen=\dimen104
\calc@Askip=\skip43
\calc@Bskip=\skip44
LaTeX Info: Redefining \setlength on input line 80.
LaTeX Info: Redefining \addtolength on input line 81.
\calc@Ccount=\count91
\calc@Cskip=\skip45
)
(/usr/local/texlive/2016basic/texmf-dist/tex/latex/graphics/graphicx.sty
Package: graphicx 2014/10/28 v1.0g Enhanced LaTeX Graphics (DPC,SPQR)

(/usr/local/texlive/2016basic/texmf-dist/tex/latex/graphics/graphics.sty
Package: graphics 2016/05/09 v1.0r Standard LaTeX Graphics (DPC,SPQR)

(/usr/local/texlive/2016basic/texmf-dist/tex/latex/graphics/trig.sty
Package: trig 2016/01/03 v1.10 sin cos tan (DPC)
)
(/usr/local/texlive/2016basic/texmf-dist/tex/latex/graphics-cfg/graphics.cfg
File: graphics.cfg 2016/01/02 v1.10 sample graphics configuration
)
Package graphics Info: Driver file: dvips.def on input line 96.

(/usr/local/texlive/2016basic/texmf-dist/tex/latex/graphics/dvips.def
File: dvips.def 2015/12/30 v3.0k Driver-dependent file (DPC,SPQR)
))
\Gin@req@height=\dimen105
\Gin@req@width=\dimen106
)
(/usr/local/texlive/2016basic/texmf-dist/tex/latex/geometry/geometry.sty
Package: geometry 2010/09/12 v5.6 Page Geometry

(/usr/local/texlive/2016basic/texmf-dist/tex/generic/oberdiek/ifpdf.sty
Package: ifpdf 2016/05/14 v3.1 Provides the ifpdf switch
)
(/usr/local/texlive/2016basic/texmf-dist/tex/generic/oberdiek/ifvtex.sty
Package: ifvtex 2016/05/16 v1.6 Detect VTeX and its facilities (HO)
Package ifvtex Info: VTeX not detected.
)
(/usr/local/texlive/2016basic/texmf-dist/tex/generic/ifxetex/ifxetex.sty
Package: ifxetex 2010/09/12 v0.6 Provides ifxetex conditional
)
\Gm@cnth=\count92
\Gm@cntv=\count93
\c@Gm@tempcnt=\count94
\Gm@bindingoffset=\dimen107
\Gm@wd@mp=\dimen108
\Gm@odd@mp=\dimen109
\Gm@even@mp=\dimen110
\Gm@layoutwidth=\dimen111
\Gm@layoutheight=\dimen112
\Gm@layouthoffset=\dimen113
\Gm@layoutvoffset=\dimen114
\Gm@dimlist=\toks16
)
(/usr/local/texlive/2016basic/texmf-dist/tex/latex/tocloft/tocloft.sty
Package: tocloft 2013/05/02 v2.3f parameterised ToC, etc., typesetting
Package tocloft Info: The document has chapter divisions on input line 44.
\cftparskip=\skip46
\cftbeforetoctitleskip=\skip47
\cftaftertoctitleskip=\skip48
\cftbeforepartskip=\skip49
\cftpartnumwidth=\skip50
\cftpartindent=\skip51
\cftbeforechapskip=\skip52
\cftchapindent=\skip53
\cftchapnumwidth=\skip54
\cftbeforesecskip=\skip55
\cftsecindent=\skip56
\cftsecnumwidth=\skip57
\cftbeforesubsecskip=\skip58
\cftsubsecindent=\skip59
\cftsubsecnumwidth=\skip60
\cftbeforesubsubsecskip=\skip61
\cftsubsubsecindent=\skip62
\cftsubsubsecnumwidth=\skip63
\cftbeforeparaskip=\skip64
\cftparaindent=\skip65
\cftparanumwidth=\skip66
\cftbeforesubparaskip=\skip67
\cftsubparaindent=\skip68
\cftsubparanumwidth=\skip69
\cftbeforeloftitleskip=\skip70
\cftafterloftitleskip=\skip71
\cftbeforefigskip=\skip72
\cftfigindent=\skip73
\cftfignumwidth=\skip74
\cftbeforelottitleskip=\skip75
\cftafterlottitleskip=\skip76
\cftbeforetabskip=\skip77
\cfttabindent=\skip78
\cfttabnumwidth=\skip79
\cftbeforesubfigskip=\skip80
\cftsubfigindent=\skip81
\cftsubfignumwidth=\skip82
\cftbeforesubtabskip=\skip83
\cftsubtabindent=\skip84
\cftsubtabnumwidth=\skip85
)
(/usr/local/texlive/2016basic/texmf-dist/tex/latex/caption/caption.sty
Package: caption 2016/02/21 v3.3-144 Customizing captions (AR)

(/usr/local/texlive/2016basic/texmf-dist/tex/latex/caption/caption3.sty
Package: caption3 2016/02/04 v1.7-139 caption3 kernel (AR)
Package caption3 Info: TeX engine: e-TeX on input line 67.
\captionmargin=\dimen115
\captionmargin@=\dimen116
\captionwidth=\dimen117
\caption@tempdima=\dimen118
\caption@indent=\dimen119
\caption@parindent=\dimen120
\caption@hangindent=\dimen121
)
\c@ContinuedFloat=\count95
)
(/usr/local/texlive/2016basic/texmf-dist/tex/latex/floatrow/floatrow.sty
Package: floatrow 2008/08/02 v0.3b floatrow: float package extension
\c@float@type=\count96
\float@exts=\toks17
\float@box=\box26
\@floatcapt=\box27
Package floatrow Info: Modified float package code loaded on input line 455.
Package floatrow Info: Modified rotfloat package code loaded on input line 473.

\FR@everyfloat=\toks18
\flrow@foot=\insert199
\FB@wd=\dimen122
\FBo@wd=\dimen123
\FBc@wd=\dimen124
\FBo@ht=\skip86
\FBc@ht=\skip87
\FBf@ht=\skip88
\FBo@max=\skip89
\FBc@max=\skip90
\FBf@max=\skip91
\c@FBl@b=\count97
\floatbox@depth=\count98
\c@FRobj=\count99
\c@FRsobj=\count100
\Xhsize=\skip92
\sXhsize=\skip93
\Zhsize=\skip94
\sZhsize=\skip95
\flrow@rowbox=\box28
\FR@Zunitlength=\dimen125
\c@FBcnt=\count101
\FPOScnt=\count102
\LTleft=\skip96
\LTright=\skip97
\LTleft=\skip98
\LTright=\skip99
\flrow@types=\toks19
)
(/usr/local/texlive/2016basic/texmf-dist/tex/latex/floatrow/fr-subfig.sty
Package: fr-subfig 2007/12/24 v0.1g (beta) floatrow: additions for subfig


Package fr-subfig Warning: The additions cooperated with 
(fr-subfig)                version `2005/06/28 ver: 1.3' of package subfig,
(fr-subfig)                but only version
(fr-subfig)                \ver@subfig.sty '
(fr-subfig)                is available on input line 34.

\FBsc@max=\skip100
\FBso@max=\skip101
) (/usr/local/texlive/2016basic/texmf-dist/tex/latex/subfig/subfig.sty
Package: subfig 2005/06/28 ver: 1.3 subfig package
\c@KVtest=\count103
\sf@farskip=\skip102
\sf@captopadj=\dimen126
\sf@capskip=\skip103
\sf@nearskip=\skip104
\c@subfigure=\count104
\c@subfigure@save=\count105
\c@lofdepth=\count106
\c@subtable=\count107
\c@subtable@save=\count108
\c@lotdepth=\count109
\sf@top=\skip105
\sf@bottom=\skip106
)
(/usr/local/texlive/2016basic/texmf-dist/tex/latex/fancyhdr/fancyhdr.sty
\fancy@headwidth=\skip107
\f@ncyO@elh=\skip108
\f@ncyO@erh=\skip109
\f@ncyO@olh=\skip110
\f@ncyO@orh=\skip111
\f@ncyO@elf=\skip112
\f@ncyO@erf=\skip113
\f@ncyO@olf=\skip114
\f@ncyO@orf=\skip115
)

Package Fancyhdr Warning: \fancyfoot's `E' option without twoside option is use
less on input line 598.


Package Fancyhdr Warning: \fancyfoot's `E' option without twoside option is use
less on input line 599.


Package Fancyhdr Warning: \fancyhead's `E' option without twoside option is use
less on input line 600.

\c@@DUT@advisors=\count110
\@DUT@baselineskip=\skip116
\@DUT@blanklines@length=\skip117
(/usr/local/texlive/2016basic/texmf-dist/tex/latex/hyperref/hyperref.sty
Package: hyperref 2016/05/05 v6.83n Hypertext links for LaTeX

(/usr/local/texlive/2016basic/texmf-dist/tex/generic/oberdiek/hobsub-hyperref.s
ty
Package: hobsub-hyperref 2016/05/16 v1.14 Bundle oberdiek, subset hyperref (HO)


(/usr/local/texlive/2016basic/texmf-dist/tex/generic/oberdiek/hobsub-generic.st
y
Package: hobsub-generic 2016/05/16 v1.14 Bundle oberdiek, subset generic (HO)
Package: hobsub 2016/05/16 v1.14 Construct package bundles (HO)
Package: infwarerr 2016/05/16 v1.4 Providing info/warning/error messages (HO)
Package: ltxcmds 2016/05/16 v1.23 LaTeX kernel commands for general use (HO)
Package: ifluatex 2016/05/16 v1.4 Provides the ifluatex switch (HO)
Package ifluatex Info: LuaTeX not detected.
Package hobsub Info: Skipping package `ifvtex' (already loaded).
Package: intcalc 2016/05/16 v1.2 Expandable calculations with integers (HO)
Package hobsub Info: Skipping package `ifpdf' (already loaded).
Package: etexcmds 2016/05/16 v1.6 Avoid name clashes with e-TeX commands (HO)
Package etexcmds Info: Could not find \expanded.
(etexcmds)             That can mean that you are not using pdfTeX 1.50 or
(etexcmds)             that some package has redefined \expanded.
(etexcmds)             In the latter case, load this package earlier.
Package: kvsetkeys 2016/05/16 v1.17 Key value parser (HO)
Package: kvdefinekeys 2016/05/16 v1.4 Define keys (HO)
Package: pdftexcmds 2016/05/10 v0.21 Utility functions of pdfTeX for LuaTeX (HO
)
Package pdftexcmds Info: LuaTeX not detected.
Package pdftexcmds Info: \pdf@primitive is available.
Package pdftexcmds Info: \pdf@ifprimitive is available.
Package pdftexcmds Info: \pdfdraftmode is ignored in DVI mode.
Package: pdfescape 2016/05/16 v1.14 Implements pdfTeX's escape features (HO)
Package: bigintcalc 2016/05/16 v1.4 Expandable calculations on big integers (HO
)
Package: bitset 2016/05/16 v1.2 Handle bit-vector datatype (HO)
Package: uniquecounter 2016/05/16 v1.3 Provide unlimited unique counter (HO)
)
Package hobsub Info: Skipping package `hobsub' (already loaded).
Package: letltxmacro 2016/05/16 v1.5 Let assignment for LaTeX macros (HO)
Package: hopatch 2016/05/16 v1.3 Wrapper for package hooks (HO)
Package: xcolor-patch 2016/05/16 xcolor patch
Package: atveryend 2016/05/16 v1.9 Hooks at the very end of document (HO)
Package atveryend Info: \enddocument detected (standard20110627).
Package: atbegshi 2016/05/16 v1.17 At begin shipout hook (HO)
Package: refcount 2016/05/16 v3.5 Data extraction from label references (HO)
Package: hycolor 2016/05/16 v1.8 Color options for hyperref/bookmark (HO)
) (/usr/local/texlive/2016basic/texmf-dist/tex/latex/oberdiek/auxhook.sty
Package: auxhook 2016/05/16 v1.4 Hooks for auxiliary files (HO)
)
(/usr/local/texlive/2016basic/texmf-dist/tex/latex/oberdiek/kvoptions.sty
Package: kvoptions 2016/05/16 v3.12 Key value format for package options (HO)
)
\@linkdim=\dimen127
\Hy@linkcounter=\count111
\Hy@pagecounter=\count112

(/usr/local/texlive/2016basic/texmf-dist/tex/latex/hyperref/pd1enc.def
File: pd1enc.def 2016/05/05 v6.83n Hyperref: PDFDocEncoding definition (HO)
)
\Hy@SavedSpaceFactor=\count113

(/usr/local/texlive/2016basic/texmf-dist/tex/latex/latexconfig/hyperref.cfg
File: hyperref.cfg 2002/06/06 v1.2 hyperref configuration of TeXLive
)
Package hyperref Info: Option `final' set `true' on input line 4322.
Package hyperref Info: Option `final' set `true' on input line 4322.
Package hyperref Info: Hyper figures OFF on input line 4446.
Package hyperref Info: Link nesting OFF on input line 4451.
Package hyperref Info: Hyper index ON on input line 4454.
Package hyperref Info: Plain pages OFF on input line 4461.
Package hyperref Info: Backreferencing OFF on input line 4466.
Package hyperref Info: Implicit mode ON; LaTeX internals redefined.
Package hyperref Info: Bookmarks ON on input line 4691.
\c@Hy@tempcnt=\count114

(/usr/local/texlive/2016basic/texmf-dist/tex/latex/url/url.sty
\Urlmuskip=\muskip10
Package: url 2013/09/16  ver 3.4  Verb mode for urls, etc.
)
LaTeX Info: Redefining \url on input line 5044.
\XeTeXLinkMargin=\dimen128
\Fld@menulength=\count115
\Field@Width=\dimen129
\Fld@charsize=\dimen130
Package hyperref Info: Hyper figures OFF on input line 6298.
Package hyperref Info: Link nesting OFF on input line 6303.
Package hyperref Info: Hyper index ON on input line 6306.
Package hyperref Info: backreferencing OFF on input line 6313.
Package hyperref Info: Link coloring OFF on input line 6318.
Package hyperref Info: Link coloring with OCG OFF on input line 6323.
Package hyperref Info: PDF/A mode OFF on input line 6328.
LaTeX Info: Redefining \ref on input line 6368.
LaTeX Info: Redefining \pageref on input line 6372.
\Hy@abspage=\count116
\c@Item=\count117
\c@Hfootnote=\count118
)

Package hyperref Message: Driver (default): hdvips.

(/usr/local/texlive/2016basic/texmf-dist/tex/latex/hyperref/hdvips.def
File: hdvips.def 2016/05/05 v6.83n Hyperref driver for dvips

(/usr/local/texlive/2016basic/texmf-dist/tex/latex/hyperref/pdfmark.def
File: pdfmark.def 2016/05/05 v6.83n Hyperref definitions for pdfmark specials
\pdf@docset=\toks20
\pdf@box=\box29
\pdf@toks=\toks21
\pdf@defaulttoks=\toks22
\HyField@AnnotCount=\count119
\Fld@listcount=\count120
\c@bookmark@seq@number=\count121

(/usr/local/texlive/2016basic/texmf-dist/tex/latex/oberdiek/rerunfilecheck.sty
Package: rerunfilecheck 2016/05/16 v1.8 Rerun checks for auxiliary files (HO)
Package uniquecounter Info: New unique counter `rerunfilecheck' on input line 2
82.
)
\Hy@SectionHShift=\skip118
))
Package hyperref Info: Option `colorlinks' set `true' on input line 751.
 (/usr/local/texlive/2016basic/texmf-dist/tex/latex/oberdiek/hypcap.sty
Package: hypcap 2016/05/16 v1.12 Adjusting the anchors of captions (HO)
)
\l@DUT@toc@sep=\skip119
)
(/usr/local/texlive/2016basic/texmf-dist/tex/latex/marvosym/marvosym.sty
Package: marvosym 2011/07/20 v2.2 Martin Vogel's Symbols font definitions
)
(/usr/local/texlive/2016basic/texmf-dist/tex/latex/parskip/parskip.sty
Package: parskip 2001/04/09 non-zero parskip adjustments
)
(/usr/local/texlive/2016basic/texmf-dist/tex/latex/graphics/color.sty
Package: color 2016/05/09 v1.1c Standard LaTeX Color (DPC)

(/usr/local/texlive/2016basic/texmf-dist/tex/latex/graphics-cfg/color.cfg
File: color.cfg 2016/01/02 v1.6 sample color configuration
)
Package color Info: Driver file: dvips.def on input line 144.

(/usr/local/texlive/2016basic/texmf-dist/tex/latex/graphics/dvipsnam.def
File: dvipsnam.def 2015/12/30 v3.0k Driver-dependent file (DPC,SPQR)
))
(/usr/local/texlive/2016basic/texmf-dist/tex/latex/xcolor/xcolor.sty
Package: xcolor 2016/05/11 v2.12 LaTeX color extensions (UK)

(/usr/local/texlive/2016basic/texmf-dist/tex/latex/graphics-cfg/color.cfg
File: color.cfg 2016/01/02 v1.6 sample color configuration
)
Package xcolor Info: Package option `usenames' ignored on input line 216.
Package xcolor Info: Driver file: dvips.def on input line 225.
LaTeX Info: Redefining \color on input line 709.
Package xcolor Info: Model `cmy' substituted by `cmy0' on input line 1348.
Package xcolor Info: Model `RGB' extended on input line 1364.
Package xcolor Info: Model `HTML' substituted by `rgb' on input line 1366.
Package xcolor Info: Model `Hsb' substituted by `hsb' on input line 1367.
Package xcolor Info: Model `tHsb' substituted by `hsb' on input line 1368.
Package xcolor Info: Model `HSB' substituted by `hsb' on input line 1369.
Package xcolor Info: Model `Gray' substituted by `gray' on input line 1370.
Package xcolor Info: Model `wave' substituted by `hsb' on input line 1371.

(/usr/local/texlive/2016basic/texmf-dist/tex/latex/graphics/dvipsnam.def
File: dvipsnam.def 2015/12/30 v3.0k Driver-dependent file (DPC,SPQR)
))
(/usr/local/texlive/2016basic/texmf-dist/tex/latex/tools/longtable.sty
Package: longtable 2014/10/28 v4.11 Multi-page Table package (DPC)
\LTleft=\skip120
\LTright=\skip121
\LTpre=\skip122
\LTpost=\skip123
\LTchunksize=\count122
\LTcapwidth=\dimen131
\LT@head=\box30
\LT@firsthead=\box31
\LT@foot=\box32
\LT@lastfoot=\box33
\LT@cols=\count123
\LT@rows=\count124
\c@LT@tables=\count125
\c@LT@chunks=\count126
\LT@p@ftn=\toks23
)
(/usr/local/texlive/2016basic/texmf-dist/tex/generic/genmisc/nth.sty
Package: nth 2002/02/27
)
(/usr/local/texlive/2016basic/texmf-dist/tex/latex/tools/verbatim.sty
Package: verbatim 2014/10/28 v1.5q LaTeX2e package for verbatim enhancements
\every@verbatim=\toks24
\verbatim@line=\toks25
\verbatim@in@stream=\read1
)
(/usr/local/texlive/2016basic/texmf-dist/tex/latex/amsmath/amsmath.sty
Package: amsmath 2016/03/10 v2.15b AMS math features
\@mathmargin=\skip124

For additional information on amsmath, use the `?' option.
(/usr/local/texlive/2016basic/texmf-dist/tex/latex/amsmath/amstext.sty
Package: amstext 2000/06/29 v2.01 AMS text

(/usr/local/texlive/2016basic/texmf-dist/tex/latex/amsmath/amsgen.sty
File: amsgen.sty 1999/11/30 v2.0 generic functions
\@emptytoks=\toks26
\ex@=\dimen132
))
(/usr/local/texlive/2016basic/texmf-dist/tex/latex/amsmath/amsbsy.sty
Package: amsbsy 1999/11/29 v1.2d Bold Symbols
\pmbraise@=\dimen133
)
(/usr/local/texlive/2016basic/texmf-dist/tex/latex/amsmath/amsopn.sty
Package: amsopn 2016/03/08 v2.02 operator names
)
\inf@bad=\count127
LaTeX Info: Redefining \frac on input line 199.
\uproot@=\count128
\leftroot@=\count129
LaTeX Info: Redefining \overline on input line 297.
\classnum@=\count130
\DOTSCASE@=\count131
LaTeX Info: Redefining \ldots on input line 394.
LaTeX Info: Redefining \dots on input line 397.
LaTeX Info: Redefining \cdots on input line 518.
\Mathstrutbox@=\box34
\strutbox@=\box35
\big@size=\dimen134
LaTeX Font Info:    Redeclaring font encoding OML on input line 634.
LaTeX Font Info:    Redeclaring font encoding OMS on input line 635.
\macc@depth=\count132
\c@MaxMatrixCols=\count133
\dotsspace@=\muskip11
\c@parentequation=\count134
\dspbrk@lvl=\count135
\tag@help=\toks27
\row@=\count136
\column@=\count137
\maxfields@=\count138
\andhelp@=\toks28
\eqnshift@=\dimen135
\alignsep@=\dimen136
\tagshift@=\dimen137
\tagwidth@=\dimen138
\totwidth@=\dimen139
\lineht@=\dimen140
\@envbody=\toks29
\multlinegap=\skip125
\multlinetaggap=\skip126
\mathdisplay@stack=\toks30
LaTeX Info: Redefining \[ on input line 2739.
LaTeX Info: Redefining \] on input line 2740.
)
(/usr/local/texlive/2016basic/texmf-dist/tex/latex/amsfonts/amssymb.sty
Package: amssymb 2013/01/14 v3.01 AMS font symbols

(/usr/local/texlive/2016basic/texmf-dist/tex/latex/amsfonts/amsfonts.sty
Package: amsfonts 2013/01/14 v3.01 Basic AMSFonts support
\symAMSa=\mathgroup4
\symAMSb=\mathgroup5
LaTeX Font Info:    Overwriting math alphabet `\mathfrak' in version `bold'
(Font)                  U/euf/m/n --> U/euf/b/n on input line 106.
))
(/usr/local/texlive/2016basic/texmf-dist/tex/latex/tools/bm.sty
Package: bm 2016/02/27 v1.2a Bold Symbol Support (DPC/FMi)
\symboldoperators=\mathgroup6
\symboldletters=\mathgroup7
\symboldsymbols=\mathgroup8
LaTeX Font Info:    Redeclaring math alphabet \mathbf on input line 142.
LaTeX Info: Redefining \bm on input line 208.
)
(/usr/local/texlive/2016basic/texmf-dist/tex/latex/placeins/placeins.sty
Package: placeins 2005/04/18  v 2.2
)
(/usr/local/texlive/2016basic/texmf-dist/tex/latex/listings/listings.sty
\lst@mode=\count139
\lst@gtempboxa=\box36
\lst@token=\toks31
\lst@length=\count140
\lst@currlwidth=\dimen141
\lst@column=\count141
\lst@pos=\count142
\lst@lostspace=\dimen142
\lst@width=\dimen143
\lst@newlines=\count143
\lst@lineno=\count144
\lst@maxwidth=\dimen144

(/usr/local/texlive/2016basic/texmf-dist/tex/latex/listings/lstmisc.sty
File: lstmisc.sty 2015/06/04 1.6 (Carsten Heinz)
\c@lstnumber=\count145
\lst@skipnumbers=\count146
\lst@framebox=\box37
)
(/usr/local/texlive/2016basic/texmf-dist/tex/latex/listings/listings.cfg
File: listings.cfg 2015/06/04 1.6 listings configuration
))
Package: listings 2015/06/04 1.6 (Carsten Heinz)

(/usr/local/texlive/2016basic/texmf-dist/tex/latex/natbib/natbib.sty
Package: natbib 2010/09/13 8.31b (PWD, AO)
\bibhang=\skip127
\bibsep=\skip128
LaTeX Info: Redefining \cite on input line 694.
\c@NAT@ctr=\count147
)
(/usr/local/texlive/2016basic/texmf-dist/tex/latex/fncychap/fncychap.sty
Package: fncychap 2007/07/30 v1.34 LaTeX package (Revised chapters)
\RW=\skip129
\mylen=\skip130
\myhi=\skip131
\px=\skip132
\py=\skip133
\pyy=\skip134
\pxx=\skip135
)
(./deluxetable.sty
Package: deluxetable 
\tnotemarkskip=\skip136
\@abovenoteskip=\dimen145
\pt@box=\box38
\pt@width=\dimen146
\pt@line=\count148
\pt@column=\count149
\pt@nlines=\count150
\pt@ncol=\count151
\pt@page=\count152
\tabbaseskip=\dimen147
\pt@tmpcapwidth=\dimen148
\spew@tblnotesbox=\box39
\restof@tblnotesbox=\box40
\noteheight=\dimen149
\pt@tabnoteminht=\dimen150
\firsttabskip=\dimen151
\captionbox=\box41
\pt@reduceline=\dimen152
\extra@vspace=\dimen153
)
(/usr/local/texlive/2016basic/texmf-dist/tex/latex/pgf/frontendlayer/tikz.sty
(/usr/local/texlive/2016basic/texmf-dist/tex/latex/pgf/basiclayer/pgf.sty
(/usr/local/texlive/2016basic/texmf-dist/tex/latex/pgf/utilities/pgfrcs.sty
(/usr/local/texlive/2016basic/texmf-dist/tex/generic/pgf/utilities/pgfutil-comm
on.tex
\pgfutil@everybye=\toks32
\pgfutil@tempdima=\dimen154
\pgfutil@tempdimb=\dimen155

(/usr/local/texlive/2016basic/texmf-dist/tex/generic/pgf/utilities/pgfutil-comm
on-lists.tex))
(/usr/local/texlive/2016basic/texmf-dist/tex/generic/pgf/utilities/pgfutil-late
x.def
\pgfutil@abb=\box42
 (/usr/local/texlive/2016basic/texmf-dist/tex/latex/ms/everyshi.sty
Package: everyshi 2001/05/15 v3.00 EveryShipout Package (MS)
))
(/usr/local/texlive/2016basic/texmf-dist/tex/generic/pgf/utilities/pgfrcs.code.
tex
Package: pgfrcs 2015/08/07 v3.0.1a (rcs-revision 1.31)
))
Package: pgf 2015/08/07 v3.0.1a (rcs-revision 1.15)

(/usr/local/texlive/2016basic/texmf-dist/tex/latex/pgf/basiclayer/pgfcore.sty
(/usr/local/texlive/2016basic/texmf-dist/tex/latex/pgf/systemlayer/pgfsys.sty
(/usr/local/texlive/2016basic/texmf-dist/tex/generic/pgf/systemlayer/pgfsys.cod
e.tex
Package: pgfsys 2014/07/09 v3.0.1a (rcs-revision 1.48)

(/usr/local/texlive/2016basic/texmf-dist/tex/generic/pgf/utilities/pgfkeys.code
.tex
\pgfkeys@pathtoks=\toks33
\pgfkeys@temptoks=\toks34

(/usr/local/texlive/2016basic/texmf-dist/tex/generic/pgf/utilities/pgfkeysfilte
red.code.tex
\pgfkeys@tmptoks=\toks35
))
\pgf@x=\dimen156
\pgf@y=\dimen157
\pgf@xa=\dimen158
\pgf@ya=\dimen159
\pgf@xb=\dimen160
\pgf@yb=\dimen161
\pgf@xc=\dimen162
\pgf@yc=\dimen163
\w@pgf@writea=\write3
\r@pgf@reada=\read2
\c@pgf@counta=\count153
\c@pgf@countb=\count154
\c@pgf@countc=\count155
\c@pgf@countd=\count156
\t@pgf@toka=\toks36
\t@pgf@tokb=\toks37
\t@pgf@tokc=\toks38

(/usr/local/texlive/2016basic/texmf-dist/tex/generic/pgf/systemlayer/pgf.cfg
File: pgf.cfg 2008/05/14  (rcs-revision 1.7)
)
Driver file for pgf: pgfsys-dvips.def

(/usr/local/texlive/2016basic/texmf-dist/tex/generic/pgf/systemlayer/pgfsys-dvi
ps.def
File: pgfsys-dvips.def 2014/07/09  (rcs-revision 1.25)

(/usr/local/texlive/2016basic/texmf-dist/tex/generic/pgf/systemlayer/pgfsys-com
mon-postscript.def
File: pgfsys-common-postscript.def 2008/10/01  (rcs-revision 1.22)
\pgf@objectcount=\count157
)))
(/usr/local/texlive/2016basic/texmf-dist/tex/generic/pgf/systemlayer/pgfsyssoft
path.code.tex
File: pgfsyssoftpath.code.tex 2013/09/09  (rcs-revision 1.9)
\pgfsyssoftpath@smallbuffer@items=\count158
\pgfsyssoftpath@bigbuffer@items=\count159
)
(/usr/local/texlive/2016basic/texmf-dist/tex/generic/pgf/systemlayer/pgfsysprot
ocol.code.tex
File: pgfsysprotocol.code.tex 2006/10/16  (rcs-revision 1.4)
))
(/usr/local/texlive/2016basic/texmf-dist/tex/generic/pgf/basiclayer/pgfcore.cod
e.tex
Package: pgfcore 2010/04/11 v3.0.1a (rcs-revision 1.7)

(/usr/local/texlive/2016basic/texmf-dist/tex/generic/pgf/math/pgfmath.code.tex
(/usr/local/texlive/2016basic/texmf-dist/tex/generic/pgf/math/pgfmathcalc.code.
tex
(/usr/local/texlive/2016basic/texmf-dist/tex/generic/pgf/math/pgfmathutil.code.
tex)
(/usr/local/texlive/2016basic/texmf-dist/tex/generic/pgf/math/pgfmathparser.cod
e.tex
\pgfmath@dimen=\dimen164
\pgfmath@count=\count160
\pgfmath@box=\box43
\pgfmath@toks=\toks39
\pgfmath@stack@operand=\toks40
\pgfmath@stack@operation=\toks41
)
(/usr/local/texlive/2016basic/texmf-dist/tex/generic/pgf/math/pgfmathfunctions.
code.tex
(/usr/local/texlive/2016basic/texmf-dist/tex/generic/pgf/math/pgfmathfunctions.
basic.code.tex)
(/usr/local/texlive/2016basic/texmf-dist/tex/generic/pgf/math/pgfmathfunctions.
trigonometric.code.tex)
(/usr/local/texlive/2016basic/texmf-dist/tex/generic/pgf/math/pgfmathfunctions.
random.code.tex)
(/usr/local/texlive/2016basic/texmf-dist/tex/generic/pgf/math/pgfmathfunctions.
comparison.code.tex)
(/usr/local/texlive/2016basic/texmf-dist/tex/generic/pgf/math/pgfmathfunctions.
base.code.tex)
(/usr/local/texlive/2016basic/texmf-dist/tex/generic/pgf/math/pgfmathfunctions.
round.code.tex)
(/usr/local/texlive/2016basic/texmf-dist/tex/generic/pgf/math/pgfmathfunctions.
misc.code.tex)
(/usr/local/texlive/2016basic/texmf-dist/tex/generic/pgf/math/pgfmathfunctions.
integerarithmetics.code.tex)))
(/usr/local/texlive/2016basic/texmf-dist/tex/generic/pgf/math/pgfmathfloat.code
.tex
\c@pgfmathroundto@lastzeros=\count161
))
(/usr/local/texlive/2016basic/texmf-dist/tex/generic/pgf/basiclayer/pgfcorepoin
ts.code.tex
File: pgfcorepoints.code.tex 2013/10/07  (rcs-revision 1.27)
\pgf@picminx=\dimen165
\pgf@picmaxx=\dimen166
\pgf@picminy=\dimen167
\pgf@picmaxy=\dimen168
\pgf@pathminx=\dimen169
\pgf@pathmaxx=\dimen170
\pgf@pathminy=\dimen171
\pgf@pathmaxy=\dimen172
\pgf@xx=\dimen173
\pgf@xy=\dimen174
\pgf@yx=\dimen175
\pgf@yy=\dimen176
\pgf@zx=\dimen177
\pgf@zy=\dimen178
)
(/usr/local/texlive/2016basic/texmf-dist/tex/generic/pgf/basiclayer/pgfcorepath
construct.code.tex
File: pgfcorepathconstruct.code.tex 2013/10/07  (rcs-revision 1.29)
\pgf@path@lastx=\dimen179
\pgf@path@lasty=\dimen180
)
(/usr/local/texlive/2016basic/texmf-dist/tex/generic/pgf/basiclayer/pgfcorepath
usage.code.tex
File: pgfcorepathusage.code.tex 2014/11/02  (rcs-revision 1.24)
\pgf@shorten@end@additional=\dimen181
\pgf@shorten@start@additional=\dimen182
)
(/usr/local/texlive/2016basic/texmf-dist/tex/generic/pgf/basiclayer/pgfcorescop
es.code.tex
File: pgfcorescopes.code.tex 2015/05/08  (rcs-revision 1.46)
\pgfpic=\box44
\pgf@hbox=\box45
\pgf@layerbox@main=\box46
\pgf@picture@serial@count=\count162
)
(/usr/local/texlive/2016basic/texmf-dist/tex/generic/pgf/basiclayer/pgfcoregrap
hicstate.code.tex
File: pgfcoregraphicstate.code.tex 2014/11/02  (rcs-revision 1.12)
\pgflinewidth=\dimen183
)
(/usr/local/texlive/2016basic/texmf-dist/tex/generic/pgf/basiclayer/pgfcoretran
sformations.code.tex
File: pgfcoretransformations.code.tex 2015/08/07  (rcs-revision 1.20)
\pgf@pt@x=\dimen184
\pgf@pt@y=\dimen185
\pgf@pt@temp=\dimen186
)
(/usr/local/texlive/2016basic/texmf-dist/tex/generic/pgf/basiclayer/pgfcorequic
k.code.tex
File: pgfcorequick.code.tex 2008/10/09  (rcs-revision 1.3)
)
(/usr/local/texlive/2016basic/texmf-dist/tex/generic/pgf/basiclayer/pgfcoreobje
cts.code.tex
File: pgfcoreobjects.code.tex 2006/10/11  (rcs-revision 1.2)
)
(/usr/local/texlive/2016basic/texmf-dist/tex/generic/pgf/basiclayer/pgfcorepath
processing.code.tex
File: pgfcorepathprocessing.code.tex 2013/09/09  (rcs-revision 1.9)
)
(/usr/local/texlive/2016basic/texmf-dist/tex/generic/pgf/basiclayer/pgfcorearro
ws.code.tex
File: pgfcorearrows.code.tex 2015/05/14  (rcs-revision 1.43)
\pgfarrowsep=\dimen187
)
(/usr/local/texlive/2016basic/texmf-dist/tex/generic/pgf/basiclayer/pgfcoreshad
e.code.tex
File: pgfcoreshade.code.tex 2013/07/15  (rcs-revision 1.15)
\pgf@max=\dimen188
\pgf@sys@shading@range@num=\count163
)
(/usr/local/texlive/2016basic/texmf-dist/tex/generic/pgf/basiclayer/pgfcoreimag
e.code.tex
File: pgfcoreimage.code.tex 2013/07/15  (rcs-revision 1.18)

(/usr/local/texlive/2016basic/texmf-dist/tex/generic/pgf/basiclayer/pgfcoreexte
rnal.code.tex
File: pgfcoreexternal.code.tex 2014/07/09  (rcs-revision 1.21)
\pgfexternal@startupbox=\box47
))
(/usr/local/texlive/2016basic/texmf-dist/tex/generic/pgf/basiclayer/pgfcorelaye
rs.code.tex
File: pgfcorelayers.code.tex 2013/07/18  (rcs-revision 1.7)
)
(/usr/local/texlive/2016basic/texmf-dist/tex/generic/pgf/basiclayer/pgfcoretran
sparency.code.tex
File: pgfcoretransparency.code.tex 2013/09/30  (rcs-revision 1.5)
)
(/usr/local/texlive/2016basic/texmf-dist/tex/generic/pgf/basiclayer/pgfcorepatt
erns.code.tex
File: pgfcorepatterns.code.tex 2013/11/07  (rcs-revision 1.5)
)))
(/usr/local/texlive/2016basic/texmf-dist/tex/generic/pgf/modules/pgfmoduleshape
s.code.tex
File: pgfmoduleshapes.code.tex 2014/03/21  (rcs-revision 1.35)
\pgfnodeparttextbox=\box48
)
(/usr/local/texlive/2016basic/texmf-dist/tex/generic/pgf/modules/pgfmoduleplot.
code.tex
File: pgfmoduleplot.code.tex 2015/08/03  (rcs-revision 1.13)
)
(/usr/local/texlive/2016basic/texmf-dist/tex/latex/pgf/compatibility/pgfcomp-ve
rsion-0-65.sty
Package: pgfcomp-version-0-65 2007/07/03 v3.0.1a (rcs-revision 1.7)
\pgf@nodesepstart=\dimen189
\pgf@nodesepend=\dimen190
)
(/usr/local/texlive/2016basic/texmf-dist/tex/latex/pgf/compatibility/pgfcomp-ve
rsion-1-18.sty
Package: pgfcomp-version-1-18 2007/07/23 v3.0.1a (rcs-revision 1.1)
))
(/usr/local/texlive/2016basic/texmf-dist/tex/latex/pgf/utilities/pgffor.sty
(/usr/local/texlive/2016basic/texmf-dist/tex/latex/pgf/utilities/pgfkeys.sty
(/usr/local/texlive/2016basic/texmf-dist/tex/generic/pgf/utilities/pgfkeys.code
.tex)) (/usr/local/texlive/2016basic/texmf-dist/tex/latex/pgf/math/pgfmath.sty
(/usr/local/texlive/2016basic/texmf-dist/tex/generic/pgf/math/pgfmath.code.tex)
)
(/usr/local/texlive/2016basic/texmf-dist/tex/generic/pgf/utilities/pgffor.code.
tex
Package: pgffor 2013/12/13 v3.0.1a (rcs-revision 1.25)

(/usr/local/texlive/2016basic/texmf-dist/tex/generic/pgf/math/pgfmath.code.tex)
\pgffor@iter=\dimen191
\pgffor@skip=\dimen192
\pgffor@stack=\toks42
\pgffor@toks=\toks43
))
(/usr/local/texlive/2016basic/texmf-dist/tex/generic/pgf/frontendlayer/tikz/tik
z.code.tex
Package: tikz 2015/08/07 v3.0.1a (rcs-revision 1.151)

(/usr/local/texlive/2016basic/texmf-dist/tex/generic/pgf/libraries/pgflibrarypl
othandlers.code.tex
File: pgflibraryplothandlers.code.tex 2013/08/31 v3.0.1a (rcs-revision 1.20)
\pgf@plot@mark@count=\count164
\pgfplotmarksize=\dimen193
)
\tikz@lastx=\dimen194
\tikz@lasty=\dimen195
\tikz@lastxsaved=\dimen196
\tikz@lastysaved=\dimen197
\tikzleveldistance=\dimen198
\tikzsiblingdistance=\dimen256
\tikz@figbox=\box49
\tikz@figbox@bg=\box50
\tikz@tempbox=\box51
\tikz@tempbox@bg=\box52
\tikztreelevel=\count165
\tikznumberofchildren=\count166
\tikznumberofcurrentchild=\count167
\tikz@fig@count=\count168

(/usr/local/texlive/2016basic/texmf-dist/tex/generic/pgf/modules/pgfmodulematri
x.code.tex
File: pgfmodulematrix.code.tex 2013/09/17  (rcs-revision 1.8)
\pgfmatrixcurrentrow=\count169
\pgfmatrixcurrentcolumn=\count170
\pgf@matrix@numberofcolumns=\count171
)
\tikz@expandcount=\count172

(/usr/local/texlive/2016basic/texmf-dist/tex/generic/pgf/frontendlayer/tikz/lib
raries/tikzlibrarytopaths.code.tex
File: tikzlibrarytopaths.code.tex 2008/06/17 v3.0.1a (rcs-revision 1.2)
))) (./tkz-berge.sty
Package: tkz-berge 13/01/2009 v 2.8 tkz-berge for named graphs
 (./tkz-graph.sty
Package: tkz-graph 18/11/2008 v 2.7d base for graphs

(/usr/local/texlive/2016basic/texmf-dist/tex/latex/etex-pkg/etex.sty
Package: etex 2016/01/11 v2.6 eTeX basic definition package (PEB,DPC)


Package etex Warning: Extended allocation already in use.
(etex)                etex.sty code will not be used.
(etex)                To force etex package to load, add
(etex)                \RequirePackage{etex}
(etex)                at the start of the document.

) (/usr/local/texlive/2016basic/texmf-dist/tex/latex/base/ifthen.sty
Package: ifthen 2014/09/29 v1.1c Standard LaTeX ifthen package (DPC)
)
\c@tkzb@ca=\count173
\c@tkzb@cb=\count174
\c@tkzb@cc=\count175
\c@tkzb@v=\count176
\c@tkzb@cd=\count177
\c@tkzb@ce=\count178
\c@tkzb@cf=\count179
\c@tkzb@temp=\count180
\c@tkzb@int=\count181
\c@tkzb@next=\count182
\c@tkzb@ta=\count183
\c@tkzb@tb=\count184
\node@distance=\dimen257
)
(./tkz-arith.sty
Package: tkz-arith 2010/04/16 v0.93c integers numbers
 (./tkz-arith.tex
\tkz@prim@a=\count185
\tkz@prim@b=\count186
\tkzprim@a=\count187
\tkzprim@b=\count188
\tkzprim@r=\count189
\tkzprim@q=\count190
\tkzprim@n=\count191
\tkzprim@d=\count192
\tkzprim@last=\count193
\NbOfPrimFactor=\count194
)))
(/usr/local/texlive/2016basic/texmf-dist/tex/generic/pgf/frontendlayer/tikz/lib
raries/tikzlibraryshapes.code.tex
File: tikzlibraryshapes.code.tex 2008/01/09 v3.0.1a (rcs-revision 1.1)

(/usr/local/texlive/2016basic/texmf-dist/tex/generic/pgf/frontendlayer/tikz/lib
raries/tikzlibraryshapes.geometric.code.tex
File: tikzlibraryshapes.geometric.code.tex 2008/01/09 v3.0.1a (rcs-revision 1.1
)

(/usr/local/texlive/2016basic/texmf-dist/tex/generic/pgf/libraries/shapes/pgfli
braryshapes.geometric.code.tex
File: pgflibraryshapes.geometric.code.tex 2008/06/26 v3.0.1a (rcs-revision 1.1)

))
(/usr/local/texlive/2016basic/texmf-dist/tex/generic/pgf/frontendlayer/tikz/lib
raries/tikzlibraryshapes.misc.code.tex
File: tikzlibraryshapes.misc.code.tex 2008/01/09 v3.0.1a (rcs-revision 1.1)

(/usr/local/texlive/2016basic/texmf-dist/tex/generic/pgf/libraries/shapes/pgfli
braryshapes.misc.code.tex
File: pgflibraryshapes.misc.code.tex 2013/07/18 v3.0.1a (rcs-revision 1.5)
))
(/usr/local/texlive/2016basic/texmf-dist/tex/generic/pgf/frontendlayer/tikz/lib
raries/tikzlibraryshapes.symbols.code.tex
File: tikzlibraryshapes.symbols.code.tex 2008/01/09 v3.0.1a (rcs-revision 1.1)

(/usr/local/texlive/2016basic/texmf-dist/tex/generic/pgf/libraries/shapes/pgfli
braryshapes.symbols.code.tex
File: pgflibraryshapes.symbols.code.tex 2013/09/11 v3.0.1a (rcs-revision 1.6)
))
(/usr/local/texlive/2016basic/texmf-dist/tex/generic/pgf/frontendlayer/tikz/lib
raries/tikzlibraryshapes.arrows.code.tex
File: tikzlibraryshapes.arrows.code.tex 2008/01/09 v3.0.1a (rcs-revision 1.1)

(/usr/local/texlive/2016basic/texmf-dist/tex/generic/pgf/libraries/shapes/pgfli
braryshapes.arrows.code.tex
File: pgflibraryshapes.arrows.code.tex 2008/06/26 v3.0.1a (rcs-revision 1.1)
))
(/usr/local/texlive/2016basic/texmf-dist/tex/generic/pgf/frontendlayer/tikz/lib
raries/tikzlibraryshapes.callouts.code.tex
(/usr/local/texlive/2016basic/texmf-dist/tex/generic/pgf/libraries/shapes/pgfli
braryshapes.callouts.code.tex))
(/usr/local/texlive/2016basic/texmf-dist/tex/generic/pgf/frontendlayer/tikz/lib
raries/tikzlibraryshapes.multipart.code.tex
File: tikzlibraryshapes.multipart.code.tex 2008/01/09 v3.0.1a (rcs-revision 1.1
)

(/usr/local/texlive/2016basic/texmf-dist/tex/generic/pgf/libraries/shapes/pgfli
braryshapes.multipart.code.tex
File: pgflibraryshapes.multipart.code.tex 2010/01/07 v3.0.1a (rcs-revision 1.2)

\pgfnodepartlowerbox=\box53
\pgfnodeparttwobox=\box54
\pgfnodepartthreebox=\box55
\pgfnodepartfourbox=\box56
\pgfnodeparttwentybox=\box57
\pgfnodepartnineteenbox=\box58
\pgfnodeparteighteenbox=\box59
\pgfnodepartseventeenbox=\box60
\pgfnodepartsixteenbox=\box61
\pgfnodepartfifteenbox=\box62
\pgfnodepartfourteenbox=\box63
\pgfnodepartthirteenbox=\box64
\pgfnodeparttwelvebox=\box65
\pgfnodepartelevenbox=\box66
\pgfnodeparttenbox=\box67
\pgfnodepartninebox=\box68
\pgfnodeparteightbox=\box69
\pgfnodepartsevenbox=\box70
\pgfnodepartsixbox=\box71
\pgfnodepartfivebox=\box72
))) (./supplement/customizations.tex
Package hyperref Info: Option `colorlinks' set `true' on input line 83.

(/usr/local/texlive/2016basic/texmf-dist/tex/latex/datetime/datetime.sty
Package: datetime 2015/03/20 v2.60 Date Time Package

(/usr/local/texlive/2016basic/texmf-dist/tex/latex/etoolbox/etoolbox.sty
Package: etoolbox 2015/08/02 v2.2a e-TeX tools for LaTeX (JAW)
\etb@tempcnta=\count195
)
(/usr/local/texlive/2016basic/texmf-dist/tex/latex/fmtcount/fmtcount.sty
Package: fmtcount 2015/05/05 v3.01

(/usr/local/texlive/2016basic/texmf-dist/tex/latex/fmtcount/fcprefix.sty
Package: fcprefix 2012/09/28

(/usr/local/texlive/2016basic/texmf-dist/tex/latex/fmtcount/fcnumparser.sty
Package: fcnumparser 2012/09/28
\fc@digit@counter=\count196
))
\c@padzeroesN=\count197
\fc@tmpcatcode=\count198
\@DT@modctr=\count266
\@ordinalctr=\count267
\@orgargctr=\count268
\@strctr=\count269
\@tmpstrctr=\count270
\@DT@loopN=\count271
\@DT@X=\count272


Package fmtcount Warning: \ordinal already defined use \FCordinal instead. on i
nput line 516.

(/usr/local/texlive/2016basic/texmf-dist/tex/latex/fmtcount/fc-english.def
File: fc-english.def 2013/08/17
))
(/usr/local/texlive/2016basic/texmf-dist/tex/latex/datetime/datetime-defaults.s
ty
Package: datetime-defaults 2013/09/10
)
\@day=\count273
\@month=\count274
\@year=\count275
\c@HOUR=\count276
\c@HOURXII=\count277
\c@MINUTE=\count278
\c@TOHOUR=\count279
\c@TOMINUTE=\count280
\c@SECOND=\count281
\currenthour=\count282
\currentminute=\count283
\currentsecond=\count284
Package datetime Info: No datetime.cfg file found, using default settings on in
put line 308.
\@dtctr=\count285
\dayofyear=\count286
\dayofweek=\count287
LaTeX Info: Redefining \today on input line 736.
\dt@a=\toks44
\dt@b=\toks45
) (./draftmark.sty
Package: draftmark 2009/10/07 v1.2 Puts user-specified watermarks on select doc
ument pages (Ahmed Musa)

(/usr/local/texlive/2016basic/texmf-dist/tex/latex/base/fix-cm.sty
Package: fix-cm 2015/01/14 v1.1t fixes to LaTeX

(/usr/local/texlive/2016basic/texmf-dist/tex/latex/base/ts1enc.def
File: ts1enc.def 2001/06/05 v3.0e (jk/car/fm) Standard LaTeX file
))
(/usr/local/texlive/2016basic/texmf-dist/tex/latex/etextools/etextools.sty
Package: etextools 2010/12/07 v3.1415926 e-TeX more useful tools for LaTeX pack
age writers
\ettl@fter=\count288
\ettl@for@nested=\count289
)
(/usr/local/texlive/2016basic/texmf-dist/tex/latex/oberdiek/picture.sty
Package: picture 2016/05/16 v1.4 Dimens for picture macros (HO)
Package picture Info: Calculation method: calc.
)
(/usr/local/texlive/2016basic/texmf-dist/tex/latex/xifthen/xifthen.sty
Package: xifthen 2015/11/05 v1.4.0 Extended ifthen features

(/usr/local/texlive/2016basic/texmf-dist/tex/latex/ifmtarg/ifmtarg.sty
Package: ifmtarg 2009/09/02 v1.2a check for an empty argument
))
(/usr/local/texlive/2016basic/texmf-dist/tex/latex/ltxnew/ltxnew.sty
Package: ltxnew 2011/03/02 v1.3 provides the new and renew prefixes for checkin
g definitions
)
\c@dmark@page=\count290
\dmark@xcoord=\dimen258
\dmark@ycoord=\dimen259

(./pagerange.sty
Package: pagerange 2010/02/04 v0.5 Split page ranges intelligently (Ahmed Musa)


(/usr/local/texlive/2016basic/texmf-dist/tex/latex/lastpage/lastpage.sty
Package: lastpage 2015/03/29 v1.2m Refers to last page's name (HMM; JPG)
)
\prg@tempcnta=\count291
\prg@tempcntb=\count292
\prg@tempcntc=\count293
)
Package draftmark Info: Option 'final': no draftmark printed.
))
(/usr/local/texlive/2016basic/texmf-dist/tex/latex/base/textcomp.sty
Package: textcomp 2005/09/27 v1.99g Standard LaTeX package
Package textcomp Info: Sub-encoding information:
(textcomp)               5 = only ISO-Adobe without \textcurrency
(textcomp)               4 = 5 + \texteuro
(textcomp)               3 = 4 + \textohm
(textcomp)               2 = 3 + \textestimated + \textcurrency
(textcomp)               1 = TS1 - \textcircled - \t
(textcomp)               0 = TS1 (full)
(textcomp)             Font families with sub-encoding setting implement
(textcomp)             only a restricted character set as indicated.
(textcomp)             Family '?' is the default used for unknown fonts.
(textcomp)             See the documentation for details.
Package textcomp Info: Setting ? sub-encoding to TS1/1 on input line 79.

(/usr/local/texlive/2016basic/texmf-dist/tex/latex/base/ts1enc.def
File: ts1enc.def 2001/06/05 v3.0e (jk/car/fm) Standard LaTeX file
LaTeX Font Info:    Redeclaring font encoding TS1 on input line 47.
)
LaTeX Info: Redefining \oldstylenums on input line 334.
Package textcomp Info: Setting cmr sub-encoding to TS1/0 on input line 349.
Package textcomp Info: Setting cmss sub-encoding to TS1/0 on input line 350.
Package textcomp Info: Setting cmtt sub-encoding to TS1/0 on input line 351.
Package textcomp Info: Setting cmvtt sub-encoding to TS1/0 on input line 352.
Package textcomp Info: Setting cmbr sub-encoding to TS1/0 on input line 353.
Package textcomp Info: Setting cmtl sub-encoding to TS1/0 on input line 354.
Package textcomp Info: Setting ccr sub-encoding to TS1/0 on input line 355.
Package textcomp Info: Setting ptm sub-encoding to TS1/4 on input line 356.
Package textcomp Info: Setting pcr sub-encoding to TS1/4 on input line 357.
Package textcomp Info: Setting phv sub-encoding to TS1/4 on input line 358.
Package textcomp Info: Setting ppl sub-encoding to TS1/3 on input line 359.
Package textcomp Info: Setting pag sub-encoding to TS1/4 on input line 360.
Package textcomp Info: Setting pbk sub-encoding to TS1/4 on input line 361.
Package textcomp Info: Setting pnc sub-encoding to TS1/4 on input line 362.
Package textcomp Info: Setting pzc sub-encoding to TS1/4 on input line 363.
Package textcomp Info: Setting bch sub-encoding to TS1/4 on input line 364.
Package textcomp Info: Setting put sub-encoding to TS1/5 on input line 365.
Package textcomp Info: Setting uag sub-encoding to TS1/5 on input line 366.
Package textcomp Info: Setting ugq sub-encoding to TS1/5 on input line 367.
Package textcomp Info: Setting ul8 sub-encoding to TS1/4 on input line 368.
Package textcomp Info: Setting ul9 sub-encoding to TS1/4 on input line 369.
Package textcomp Info: Setting augie sub-encoding to TS1/5 on input line 370.
Package textcomp Info: Setting dayrom sub-encoding to TS1/3 on input line 371.
Package textcomp Info: Setting dayroms sub-encoding to TS1/3 on input line 372.

Package textcomp Info: Setting pxr sub-encoding to TS1/0 on input line 373.
Package textcomp Info: Setting pxss sub-encoding to TS1/0 on input line 374.
Package textcomp Info: Setting pxtt sub-encoding to TS1/0 on input line 375.
Package textcomp Info: Setting txr sub-encoding to TS1/0 on input line 376.
Package textcomp Info: Setting txss sub-encoding to TS1/0 on input line 377.
Package textcomp Info: Setting txtt sub-encoding to TS1/0 on input line 378.
Package textcomp Info: Setting lmr sub-encoding to TS1/0 on input line 379.
Package textcomp Info: Setting lmdh sub-encoding to TS1/0 on input line 380.
Package textcomp Info: Setting lmss sub-encoding to TS1/0 on input line 381.
Package textcomp Info: Setting lmssq sub-encoding to TS1/0 on input line 382.
Package textcomp Info: Setting lmvtt sub-encoding to TS1/0 on input line 383.
Package textcomp Info: Setting lmtt sub-encoding to TS1/0 on input line 384.
Package textcomp Info: Setting qhv sub-encoding to TS1/0 on input line 385.
Package textcomp Info: Setting qag sub-encoding to TS1/0 on input line 386.
Package textcomp Info: Setting qbk sub-encoding to TS1/0 on input line 387.
Package textcomp Info: Setting qcr sub-encoding to TS1/0 on input line 388.
Package textcomp Info: Setting qcs sub-encoding to TS1/0 on input line 389.
Package textcomp Info: Setting qpl sub-encoding to TS1/0 on input line 390.
Package textcomp Info: Setting qtm sub-encoding to TS1/0 on input line 391.
Package textcomp Info: Setting qzc sub-encoding to TS1/0 on input line 392.
Package textcomp Info: Setting qhvc sub-encoding to TS1/0 on input line 393.
Package textcomp Info: Setting futs sub-encoding to TS1/4 on input line 394.
Package textcomp Info: Setting futx sub-encoding to TS1/4 on input line 395.
Package textcomp Info: Setting futj sub-encoding to TS1/4 on input line 396.
Package textcomp Info: Setting hlh sub-encoding to TS1/3 on input line 397.
Package textcomp Info: Setting hls sub-encoding to TS1/3 on input line 398.
Package textcomp Info: Setting hlst sub-encoding to TS1/3 on input line 399.
Package textcomp Info: Setting hlct sub-encoding to TS1/5 on input line 400.
Package textcomp Info: Setting hlx sub-encoding to TS1/5 on input line 401.
Package textcomp Info: Setting hlce sub-encoding to TS1/5 on input line 402.
Package textcomp Info: Setting hlcn sub-encoding to TS1/5 on input line 403.
Package textcomp Info: Setting hlcw sub-encoding to TS1/5 on input line 404.
Package textcomp Info: Setting hlcf sub-encoding to TS1/5 on input line 405.
Package textcomp Info: Setting pplx sub-encoding to TS1/3 on input line 406.
Package textcomp Info: Setting pplj sub-encoding to TS1/3 on input line 407.
Package textcomp Info: Setting ptmx sub-encoding to TS1/4 on input line 408.
Package textcomp Info: Setting ptmj sub-encoding to TS1/4 on input line 409.
)
(./pictures/tikzpics.tex) (./thesis.aux (./tex/preamble.aux)
(./tex/Introduction.aux) (./tex/Data.aux) (./tex/LM.aux) (./tex/ED.aux)
(./tex/RM.aux

LaTeX Warning: Label `OpticalProcess' multiply defined.

) (./tex/LT.aux) (./tex/Conclusion.aux) (./tex/appendix.aux

LaTeX Warning: Label `sec:model' multiply defined.

) (./tex/CV.aux))
\openout1 = `thesis.aux'.

LaTeX Font Info:    Checking defaults for OML/cmm/m/it on input line 88.
LaTeX Font Info:    ... okay on input line 88.
LaTeX Font Info:    Checking defaults for T1/cmr/m/n on input line 88.
LaTeX Font Info:    ... okay on input line 88.
LaTeX Font Info:    Checking defaults for OT1/cmr/m/n on input line 88.
LaTeX Font Info:    ... okay on input line 88.
LaTeX Font Info:    Checking defaults for OMS/cmsy/m/n on input line 88.
LaTeX Font Info:    ... okay on input line 88.
LaTeX Font Info:    Checking defaults for OMX/cmex/m/n on input line 88.
LaTeX Font Info:    ... okay on input line 88.
LaTeX Font Info:    Checking defaults for U/cmr/m/n on input line 88.
LaTeX Font Info:    ... okay on input line 88.
LaTeX Font Info:    Checking defaults for PD1/pdf/m/n on input line 88.
LaTeX Font Info:    ... okay on input line 88.
LaTeX Font Info:    Checking defaults for TS1/cmr/m/n on input line 88.
LaTeX Font Info:    ... okay on input line 88.

*geometry* driver: auto-detecting
*geometry* detected driver: dvips
*geometry* verbose mode - [ preamble ] result:
* driver: dvips
* paper: letterpaper
* layout: <same size as paper>
* layoutoffset:(h,v)=(0.0pt,0.0pt)
* bindingoffset: 36.135pt
* modes: 
* h-part:(L,W,R)=(72.26999pt, 433.62003pt, 72.26999pt)
* v-part:(T,H,B)=(72.26999pt, 650.43001pt, 72.26999pt)
* \paperwidth=614.295pt
* \paperheight=794.96999pt
* \textwidth=433.62003pt
* \textheight=650.43001pt
* \oddsidemargin=36.135pt
* \evensidemargin=0.0pt
* \topmargin=-30.06749pt
* \headheight=12.0pt
* \headsep=18.06749pt
* \topskip=10.0pt
* \footskip=25.29494pt
* \marginparwidth=69.0pt
* \marginparsep=7.0pt
* \columnsep=10.0pt
* \skip\footins=9.0pt plus 4.0pt minus 2.0pt
* \hoffset=0.0pt
* \voffset=0.0pt
* \mag=1000
* \@twocolumnfalse
* \@twosidefalse
* \@mparswitchfalse
* \@reversemarginfalse
* (1in=72.27pt=25.4mm, 1cm=28.453pt)

Package caption Info: Begin \AtBeginDocument code.
Package caption Info: subfig package v1.3 is loaded.
Package caption Info: floatrow package is loaded.
Package caption Info: float package is loaded.
Package caption Info: floatrow package is loaded.
Package caption Info: hyperref package is loaded.
Package caption Info: hypcap package is loaded.
Package caption Info: listings package is loaded.
Package caption Info: longtable package is loaded.
(/usr/local/texlive/2016basic/texmf-dist/tex/latex/caption/ltcaption.sty
Package: ltcaption 2013/06/09 v1.4-94 longtable captions (AR)
)
Package caption Info: End \AtBeginDocument code.

(/usr/local/texlive/2016basic/texmf-dist/tex/latex/floatrow/fr-longtable.sty
Package: fr-longtable 2007/11/28 v0.1b (beta) floatrow: additions for longtable

\flrow@LT@lasthead=\box73
\flrow@LT@prelastfoot=\box74
\c@FBLTpage=\count294
)
\AtBeginShipoutBox=\box75
Package hyperref Info: Link coloring ON on input line 88.

(/usr/local/texlive/2016basic/texmf-dist/tex/latex/hyperref/nameref.sty
Package: nameref 2012/10/27 v2.43 Cross-referencing by name of section

(/usr/local/texlive/2016basic/texmf-dist/tex/generic/oberdiek/gettitlestring.st
y
Package: gettitlestring 2016/05/16 v1.5 Cleanup title references (HO)
)
\c@section@level=\count295
)
LaTeX Info: Redefining \ref on input line 88.
LaTeX Info: Redefining \pageref on input line 88.
LaTeX Info: Redefining \nameref on input line 88.
 (./thesis.out) (./thesis.out)
\@outlinefile=\write4
\openout4 = `thesis.out'.



Package hyperref Warning: Rerun to get /PageLabels entry.

\c@lstlisting=\count296
ABD: EveryShipout initializing macros
Package lastpage Info: Please have a look at the pageslts package at
(lastpage)             https://www.ctan.org/pkg/pageslts
(lastpage)             ! on input line 88.


Package Fancyhdr Warning: \fancyfoot's `E' option without twoside option is use
less on input line 89.


Package Fancyhdr Warning: \fancyfoot's `E' option without twoside option is use
less on input line 89.

\openout2 = `tex/preamble.aux'.

(./tex/preamble.tex

! LaTeX Error: File `drexel-logo' not found.

See the LaTeX manual or LaTeX Companion for explanation.
Type  H <return>  for immediate help.
 ...                                              
                                                  
l.1 \begin{preamble}
                    
? X
 
Here is how much of TeX's memory you used:
 26036 strings out of 494448
 479303 string characters out of 6166792
 688444 words of memory out of 5000000
 28870 multiletter control sequences out of 15000+600000
 4711 words of font info for 16 fonts, out of 8000000 for 9000
 319 hyphenation exceptions out of 8191
 60i,2n,94p,1054b,246s stack positions out of 5000i,500n,10000p,200000b,80000s
No pages of output.
