\BOOKMARK [-1][-]{Front Matter.-1}{Front Matter}{}% 1
\BOOKMARK [0][-]{Title Page.0}{Title Page}{Front Matter.-1}% 2
\BOOKMARK [0][-]{Copyright Page.0}{Copyright Page}{Front Matter.-1}% 3
\BOOKMARK [0][-]{Dedications.0}{Dedications}{Front Matter.-1}% 4
\BOOKMARK [0][-]{Acknowledgments.0}{Acknowledgments}{Front Matter.-1}% 5
\BOOKMARK [0][-]{Table of Contents.0}{Table of Contents}{Front Matter.-1}% 6
\BOOKMARK [0][-]{section*.4}{List of Tables}{Front Matter.-1}% 7
\BOOKMARK [0][-]{section*.5}{List of Figures}{Front Matter.-1}% 8
\BOOKMARK [0][-]{section*.6}{Abstract}{Front Matter.-1}% 9
\BOOKMARK [-1][-]{Main Matter.-1}{Main Matter}{}% 10
\BOOKMARK [0][-]{chapter.1}{Introduction}{Main Matter.-1}% 11
\BOOKMARK [1][-]{section.1.1}{The Radial Density Profile}{chapter.1}% 12
\BOOKMARK [1][-]{section.1.2}{Cluster Scaling Relations}{chapter.1}% 13
\BOOKMARK [1][-]{section.1.3}{Clusters and Environment}{chapter.1}% 14
\BOOKMARK [1][-]{section.1.4}{Outline}{chapter.1}% 15
\BOOKMARK [0][-]{chapter.2}{Cluster Shape and Orientation}{Main Matter.-1}% 16
\BOOKMARK [1][-]{section.2.1}{Introduction}{chapter.2}% 17
\BOOKMARK [1][-]{section.2.2}{Triaxial Projections}{chapter.2}% 18
\BOOKMARK [1][-]{section.2.3}{Sample and Methods}{chapter.2}% 19
\BOOKMARK [2][-]{subsection.2.3.1}{Simulation Sample}{section.2.3}% 20
\BOOKMARK [2][-]{subsection.2.3.2}{Methods}{section.2.3}% 21
\BOOKMARK [2][-]{subsection.2.3.3}{Non-Virialized Halos}{section.2.3}% 22
\BOOKMARK [1][-]{section.2.4}{Results}{chapter.2}% 23
\BOOKMARK [1][-]{section.2.5}{Summary and Conclusions}{chapter.2}% 24
\BOOKMARK [1][-]{section.2.6}{Future Work}{chapter.2}% 25
\BOOKMARK [0][-]{chapter.3}{The Observed c-M Relation}{Main Matter.-1}% 26
\BOOKMARK [1][-]{section.3.1}{Introduction}{chapter.3}% 27
\BOOKMARK [1][-]{section.3.2}{Reconstruction Techniques}{chapter.3}% 28
\BOOKMARK [2][-]{subsection.3.2.1}{Weak Lensing \(WL\)}{section.3.2}% 29
\BOOKMARK [2][-]{subsection.3.2.2}{Strong Lensing \(SL\)}{section.3.2}% 30
\BOOKMARK [2][-]{subsection.3.2.3}{Weak+Strong Lensing \(WL+SL\)}{section.3.2}% 31
\BOOKMARK [2][-]{subsection.3.2.4}{X-ray}{section.3.2}% 32
\BOOKMARK [2][-]{subsection.3.2.5}{Line-of-sight Velocity Dispersion \(LOSVD\)}{section.3.2}% 33
\BOOKMARK [2][-]{subsection.3.2.6}{The Caustic Method \(CM\)}{section.3.2}% 34
\BOOKMARK [2][-]{subsection.3.2.7}{Hybrid Techniques}{section.3.2}% 35
\BOOKMARK [1][-]{section.3.3}{The Sample}{chapter.3}% 36
\BOOKMARK [2][-]{subsection.3.3.1}{Normalization Procedure}{section.3.3}% 37
\BOOKMARK [1][-]{section.3.4}{The Observed c-M Relation}{chapter.3}% 38
\BOOKMARK [1][-]{section.3.5}{Projection and Shape}{chapter.3}% 39
\BOOKMARK [1][-]{section.3.6}{Conclusions And Discussions}{chapter.3}% 40
\BOOKMARK [0][-]{chapter.4}{Clusters And The LSS Environment}{Main Matter.-1}% 41
\BOOKMARK [1][-]{section.4.1}{Introduction}{chapter.4}% 42
\BOOKMARK [1][-]{section.4.2}{Data}{chapter.4}% 43
\BOOKMARK [1][-]{section.4.3}{Galaxies Around Clusters}{chapter.4}% 44
\BOOKMARK [2][-]{subsection.4.3.1}{Quantifying Structure}{section.4.3}% 45
\BOOKMARK [1][-]{section.4.4}{Results And Future Work}{chapter.4}% 46
\BOOKMARK [0][-]{chapter.5}{Conclusions}{Main Matter.-1}% 47
\BOOKMARK [-1][-]{Back Matter.-1}{Back Matter}{}% 48
\BOOKMARK [0][-]{section*.51}{Bibliography}{Back Matter.-1}% 49
\BOOKMARK [0][-]{appendix.A}{Analytical Projection of Prolate Spheroidal Halos}{Back Matter.-1}% 50
\BOOKMARK [0][-]{appendix.B}{Lensing Cosmology Correction}{Back Matter.-1}% 51
\BOOKMARK [0][-]{appendix.C}{Full Observational Dataset}{Back Matter.-1}% 52
\BOOKMARK [0][-]{section*.52}{Vita}{Back Matter.-1}% 53
