This is pdfTeX, Version 3.1415926-2.5-1.40.14 (TeX Live 2013) (format=pdflatex 2013.5.30)  13 SEP 2015 20:27
entering extended mode
 restricted \write18 enabled.
 %&-line parsing enabled.
**thesis
(./thesis.tex
LaTeX2e <2011/06/27>
Babel <3.9f> and hyphenation patterns for 78 languages loaded.
(./drexel-thesis.cls
Document Class: drexel-thesis 2010/09/21\ 0.14\ Drexel Thesis
(/usr/local/texlive/2013/texmf-dist/tex/latex/xkeyval/xkeyval.sty
Package: xkeyval 2012/10/14 v2.6b package option processing (HA)

(/usr/local/texlive/2013/texmf-dist/tex/generic/xkeyval/xkeyval.tex
\XKV@toks=\toks14
\XKV@tempa@toks=\toks15
\XKV@depth=\count79
File: xkeyval.tex 2012/10/14 v2.6b key=value parser (HA)

(/usr/local/texlive/2013/texmf-dist/tex/generic/xkeyval/keyval.tex)))
(/usr/local/texlive/2013/texmf-dist/tex/latex/base/book.cls
Document Class: book 2007/10/19 v1.4h Standard LaTeX document class
(/usr/local/texlive/2013/texmf-dist/tex/latex/base/bk10.clo
File: bk10.clo 2007/10/19 v1.4h Standard LaTeX file (size option)
)
\c@part=\count80
\c@chapter=\count81
\c@section=\count82
\c@subsection=\count83
\c@subsubsection=\count84
\c@paragraph=\count85
\c@subparagraph=\count86
\c@figure=\count87
\c@table=\count88
\abovecaptionskip=\skip41
\belowcaptionskip=\skip42
\bibindent=\dimen102
)
(/usr/local/texlive/2013/texmf-dist/tex/latex/setspace/setspace.sty
Package: setspace 2011/12/19 v6.7a set line spacing
)
(/usr/local/texlive/2013/texmf-dist/tex/latex/tools/calc.sty
Package: calc 2007/08/22 v4.3 Infix arithmetic (KKT,FJ)
\calc@Acount=\count89
\calc@Bcount=\count90
\calc@Adimen=\dimen103
\calc@Bdimen=\dimen104
\calc@Askip=\skip43
\calc@Bskip=\skip44
LaTeX Info: Redefining \setlength on input line 76.
LaTeX Info: Redefining \addtolength on input line 77.
\calc@Ccount=\count91
\calc@Cskip=\skip45
)
(/usr/local/texlive/2013/texmf-dist/tex/latex/graphics/graphicx.sty
Package: graphicx 1999/02/16 v1.0f Enhanced LaTeX Graphics (DPC,SPQR)

(/usr/local/texlive/2013/texmf-dist/tex/latex/graphics/graphics.sty
Package: graphics 2009/02/05 v1.0o Standard LaTeX Graphics (DPC,SPQR)

(/usr/local/texlive/2013/texmf-dist/tex/latex/graphics/trig.sty
Package: trig 1999/03/16 v1.09 sin cos tan (DPC)
)
(/usr/local/texlive/2013/texmf-dist/tex/latex/latexconfig/graphics.cfg
File: graphics.cfg 2010/04/23 v1.9 graphics configuration of TeX Live
)
Package graphics Info: Driver file: pdftex.def on input line 91.

(/usr/local/texlive/2013/texmf-dist/tex/latex/pdftex-def/pdftex.def
File: pdftex.def 2011/05/27 v0.06d Graphics/color for pdfTeX

(/usr/local/texlive/2013/texmf-dist/tex/generic/oberdiek/infwarerr.sty
Package: infwarerr 2010/04/08 v1.3 Providing info/warning/error messages (HO)
)
(/usr/local/texlive/2013/texmf-dist/tex/generic/oberdiek/ltxcmds.sty
Package: ltxcmds 2011/11/09 v1.22 LaTeX kernel commands for general use (HO)
)
\Gread@gobject=\count92
))
\Gin@req@height=\dimen105
\Gin@req@width=\dimen106
)
(/usr/local/texlive/2013/texmf-dist/tex/latex/geometry/geometry.sty
Package: geometry 2010/09/12 v5.6 Page Geometry

(/usr/local/texlive/2013/texmf-dist/tex/generic/oberdiek/ifpdf.sty
Package: ifpdf 2011/01/30 v2.3 Provides the ifpdf switch (HO)
Package ifpdf Info: pdfTeX in PDF mode is detected.
)
(/usr/local/texlive/2013/texmf-dist/tex/generic/oberdiek/ifvtex.sty
Package: ifvtex 2010/03/01 v1.5 Detect VTeX and its facilities (HO)
Package ifvtex Info: VTeX not detected.
)
(/usr/local/texlive/2013/texmf-dist/tex/generic/ifxetex/ifxetex.sty
Package: ifxetex 2010/09/12 v0.6 Provides ifxetex conditional
)
\Gm@cnth=\count93
\Gm@cntv=\count94
\c@Gm@tempcnt=\count95
\Gm@bindingoffset=\dimen107
\Gm@wd@mp=\dimen108
\Gm@odd@mp=\dimen109
\Gm@even@mp=\dimen110
\Gm@layoutwidth=\dimen111
\Gm@layoutheight=\dimen112
\Gm@layouthoffset=\dimen113
\Gm@layoutvoffset=\dimen114
\Gm@dimlist=\toks16
)
(/usr/local/texlive/2013/texmf-dist/tex/latex/tocloft/tocloft.sty
Package: tocloft 2013/05/02 v2.3f parameterised ToC, etc., typesetting
Package tocloft Info: The document has chapter divisions on input line 44.
\cftparskip=\skip46
\cftbeforetoctitleskip=\skip47
\cftaftertoctitleskip=\skip48
\cftbeforepartskip=\skip49
\cftpartnumwidth=\skip50
\cftpartindent=\skip51
\cftbeforechapskip=\skip52
\cftchapindent=\skip53
\cftchapnumwidth=\skip54
\cftbeforesecskip=\skip55
\cftsecindent=\skip56
\cftsecnumwidth=\skip57
\cftbeforesubsecskip=\skip58
\cftsubsecindent=\skip59
\cftsubsecnumwidth=\skip60
\cftbeforesubsubsecskip=\skip61
\cftsubsubsecindent=\skip62
\cftsubsubsecnumwidth=\skip63
\cftbeforeparaskip=\skip64
\cftparaindent=\skip65
\cftparanumwidth=\skip66
\cftbeforesubparaskip=\skip67
\cftsubparaindent=\skip68
\cftsubparanumwidth=\skip69
\cftbeforeloftitleskip=\skip70
\cftafterloftitleskip=\skip71
\cftbeforefigskip=\skip72
\cftfigindent=\skip73
\cftfignumwidth=\skip74
\cftbeforelottitleskip=\skip75
\cftafterlottitleskip=\skip76
\cftbeforetabskip=\skip77
\cfttabindent=\skip78
\cfttabnumwidth=\skip79
\cftbeforesubfigskip=\skip80
\cftsubfigindent=\skip81
\cftsubfignumwidth=\skip82
\cftbeforesubtabskip=\skip83
\cftsubtabindent=\skip84
\cftsubtabnumwidth=\skip85
)
(/usr/local/texlive/2013/texmf-dist/tex/latex/caption/caption.sty
Package: caption 2013/05/02 v3.3-89 Customizing captions (AR)

(/usr/local/texlive/2013/texmf-dist/tex/latex/caption/caption3.sty
Package: caption3 2013/05/02 v1.6-88 caption3 kernel (AR)
Package caption3 Info: TeX engine: e-TeX on input line 57.
\captionmargin=\dimen115
\captionmargin@=\dimen116
\captionwidth=\dimen117
\caption@tempdima=\dimen118
\caption@indent=\dimen119
\caption@parindent=\dimen120
\caption@hangindent=\dimen121
)
\c@ContinuedFloat=\count96
)
(/usr/local/texlive/2013/texmf-dist/tex/latex/floatrow/floatrow.sty
Package: floatrow 2008/08/02 v0.3b floatrow: float package extension
\c@float@type=\count97
\float@exts=\toks17
\float@box=\box26
\@floatcapt=\box27
Package floatrow Info: Modified float package code loaded on input line 455.
Package floatrow Info: Modified rotfloat package code loaded on input line 473.

\FR@everyfloat=\toks18
\flrow@foot=\insert233
\FB@wd=\dimen122
\FBo@wd=\dimen123
\FBc@wd=\dimen124
\FBo@ht=\skip86
\FBc@ht=\skip87
\FBf@ht=\skip88
\FBo@max=\skip89
\FBc@max=\skip90
\FBf@max=\skip91
\c@FBl@b=\count98
\floatbox@depth=\count99
\c@FRobj=\count100
\c@FRsobj=\count101
\Xhsize=\skip92
\sXhsize=\skip93
\Zhsize=\skip94
\sZhsize=\skip95
\flrow@rowbox=\box28
\FR@Zunitlength=\dimen125
\c@FBcnt=\count102
\FPOScnt=\count103
\LTleft=\skip96
\LTright=\skip97
\LTleft=\skip98
\LTright=\skip99
\flrow@types=\toks19
)
(/usr/local/texlive/2013/texmf-dist/tex/latex/floatrow/fr-subfig.sty
Package: fr-subfig 2007/12/24 v0.1g (beta) floatrow: additions for subfig


Package fr-subfig Warning: The additions cooperated with 
(fr-subfig)                version `2005/06/28 ver: 1.3' of package subfig,
(fr-subfig)                but only version
(fr-subfig)                \ver@subfig.sty '
(fr-subfig)                is available on input line 34.

\FBsc@max=\skip100
\FBso@max=\skip101
) (/usr/local/texlive/2013/texmf-dist/tex/latex/subfig/subfig.sty
Package: subfig 2005/06/28 ver: 1.3 subfig package
\c@KVtest=\count104
\sf@farskip=\skip102
\sf@captopadj=\dimen126
\sf@capskip=\skip103
\sf@nearskip=\skip104
\c@subfigure=\count105
\c@subfigure@save=\count106
\c@lofdepth=\count107
\c@subtable=\count108
\c@subtable@save=\count109
\c@lotdepth=\count110
\sf@top=\skip105
\sf@bottom=\skip106
)
(/usr/local/texlive/2013/texmf-dist/tex/latex/fancyhdr/fancyhdr.sty
\fancy@headwidth=\skip107
\f@ncyO@elh=\skip108
\f@ncyO@erh=\skip109
\f@ncyO@olh=\skip110
\f@ncyO@orh=\skip111
\f@ncyO@elf=\skip112
\f@ncyO@erf=\skip113
\f@ncyO@olf=\skip114
\f@ncyO@orf=\skip115
)

Package Fancyhdr Warning: \fancyfoot's `E' option without twoside option is use
less on input line 581.


Package Fancyhdr Warning: \fancyfoot's `E' option without twoside option is use
less on input line 582.


Package Fancyhdr Warning: \fancyhead's `E' option without twoside option is use
less on input line 583.

\c@@DUT@advisors=\count111
\@DUT@baselineskip=\skip116
\@DUT@blanklines@length=\skip117
(/usr/local/texlive/2013/texmf-dist/tex/latex/hyperref/hyperref.sty
Package: hyperref 2012/11/06 v6.83m Hypertext links for LaTeX

(/usr/local/texlive/2013/texmf-dist/tex/generic/oberdiek/hobsub-hyperref.sty
Package: hobsub-hyperref 2012/05/28 v1.13 Bundle oberdiek, subset hyperref (HO)


(/usr/local/texlive/2013/texmf-dist/tex/generic/oberdiek/hobsub-generic.sty
Package: hobsub-generic 2012/05/28 v1.13 Bundle oberdiek, subset generic (HO)
Package: hobsub 2012/05/28 v1.13 Construct package bundles (HO)
Package hobsub Info: Skipping package `infwarerr' (already loaded).
Package hobsub Info: Skipping package `ltxcmds' (already loaded).
Package: ifluatex 2010/03/01 v1.3 Provides the ifluatex switch (HO)
Package ifluatex Info: LuaTeX not detected.
Package hobsub Info: Skipping package `ifvtex' (already loaded).
Package: intcalc 2007/09/27 v1.1 Expandable calculations with integers (HO)
Package hobsub Info: Skipping package `ifpdf' (already loaded).
Package: etexcmds 2011/02/16 v1.5 Avoid name clashes with e-TeX commands (HO)
Package etexcmds Info: Could not find \expanded.
(etexcmds)             That can mean that you are not using pdfTeX 1.50 or
(etexcmds)             that some package has redefined \expanded.
(etexcmds)             In the latter case, load this package earlier.
Package: kvsetkeys 2012/04/25 v1.16 Key value parser (HO)
Package: kvdefinekeys 2011/04/07 v1.3 Define keys (HO)
Package: pdftexcmds 2011/11/29 v0.20 Utility functions of pdfTeX for LuaTeX (HO
)
Package pdftexcmds Info: LuaTeX not detected.
Package pdftexcmds Info: \pdf@primitive is available.
Package pdftexcmds Info: \pdf@ifprimitive is available.
Package pdftexcmds Info: \pdfdraftmode found.
Package: pdfescape 2011/11/25 v1.13 Implements pdfTeX's escape features (HO)
Package: bigintcalc 2012/04/08 v1.3 Expandable calculations on big integers (HO
)
Package: bitset 2011/01/30 v1.1 Handle bit-vector datatype (HO)
Package: uniquecounter 2011/01/30 v1.2 Provide unlimited unique counter (HO)
)
Package hobsub Info: Skipping package `hobsub' (already loaded).
Package: letltxmacro 2010/09/02 v1.4 Let assignment for LaTeX macros (HO)
Package: hopatch 2012/05/28 v1.2 Wrapper for package hooks (HO)
Package: xcolor-patch 2011/01/30 xcolor patch
Package: atveryend 2011/06/30 v1.8 Hooks at the very end of document (HO)
Package atveryend Info: \enddocument detected (standard20110627).
Package: atbegshi 2011/10/05 v1.16 At begin shipout hook (HO)
Package: refcount 2011/10/16 v3.4 Data extraction from label references (HO)
Package: hycolor 2011/01/30 v1.7 Color options for hyperref/bookmark (HO)
)
(/usr/local/texlive/2013/texmf-dist/tex/latex/oberdiek/auxhook.sty
Package: auxhook 2011/03/04 v1.3 Hooks for auxiliary files (HO)
)
(/usr/local/texlive/2013/texmf-dist/tex/latex/oberdiek/kvoptions.sty
Package: kvoptions 2011/06/30 v3.11 Key value format for package options (HO)
)
\@linkdim=\dimen127
\Hy@linkcounter=\count112
\Hy@pagecounter=\count113

(/usr/local/texlive/2013/texmf-dist/tex/latex/hyperref/pd1enc.def
File: pd1enc.def 2012/11/06 v6.83m Hyperref: PDFDocEncoding definition (HO)
)
\Hy@SavedSpaceFactor=\count114

(/usr/local/texlive/2013/texmf-dist/tex/latex/latexconfig/hyperref.cfg
File: hyperref.cfg 2002/06/06 v1.2 hyperref configuration of TeXLive
)
Package hyperref Info: Option `final' set `true' on input line 4319.
Package hyperref Info: Option `final' set `true' on input line 4319.
Package hyperref Info: Hyper figures OFF on input line 4443.
Package hyperref Info: Link nesting OFF on input line 4448.
Package hyperref Info: Hyper index ON on input line 4451.
Package hyperref Info: Plain pages OFF on input line 4458.
Package hyperref Info: Backreferencing OFF on input line 4463.
Package hyperref Info: Implicit mode ON; LaTeX internals redefined.
Package hyperref Info: Bookmarks ON on input line 4688.
\c@Hy@tempcnt=\count115

(/usr/local/texlive/2013/texmf-dist/tex/latex/url/url.sty
\Urlmuskip=\muskip10
Package: url 2006/04/12  ver 3.3  Verb mode for urls, etc.
)
LaTeX Info: Redefining \url on input line 5041.
\XeTeXLinkMargin=\dimen128
\Fld@menulength=\count116
\Field@Width=\dimen129
\Fld@charsize=\dimen130
Package hyperref Info: Hyper figures OFF on input line 6295.
Package hyperref Info: Link nesting OFF on input line 6300.
Package hyperref Info: Hyper index ON on input line 6303.
Package hyperref Info: backreferencing OFF on input line 6310.
Package hyperref Info: Link coloring OFF on input line 6315.
Package hyperref Info: Link coloring with OCG OFF on input line 6320.
Package hyperref Info: PDF/A mode OFF on input line 6325.
LaTeX Info: Redefining \ref on input line 6365.
LaTeX Info: Redefining \pageref on input line 6369.
\Hy@abspage=\count117
\c@Item=\count118
\c@Hfootnote=\count119
)

Package hyperref Message: Driver (autodetected): hpdftex.

(/usr/local/texlive/2013/texmf-dist/tex/latex/hyperref/hpdftex.def
File: hpdftex.def 2012/11/06 v6.83m Hyperref driver for pdfTeX
\Fld@listcount=\count120
\c@bookmark@seq@number=\count121

(/usr/local/texlive/2013/texmf-dist/tex/latex/oberdiek/rerunfilecheck.sty
Package: rerunfilecheck 2011/04/15 v1.7 Rerun checks for auxiliary files (HO)
Package uniquecounter Info: New unique counter `rerunfilecheck' on input line 2
82.
)
\Hy@SectionHShift=\skip118
)
Package hyperref Info: Option `colorlinks' set `true' on input line 730.

(/usr/local/texlive/2013/texmf-dist/tex/latex/oberdiek/hypcap.sty
Package: hypcap 2011/02/16 v1.11 Adjusting the anchors of captions (HO)
)
\l@DUT@toc@sep=\skip119
)
(/usr/local/texlive/2013/texmf-dist/tex/latex/amsmath/amsmath.sty
Package: amsmath 2013/01/14 v2.14 AMS math features
\@mathmargin=\skip120

For additional information on amsmath, use the `?' option.
(/usr/local/texlive/2013/texmf-dist/tex/latex/amsmath/amstext.sty
Package: amstext 2000/06/29 v2.01

(/usr/local/texlive/2013/texmf-dist/tex/latex/amsmath/amsgen.sty
File: amsgen.sty 1999/11/30 v2.0
\@emptytoks=\toks20
\ex@=\dimen131
))
(/usr/local/texlive/2013/texmf-dist/tex/latex/amsmath/amsbsy.sty
Package: amsbsy 1999/11/29 v1.2d
\pmbraise@=\dimen132
)
(/usr/local/texlive/2013/texmf-dist/tex/latex/amsmath/amsopn.sty
Package: amsopn 1999/12/14 v2.01 operator names
)
\inf@bad=\count122
LaTeX Info: Redefining \frac on input line 210.
\uproot@=\count123
\leftroot@=\count124
LaTeX Info: Redefining \overline on input line 306.
\classnum@=\count125
\DOTSCASE@=\count126
LaTeX Info: Redefining \ldots on input line 378.
LaTeX Info: Redefining \dots on input line 381.
LaTeX Info: Redefining \cdots on input line 466.
\Mathstrutbox@=\box29
\strutbox@=\box30
\big@size=\dimen133
LaTeX Font Info:    Redeclaring font encoding OML on input line 566.
LaTeX Font Info:    Redeclaring font encoding OMS on input line 567.
\macc@depth=\count127
\c@MaxMatrixCols=\count128
\dotsspace@=\muskip11
\c@parentequation=\count129
\dspbrk@lvl=\count130
\tag@help=\toks21
\row@=\count131
\column@=\count132
\maxfields@=\count133
\andhelp@=\toks22
\eqnshift@=\dimen134
\alignsep@=\dimen135
\tagshift@=\dimen136
\tagwidth@=\dimen137
\totwidth@=\dimen138
\lineht@=\dimen139
\@envbody=\toks23
\multlinegap=\skip121
\multlinetaggap=\skip122
\mathdisplay@stack=\toks24
LaTeX Info: Redefining \[ on input line 2665.
LaTeX Info: Redefining \] on input line 2666.
)
(/usr/local/texlive/2013/texmf-dist/tex/latex/amscls/amsthm.sty
Package: amsthm 2004/08/06 v2.20
\thm@style=\toks25
\thm@bodyfont=\toks26
\thm@headfont=\toks27
\thm@notefont=\toks28
\thm@headpunct=\toks29
\thm@preskip=\skip123
\thm@postskip=\skip124
\thm@headsep=\skip125
\dth@everypar=\toks30
)
(/usr/local/texlive/2013/texmf-dist/tex/latex/amsfonts/amssymb.sty
Package: amssymb 2013/01/14 v3.01 AMS font symbols

(/usr/local/texlive/2013/texmf-dist/tex/latex/amsfonts/amsfonts.sty
Package: amsfonts 2013/01/14 v3.01 Basic AMSFonts support
\symAMSa=\mathgroup4
\symAMSb=\mathgroup5
LaTeX Font Info:    Overwriting math alphabet `\mathfrak' in version `bold'
(Font)                  U/euf/m/n --> U/euf/b/n on input line 106.
))
(/usr/local/texlive/2013/texmf-dist/tex/latex/esvect/esvect.sty
Package: esvect 
\symesvector=\mathgroup6
)
(/usr/local/texlive/2013/texmf-dist/tex/latex/oberdiek/pdflscape.sty
Package: pdflscape 2008/08/11 v0.10 Display of landscape pages in PDF (HO)

(/usr/local/texlive/2013/texmf-dist/tex/latex/graphics/lscape.sty
Package: lscape 2000/10/22 v3.01 Landscape Pages (DPC)
)
Package pdflscape Info: Auto-detected driver: pdftex on input line 80.
)
(/usr/local/texlive/2013/texmf-dist/tex/latex/tools/longtable.sty
Package: longtable 2004/02/01 v4.11 Multi-page Table package (DPC)
\LTleft=\skip126
\LTright=\skip127
\LTpre=\skip128
\LTpost=\skip129
\LTchunksize=\count134
\LTcapwidth=\dimen140
\LT@head=\box31
\LT@firsthead=\box32
\LT@foot=\box33
\LT@lastfoot=\box34
\LT@cols=\count135
\LT@rows=\count136
\c@LT@tables=\count137
\c@LT@chunks=\count138
\LT@p@ftn=\toks31
)
(/usr/local/texlive/2013/texmf-dist/tex/latex/natbib/natbib.sty
Package: natbib 2010/09/13 8.31b (PWD, AO)
\bibhang=\skip130
\bibsep=\skip131
LaTeX Info: Redefining \cite on input line 694.
\c@NAT@ctr=\count139
)
(./aastex_hack.sty) (./thesis.aux (./tex/preamble.aux) (./tex/Introduction.aux

LaTeX Warning: Label `foot' multiply defined.

) (./tex/ClusterProjectionProject.aux) (./tex/CMRelationProject.aux)
(./tex/ClusterEnvironment.aux) (./tex/Conclusion.aux) (./tex/appendix.aux)
(./tex/CV.aux))
\openout1 = `thesis.aux'.

LaTeX Font Info:    Checking defaults for OML/cmm/m/it on input line 39.
LaTeX Font Info:    ... okay on input line 39.
LaTeX Font Info:    Checking defaults for T1/cmr/m/n on input line 39.
LaTeX Font Info:    ... okay on input line 39.
LaTeX Font Info:    Checking defaults for OT1/cmr/m/n on input line 39.
LaTeX Font Info:    ... okay on input line 39.
LaTeX Font Info:    Checking defaults for OMS/cmsy/m/n on input line 39.
LaTeX Font Info:    ... okay on input line 39.
LaTeX Font Info:    Checking defaults for OMX/cmex/m/n on input line 39.
LaTeX Font Info:    ... okay on input line 39.
LaTeX Font Info:    Checking defaults for U/cmr/m/n on input line 39.
LaTeX Font Info:    ... okay on input line 39.
LaTeX Font Info:    Checking defaults for PD1/pdf/m/n on input line 39.
LaTeX Font Info:    ... okay on input line 39.

(/usr/local/texlive/2013/texmf-dist/tex/context/base/supp-pdf.mkii
[Loading MPS to PDF converter (version 2006.09.02).]
\scratchcounter=\count140
\scratchdimen=\dimen141
\scratchbox=\box35
\nofMPsegments=\count141
\nofMParguments=\count142
\everyMPshowfont=\toks32
\MPscratchCnt=\count143
\MPscratchDim=\dimen142
\MPnumerator=\count144
\makeMPintoPDFobject=\count145
\everyMPtoPDFconversion=\toks33
) (/usr/local/texlive/2013/texmf-dist/tex/latex/oberdiek/epstopdf-base.sty
Package: epstopdf-base 2010/02/09 v2.5 Base part for package epstopdf

(/usr/local/texlive/2013/texmf-dist/tex/latex/oberdiek/grfext.sty
Package: grfext 2010/08/19 v1.1 Manage graphics extensions (HO)
)
Package grfext Info: Graphics extension search list:
(grfext)             [.png,.pdf,.jpg,.mps,.jpeg,.jbig2,.jb2,.PNG,.PDF,.JPG,.JPE
G,.JBIG2,.JB2,.eps]
(grfext)             \AppendGraphicsExtensions on input line 452.

(/usr/local/texlive/2013/texmf-dist/tex/latex/latexconfig/epstopdf-sys.cfg
File: epstopdf-sys.cfg 2010/07/13 v1.3 Configuration of (r)epstopdf for TeX Liv
e
))
*geometry* driver: auto-detecting
*geometry* detected driver: pdftex
*geometry* verbose mode - [ preamble ] result:
* driver: pdftex
* paper: letterpaper
* layout: <same size as paper>
* layoutoffset:(h,v)=(0.0pt,0.0pt)
* bindingoffset: 36.135pt
* modes: 
* h-part:(L,W,R)=(72.26999pt, 433.62003pt, 72.26999pt)
* v-part:(T,H,B)=(72.26999pt, 650.43001pt, 72.26999pt)
* \paperwidth=614.295pt
* \paperheight=794.96999pt
* \textwidth=433.62003pt
* \textheight=650.43001pt
* \oddsidemargin=36.135pt
* \evensidemargin=0.0pt
* \topmargin=-30.06749pt
* \headheight=12.0pt
* \headsep=18.06749pt
* \topskip=10.0pt
* \footskip=25.29494pt
* \marginparwidth=69.0pt
* \marginparsep=7.0pt
* \columnsep=10.0pt
* \skip\footins=9.0pt plus 4.0pt minus 2.0pt
* \hoffset=0.0pt
* \voffset=0.0pt
* \mag=1000
* \@twocolumnfalse
* \@twosidefalse
* \@mparswitchfalse
* \@reversemarginfalse
* (1in=72.27pt=25.4mm, 1cm=28.453pt)

Package caption Info: Begin \AtBeginDocument code.
Package caption Info: subfig package v1.3 is loaded.
Package caption Info: floatrow package is loaded.
Package caption Info: float package is loaded.
Package caption Info: floatrow package is loaded.
Package caption Info: hyperref package is loaded.
Package caption Info: hypcap package is loaded.
Package caption Info: longtable package is loaded.
(/usr/local/texlive/2013/texmf-dist/tex/latex/caption/ltcaption.sty
Package: ltcaption 2013/02/03 v1.3-62 longtable captions (AR)
)
Package caption Info: End \AtBeginDocument code.

(/usr/local/texlive/2013/texmf-dist/tex/latex/graphics/color.sty
Package: color 2005/11/14 v1.0j Standard LaTeX Color (DPC)

(/usr/local/texlive/2013/texmf-dist/tex/latex/latexconfig/color.cfg
File: color.cfg 2007/01/18 v1.5 color configuration of teTeX/TeXLive
)
Package color Info: Driver file: pdftex.def on input line 130.
)
(/usr/local/texlive/2013/texmf-dist/tex/latex/floatrow/fr-longtable.sty
Package: fr-longtable 2007/11/28 v0.1b (beta) floatrow: additions for longtable

\flrow@LT@lasthead=\box36
\flrow@LT@prelastfoot=\box37
\c@FBLTpage=\count146
)
\AtBeginShipoutBox=\box38
Package hyperref Info: Link coloring ON on input line 39.

(/usr/local/texlive/2013/texmf-dist/tex/latex/hyperref/nameref.sty
Package: nameref 2012/10/27 v2.43 Cross-referencing by name of section

(/usr/local/texlive/2013/texmf-dist/tex/generic/oberdiek/gettitlestring.sty
Package: gettitlestring 2010/12/03 v1.4 Cleanup title references (HO)
)
\c@section@level=\count147
)
LaTeX Info: Redefining \ref on input line 39.
LaTeX Info: Redefining \pageref on input line 39.
LaTeX Info: Redefining \nameref on input line 39.

(./thesis.out) (./thesis.out)
\@outlinefile=\write3
\openout3 = `thesis.out'.

\openout2 = `tex/preamble.aux'.

 (./tex/preamble.tex [0



{/usr/local/texlive/2013/texmf-var/fonts/map/pdftex/updmap/pdftex.map}]
LaTeX Font Info:    Try loading font information for OMS+cmr on input line 1.

(/usr/local/texlive/2013/texmf-dist/tex/latex/base/omscmr.fd
File: omscmr.fd 1999/05/25 v2.5h Standard LaTeX font definitions
)
LaTeX Font Info:    Font shape `OMS/cmr/m/n' in size <10> not available
(Font)              Font shape `OMS/cmsy/m/n' tried instead on input line 1.
 [1

]
Chapter Dedications

Package Fancyhdr Warning: \fancyhead's `E' option without twoside option is use
less on input line 17.

[2


]
Chapter Acknowledgments

Package Fancyhdr Warning: \fancyhead's `E' option without twoside option is use
less on input line 35.

[3


]
Chapter Table of Contents
(./thesis.toc
LaTeX Font Info:    Try loading font information for U+msa on input line 1.
 (/usr/local/texlive/2013/texmf-dist/tex/latex/amsfonts/umsa.fd
File: umsa.fd 2013/01/14 v3.01 AMS symbols A
)
LaTeX Font Info:    Try loading font information for U+msb on input line 1.

(/usr/local/texlive/2013/texmf-dist/tex/latex/amsfonts/umsb.fd
File: umsb.fd 2013/01/14 v3.01 AMS symbols B
)
LaTeX Font Info:    Try loading font information for U+esvect on input line 1.

(/usr/local/texlive/2013/texmf-dist/tex/latex/esvect/uesvect.fd
File: uesvect.fd 
)

Package Fancyhdr Warning: \fancyhead's `E' option without twoside option is use
less on input line 26.

[4


])
\tf@toc=\write4
\openout4 = `thesis.toc'.



Package Fancyhdr Warning: \fancyhead's `E' option without twoside option is use
less on input line 38.

[5]
Chapter List of Tables
(./thesis.lot)
\tf@lot=\write5
\openout5 = `thesis.lot'.



Package Fancyhdr Warning: \fancyhead's `E' option without twoside option is use
less on input line 41.

[6

]
Chapter List of Figures
(./thesis.lof

Package Fancyhdr Warning: \fancyhead's `E' option without twoside option is use
less on input line 26.

[7

])
\tf@lof=\write6
\openout6 = `thesis.lof'.

 [8]
Chapter Abstract

Package Fancyhdr Warning: \fancyhead's `E' option without twoside option is use
less on input line 96.

[9

] [10] [11

])
\openout2 = `tex/Introduction.aux'.

 (./tex/Introduction.tex
Chapter 0. Introduction
<images/Introduction/abell383.jpg, id=431, 667.49374pt x 507.8975pt>
File: images/Introduction/abell383.jpg Graphic file (type jpg)

<use images/Introduction/abell383.jpg>
Package pdftex.def Info: images/Introduction/abell383.jpg used on input line 10
.
(pdftex.def)             Requested size: 325.21501pt x 247.46147pt.


Package Fancyhdr Warning: \fancyhead's `E' option without twoside option is use
less on input line 18.

[1





] <images/Introduction/NFW_Cartoon.png, id=457, 578.16pt x 433.62pt>
File: images/Introduction/NFW_Cartoon.png Graphic file (type png)

<use images/Introduction/NFW_Cartoon.png>
Package pdftex.def Info: images/Introduction/NFW_Cartoon.png used on input line
 25.
(pdftex.def)             Requested size: 433.62003pt x 325.2142pt.
 [2 <./images/Introduction/abell383.jpg>] [3 <./images/Introduction/NFW_Cartoon
.png>] [4] [5] [6]
Package epstopdf Info: Source file: <images/Introduction/Bullock_CM_Relation.ep
s>
(epstopdf)                    date: 2015-09-13 20:21:33
(epstopdf)                    size: 14803 bytes
(epstopdf)             Output file: <images/Introduction/Bullock_CM_Relation-ep
s-converted-to.pdf>
(epstopdf)                    date: 2015-09-13 20:21:33
(epstopdf)                    size: 8968 bytes
(epstopdf)             Command: <repstopdf --outfile=images/Introduction/Bulloc
k_CM_Relation-eps-converted-to.pdf images/Introduction/Bullock_CM_Relation.eps>

(epstopdf)             \includegraphics on input line 86.
Package epstopdf Info: Output file is already uptodate.

<images/Introduction/Bullock_CM_Relation-eps-converted-to.pdf, id=621, 576.1525
pt x 576.1525pt>
File: images/Introduction/Bullock_CM_Relation-eps-converted-to.pdf Graphic file
 (type pdf)

<use images/Introduction/Bullock_CM_Relation-eps-converted-to.pdf>
Package pdftex.def Info: images/Introduction/Bullock_CM_Relation-eps-converted-
to.pdf used on input line 86.
(pdftex.def)             Requested size: 303.53268pt x 303.53955pt.

<images/Introduction/Correa_CM_Relation.png, id=622, 551.05875pt x 414.54875pt>
File: images/Introduction/Correa_CM_Relation.png Graphic file (type png)
<use images/Introduction/Correa_CM_Relation.png>
Package pdftex.def Info: images/Introduction/Correa_CM_Relation.png used on inp
ut line 86.
(pdftex.def)             Requested size: 303.53268pt x 228.35042pt.

<images/Introduction/ClusterFormation.pdf, id=649, 722.7pt x 542.025pt>
File: images/Introduction/ClusterFormation.pdf Graphic file (type pdf)

<use images/Introduction/ClusterFormation.pdf>
Package pdftex.def Info: images/Introduction/ClusterFormation.pdf used on input
 line 101.
(pdftex.def)             Requested size: 433.62003pt x 325.2175pt.

<images/Introduction/seqD_063a_half.jpg, id=650, 1027.84pt x 770.88pt>
File: images/Introduction/seqD_063a_half.jpg Graphic file (type jpg)

<use images/Introduction/seqD_063a_half.jpg>
Package pdftex.def Info: images/Introduction/seqD_063a_half.jpg used on input l
ine 109.
(pdftex.def)             Requested size: 325.21501pt x 243.91064pt.

<images/Introduction/seqF_063a_half.jpg, id=651, 1027.84pt x 770.88pt>
File: images/Introduction/seqF_063a_half.jpg Graphic file (type jpg)

<use images/Introduction/seqF_063a_half.jpg>
Package pdftex.def Info: images/Introduction/seqF_063a_half.jpg used on input l
ine 109.
(pdftex.def)             Requested size: 325.21501pt x 243.91064pt.
 [7] [8 <./images/Introduction/Bullock_CM_Relation-eps-converted-to.pdf> <./ima
ges/Introduction/Correa_CM_Relation.png>] [9 <./images/Introduction/ClusterForm
ation.pdf>] [10 <./images/Introduction/seqD_063a_half.jpg> <./images/Introducti
on/seqF_063a_half.jpg>]) [11]
\openout2 = `tex/ClusterProjectionProject.aux'.


(./tex/ClusterProjectionProject.tex
Chapter 1. Cluster Shape and Orientation

Package Fancyhdr Warning: \fancyhead's `E' option without twoside option is use
less on input line 93.

[12



] [13] [14]
<images/ClusterProjectionProject/ConcProjections.png, id=855, 578.16pt x 433.62
pt>
File: images/ClusterProjectionProject/ConcProjections.png Graphic file (type pn
g)
 <use images/ClusterProjectionProject/ConcProjections.png>
Package pdftex.def Info: images/ClusterProjectionProject/ConcProjections.png us
ed on input line 210.
(pdftex.def)             Requested size: 368.57967pt x 276.43074pt.

<images/ClusterProjectionProject/AngleProjections.png, id=856, 578.16pt x 433.6
2pt>
File: images/ClusterProjectionProject/AngleProjections.png Graphic file (type p
ng)
 <use images/ClusterProjectionProject/AngleProjections.png>
Package pdftex.def Info: images/ClusterProjectionProject/AngleProjections.png u
sed on input line 211.
(pdftex.def)             Requested size: 368.57967pt x 276.43074pt.
 [15] [16 <./images/ClusterProjectionProject/ConcProjections.png> <./images/Clu
sterProjectionProject/AngleProjections.png>]
<images/ClusterProjectionProject/multidarkhalomassfunctions.pdf, id=877, 542.02
5pt x 542.025pt>
File: images/ClusterProjectionProject/multidarkhalomassfunctions.pdf Graphic fi
le (type pdf)

<use images/ClusterProjectionProject/multidarkhalomassfunctions.pdf>
Package pdftex.def Info: images/ClusterProjectionProject/multidarkhalomassfunct
ions.pdf used on input line 263.
(pdftex.def)             Requested size: 368.57967pt x 368.58865pt.
 [17 <./images/ClusterProjectionProject/multidarkhalomassfunctions.pdf>] [18]
<images/ClusterProjectionProject/clustering_example.png, id=921, 686.565pt x 47
6.982pt>
File: images/ClusterProjectionProject/clustering_example.png Graphic file (type
 png)
 <use images/ClusterProjectionProject/clustering_example.png>
Package pdftex.def Info: images/ClusterProjectionProject/clustering_example.png
 used on input line 345.
(pdftex.def)             Requested size: 216.81001pt x 150.6213pt.

<images/ClusterProjectionProject/kmeans_example_good.png, id=922, 617.30624pt x
 510.90875pt>
File: images/ClusterProjectionProject/kmeans_example_good.png Graphic file (typ
e png)
 <use images/ClusterProjectionProject/kmeans_example_good.png>
Package pdftex.def Info: images/ClusterProjectionProject/kmeans_example_good.pn
g used on input line 345.
(pdftex.def)             Requested size: 216.81001pt x 179.4366pt.

<images/ClusterProjectionProject/millimilHalo_ID_3000042000008.png, id=923, 573
.14125pt x 471.7625pt>
File: images/ClusterProjectionProject/millimilHalo_ID_3000042000008.png Graphic
 file (type png)

<use images/ClusterProjectionProject/millimilHalo_ID_3000042000008.png>
Package pdftex.def Info: images/ClusterProjectionProject/millimilHalo_ID_300004
2000008.png used on input line 346.
(pdftex.def)             Requested size: 433.62003pt x 356.92355pt.

Overfull \hbox (20.0pt too wide) in paragraph at lines 343--348
 []$ 
 []

[19] [20 <./images/ClusterProjectionProject/clustering_example.png> <./images/C
lusterProjectionProject/kmeans_example_good.png> <./images/ClusterProjectionPro
ject/millimilHalo_ID_3000042000008.png>]
Package epstopdf Info: Source file: <images/ClusterProjectionProject/Beta_Distr
ibutions2.eps>
(epstopdf)                    date: 2015-09-13 20:21:33
(epstopdf)                    size: 87476 bytes
(epstopdf)             Output file: <images/ClusterProjectionProject/Beta_Distr
ibutions2-eps-converted-to.pdf>
(epstopdf)                    date: 2015-09-13 20:21:33
(epstopdf)                    size: 28347 bytes
(epstopdf)             Command: <repstopdf --outfile=images/ClusterProjectionPr
oject/Beta_Distributions2-eps-converted-to.pdf images/ClusterProjectionProject/
Beta_Distributions2.eps>
(epstopdf)             \includegraphics on input line 400.
Package epstopdf Info: Output file is already uptodate.

<images/ClusterProjectionProject/Beta_Distributions2-eps-converted-to.pdf, id=9
46, 750.805pt x 530.98375pt>
File: images/ClusterProjectionProject/Beta_Distributions2-eps-converted-to.pdf 
Graphic file (type pdf)

<use images/ClusterProjectionProject/Beta_Distributions2-eps-converted-to.pdf>
Package pdftex.def Info: images/ClusterProjectionProject/Beta_Distributions2-ep
s-converted-to.pdf used on input line 400.
(pdftex.def)             Requested size: 433.62003pt x 306.66634pt.

Overfull \hbox (10.0pt too wide) in paragraph at lines 398--402
 []$ 
 []

[21] [22 <./images/ClusterProjectionProject/Beta_Distributions2-eps-converted-t
o.pdf>]
<images/ClusterProjectionProject/LMSingleVirialHalf.pdf, id=1005, 578.16098pt x
 578.16098pt>
File: images/ClusterProjectionProject/LMSingleVirialHalf.pdf Graphic file (type
 pdf)
 <use images/ClusterProjectionProject/LMSingleVirialHalf.pdf>
Package pdftex.def Info: images/ClusterProjectionProject/LMSingleVirialHalf.pdf
 used on input line 455.
(pdftex.def)             Requested size: 281.85036pt x 281.84572pt.

<images/ClusterProjectionProject/LMSingleVirialFull.pdf, id=1006, 578.16098pt x
 578.16098pt>
File: images/ClusterProjectionProject/LMSingleVirialFull.pdf Graphic file (type
 pdf)
 <use images/ClusterProjectionProject/LMSingleVirialFull.pdf>
Package pdftex.def Info: images/ClusterProjectionProject/LMSingleVirialFull.pdf
 used on input line 456.
(pdftex.def)             Requested size: 281.85036pt x 281.84572pt.

<images/ClusterProjectionProject/MMSingleVirialHalf.pdf, id=1007, 578.16098pt x
 578.16098pt>
File: images/ClusterProjectionProject/MMSingleVirialHalf.pdf Graphic file (type
 pdf)
 <use images/ClusterProjectionProject/MMSingleVirialHalf.pdf>
Package pdftex.def Info: images/ClusterProjectionProject/MMSingleVirialHalf.pdf
 used on input line 466.
(pdftex.def)             Requested size: 281.85036pt x 281.84572pt.

<images/ClusterProjectionProject/MMSingleVirialFull.pdf, id=1008, 578.16098pt x
 578.16098pt>
File: images/ClusterProjectionProject/MMSingleVirialFull.pdf Graphic file (type
 pdf)
 <use images/ClusterProjectionProject/MMSingleVirialFull.pdf>
Package pdftex.def Info: images/ClusterProjectionProject/MMSingleVirialFull.pdf
 used on input line 467.
(pdftex.def)             Requested size: 281.85036pt x 281.84572pt.

<images/ClusterProjectionProject/HMSingleVirialHalf.pdf, id=1009, 578.16098pt x
 578.16098pt>
File: images/ClusterProjectionProject/HMSingleVirialHalf.pdf Graphic file (type
 pdf)
 <use images/ClusterProjectionProject/HMSingleVirialHalf.pdf>
Package pdftex.def Info: images/ClusterProjectionProject/HMSingleVirialHalf.pdf
 used on input line 476.
(pdftex.def)             Requested size: 281.85036pt x 281.84572pt.

<images/ClusterProjectionProject/HMSingleVirialFull.pdf, id=1010, 578.16098pt x
 578.16098pt>
File: images/ClusterProjectionProject/HMSingleVirialFull.pdf Graphic file (type
 pdf)
 <use images/ClusterProjectionProject/HMSingleVirialFull.pdf>
Package pdftex.def Info: images/ClusterProjectionProject/HMSingleVirialFull.pdf
 used on input line 477.
(pdftex.def)             Requested size: 281.85036pt x 281.84572pt.

<images/ClusterProjectionProject/SingleVirialConcs.pdf, id=1013, 578.16pt x 433
.62pt>
File: images/ClusterProjectionProject/SingleVirialConcs.pdf Graphic file (type 
pdf)
 <use images/ClusterProjectionProject/SingleVirialConcs.pdf>
Package pdftex.def Info: images/ClusterProjectionProject/SingleVirialConcs.pdf 
used on input line 505.
(pdftex.def)             Requested size: 325.21501pt x 243.91064pt.
 [23]
[24 <./images/ClusterProjectionProject/LMSingleVirialHalf.pdf> <./images/Cluste
rProjectionProject/LMSingleVirialFull.pdf>] [25 <./images/ClusterProjectionProj
ect/MMSingleVirialHalf.pdf> <./images/ClusterProjectionProject/MMSingleVirialFu
ll.pdf>] [26 <./images/ClusterProjectionProject/HMSingleVirialHalf.pdf> <./imag
es/ClusterProjectionProject/HMSingleVirialFull.pdf>] [27 <./images/ClusterProje
ctionProject/SingleVirialConcs.pdf>]
<images/ClusterProjectionProject/cM_slope.pdf, id=1116, 578.16pt x 578.16pt>
File: images/ClusterProjectionProject/cM_slope.pdf Graphic file (type pdf)

<use images/ClusterProjectionProject/cM_slope.pdf>
Package pdftex.def Info: images/ClusterProjectionProject/cM_slope.pdf used on i
nput line 557.
(pdftex.def)             Requested size: 325.21501pt x 325.2142pt.
 [28] [29 <./images/ClusterProjectionProject/cM_slope.pdf>]
<images/ClusterProjectionProject/LMSingleVirialHalfConcsLOS.pdf, id=1143, 578.1
6pt x 433.62pt>
File: images/ClusterProjectionProject/LMSingleVirialHalfConcsLOS.pdf Graphic fi
le (type pdf)

<use images/ClusterProjectionProject/LMSingleVirialHalfConcsLOS.pdf>
Package pdftex.def Info: images/ClusterProjectionProject/LMSingleVirialHalfConc
sLOS.pdf used on input line 646.
(pdftex.def)             Requested size: 325.21501pt x 243.91064pt.

<images/ClusterProjectionProject/LMSingleVirialFullConcsLOS.pdf, id=1144, 578.1
6pt x 433.62pt>
File: images/ClusterProjectionProject/LMSingleVirialFullConcsLOS.pdf Graphic fi
le (type pdf)

<use images/ClusterProjectionProject/LMSingleVirialFullConcsLOS.pdf>
Package pdftex.def Info: images/ClusterProjectionProject/LMSingleVirialFullConc
sLOS.pdf used on input line 647.
(pdftex.def)             Requested size: 325.21501pt x 243.91064pt.

<images/ClusterProjectionProject/MMSingleVirialHalfConcsLOS.png, id=1145, 578.1
6pt x 433.62pt>
File: images/ClusterProjectionProject/MMSingleVirialHalfConcsLOS.png Graphic fi
le (type png)

<use images/ClusterProjectionProject/MMSingleVirialHalfConcsLOS.png>
Package pdftex.def Info: images/ClusterProjectionProject/MMSingleVirialHalfConc
sLOS.png used on input line 668.
(pdftex.def)             Requested size: 325.21501pt x 243.91064pt.

<images/ClusterProjectionProject/MMSingleVirialFullConcsLOS.png, id=1146, 578.1
6pt x 433.62pt>
File: images/ClusterProjectionProject/MMSingleVirialFullConcsLOS.png Graphic fi
le (type png)

<use images/ClusterProjectionProject/MMSingleVirialFullConcsLOS.png>
Package pdftex.def Info: images/ClusterProjectionProject/MMSingleVirialFullConc
sLOS.png used on input line 669.
(pdftex.def)             Requested size: 325.21501pt x 243.91064pt.

<images/ClusterProjectionProject/p_low_1to3_half_full.pdf, id=1147, 578.16pt x 
433.62pt>
File: images/ClusterProjectionProject/p_low_1to3_half_full.pdf Graphic file (ty
pe pdf)
 <use images/ClusterProjectionProject/p_low_1to3_half_full.pdf>
Package pdftex.def Info: images/ClusterProjectionProject/p_low_1to3_half_full.p
df used on input line 680.
(pdftex.def)             Requested size: 216.81001pt x 162.6071pt.

<images/ClusterProjectionProject/p_low_7to10_half_full.pdf, id=1148, 578.16pt x
 433.62pt>
File: images/ClusterProjectionProject/p_low_7to10_half_full.pdf Graphic file (t
ype pdf)
 <use images/ClusterProjectionProject/p_low_7to10_half_full.pdf>
Package pdftex.def Info: images/ClusterProjectionProject/p_low_7to10_half_full.
pdf used on input line 680.
(pdftex.def)             Requested size: 216.81001pt x 162.6071pt.

<images/ClusterProjectionProject/q_low_1to3_half_full.pdf, id=1149, 578.16pt x 
433.62pt>
File: images/ClusterProjectionProject/q_low_1to3_half_full.pdf Graphic file (ty
pe pdf)
 <use images/ClusterProjectionProject/q_low_1to3_half_full.pdf>
Package pdftex.def Info: images/ClusterProjectionProject/q_low_1to3_half_full.p
df used on input line 681.
(pdftex.def)             Requested size: 216.81001pt x 162.6071pt.

<images/ClusterProjectionProject/q_low_7to10_half_full.pdf, id=1150, 578.16pt x
 433.62pt>
File: images/ClusterProjectionProject/q_low_7to10_half_full.pdf Graphic file (t
ype pdf)
 <use images/ClusterProjectionProject/q_low_7to10_half_full.pdf>
Package pdftex.def Info: images/ClusterProjectionProject/q_low_7to10_half_full.
pdf used on input line 681.
(pdftex.def)             Requested size: 216.81001pt x 162.6071pt.

<images/ClusterProjectionProject/pq_low_1to3_half_full_diff.pdf, id=1151, 578.1
6pt x 433.62pt>
File: images/ClusterProjectionProject/pq_low_1to3_half_full_diff.pdf Graphic fi
le (type pdf)

<use images/ClusterProjectionProject/pq_low_1to3_half_full_diff.pdf>
Package pdftex.def Info: images/ClusterProjectionProject/pq_low_1to3_half_full_
diff.pdf used on input line 682.
(pdftex.def)             Requested size: 216.81001pt x 162.6071pt.

<images/ClusterProjectionProject/pq_low_7to10_half_full_diff.pdf, id=1152, 578.
16pt x 433.62pt>
File: images/ClusterProjectionProject/pq_low_7to10_half_full_diff.pdf Graphic f
ile (type pdf)

<use images/ClusterProjectionProject/pq_low_7to10_half_full_diff.pdf>
Package pdftex.def Info: images/ClusterProjectionProject/pq_low_7to10_half_full
_diff.pdf used on input line 682.
(pdftex.def)             Requested size: 216.81001pt x 162.6071pt.

Overfull \hbox (20.0pt too wide) in paragraph at lines 678--684
 []$ 
 []


<images/ClusterProjectionProject/LowMass_EllipsoidAlignment_BoxViolin_Virialize
d.png, id=1153, 729.2043pt x 664.884pt>
File: images/ClusterProjectionProject/LowMass_EllipsoidAlignment_BoxViolin_Viri
alized.png Graphic file (type png)

<use images/ClusterProjectionProject/LowMass_EllipsoidAlignment_BoxViolin_Viria
lized.png>
Package pdftex.def Info: images/ClusterProjectionProject/LowMass_EllipsoidAlign
ment_BoxViolin_Virialized.png used on input line 692.
(pdftex.def)             Requested size: 390.25537pt x 355.83624pt.

<images/ClusterProjectionProject/MediumMass_EllipsoidAlignment_BoxViolin_Virial
ized.png, id=1154, 729.2043pt x 664.1613pt>
File: images/ClusterProjectionProject/MediumMass_EllipsoidAlignment_BoxViolin_V
irialized.png Graphic file (type png)

<use images/ClusterProjectionProject/MediumMass_EllipsoidAlignment_BoxViolin_Vi
rialized.png>
Package pdftex.def Info: images/ClusterProjectionProject/MediumMass_EllipsoidAl
ignment_BoxViolin_Virialized.png used on input line 705.
(pdftex.def)             Requested size: 390.25537pt x 355.44946pt.

<images/ClusterProjectionProject/HighMass_EllipsoidAlignment_BoxViolin_Virializ
ed.png, id=1155, 729.2043pt x 664.884pt>
File: images/ClusterProjectionProject/HighMass_EllipsoidAlignment_BoxViolin_Vir
ialized.png Graphic file (type png)

<use images/ClusterProjectionProject/HighMass_EllipsoidAlignment_BoxViolin_Viri
alized.png>
Package pdftex.def Info: images/ClusterProjectionProject/HighMass_EllipsoidAlig
nment_BoxViolin_Virialized.png used on input line 714.
(pdftex.def)             Requested size: 390.25537pt x 355.83624pt.
 [30] [31 <./images/ClusterProjectionProject/LMSingleVirialHalfConcsLOS.pdf> <.
/images/ClusterProjectionProject/LMSingleVirialFullConcsLOS.pdf>]
[32 <./images/ClusterProjectionProject/MMSingleVirialHalfConcsLOS.png> <./image
s/ClusterProjectionProject/MMSingleVirialFullConcsLOS.png>] [33 <./images/Clust
erProjectionProject/p_low_1to3_half_full.pdf> <./images/ClusterProjectionProjec
t/p_low_7to10_half_full.pdf> <./images/ClusterProjectionProject/q_low_1to3_half
_full.pdf> <./images/ClusterProjectionProject/q_low_7to10_half_full.pdf> <./ima
ges/ClusterProjectionProject/pq_low_1to3_half_full_diff.pdf> <./images/ClusterP
rojectionProject/pq_low_7to10_half_full_diff.pdf>] [34 <./images/ClusterProject
ionProject/LowMass_EllipsoidAlignment_BoxViolin_Virialized.png>] [35 <./images/
ClusterProjectionProject/MediumMass_EllipsoidAlignment_BoxViolin_Virialized.png
>] [36 <./images/ClusterProjectionProject/HighMass_EllipsoidAlignment_BoxViolin
_Virialized.png>]) [37]
\openout2 = `tex/CMRelationProject.aux'.

 (./tex/CMRelationProject.tex
Chapter 2. The Observed c-M Relation

Package Fancyhdr Warning: \fancyhead's `E' option without twoside option is use
less on input line 86.

[38



] [39] [40] [41] [42]
Overfull \hbox (12.80417pt too wide) in paragraph at lines 255--264
\OT1/cmr/m/n/10 Massive clus-ters are sig-nif-i-cant sources of X-ray ra-di-a-t
ion, due to the hot dif-fuse plasma ($[]$)
 []

[43] [44] [45] [46] [47]
<./images/CMRelationProject/PopulationOverview1.pdf, id=1520, 1019.81pt x 441.6
5pt>
File: ./images/CMRelationProject/PopulationOverview1.pdf Graphic file (type pdf
)
 <use ./images/CMRelationProject/PopulationOverview1.pdf>
Package pdftex.def Info: ./images/CMRelationProject/PopulationOverview1.pdf use
d on input line 395.
(pdftex.def)             Requested size: 433.62003pt x 187.78973pt.
 [48


 <./images/CMRelationProject/PopulationOverview1.pdf>]
<./images/CMRelationProject/CosmoCorrection.png, id=1531, 578.16pt x 433.62pt>
File: ./images/CMRelationProject/CosmoCorrection.png Graphic file (type png)

<use ./images/CMRelationProject/CosmoCorrection.png>
Package pdftex.def Info: ./images/CMRelationProject/CosmoCorrection.png used on
 input line 434.
(pdftex.def)             Requested size: 433.62003pt x 325.2142pt.
 [49 <./images/CMRelationProject/CosmoCorrection.png>] [50]
<./images/CMRelationProject/CMRelation_FullSample_Symmetrized.png, id=1551, 542
.025pt x 542.025pt>
File: ./images/CMRelationProject/CMRelation_FullSample_Symmetrized.png Graphic 
file (type png)

<use ./images/CMRelationProject/CMRelation_FullSample_Symmetrized.png>
Package pdftex.def Info: ./images/CMRelationProject/CMRelation_FullSample_Symme
trized.png used on input line 509.
(pdftex.def)             Requested size: 433.62003pt x 433.63712pt.
 [51]
[52 <./images/CMRelationProject/CMRelation_FullSample_Symmetrized.png>]
[53] [54]
<./images/CMRelationProject/FitToEachMethod.png, id=1588, 842.14626pt x 585.186
25pt>
File: ./images/CMRelationProject/FitToEachMethod.png Graphic file (type png)
 <use ./images/CMRelationProject/FitToEachMethod.png>
Package pdftex.def Info: ./images/CMRelationProject/FitToEachMethod.png used on
 input line 620.
(pdftex.def)             Requested size: 433.62003pt x 301.31624pt.

<./images/CMRelationProject/Clash_Comparison_02.png, id=1590, 578.16pt x 433.62
pt>
File: ./images/CMRelationProject/Clash_Comparison_02.png Graphic file (type png
)
 <use ./images/CMRelationProject/Clash_Comparison_02.png>
Package pdftex.def Info: ./images/CMRelationProject/Clash_Comparison_02.png use
d on input line 650.
(pdftex.def)             Requested size: 216.81001pt x 162.6071pt.

<./images/CMRelationProject/Clash_Comparison_05.png, id=1591, 578.16pt x 433.62
pt>
File: ./images/CMRelationProject/Clash_Comparison_05.png Graphic file (type png
)
 <use ./images/CMRelationProject/Clash_Comparison_05.png>
Package pdftex.def Info: ./images/CMRelationProject/Clash_Comparison_05.png use
d on input line 651.
(pdftex.def)             Requested size: 216.81001pt x 162.6071pt.

Overfull \hbox (20.0pt too wide) in paragraph at lines 648--653
 []$ 
 []

[55


 <./images/CMRelationProject/FitToEachMethod.png>] [56 <./images/CMRelationProj
ect/Clash_Comparison_02.png> <./images/CMRelationProject/Clash_Comparison_05.pn
g>]
<./images/CMRelationProject/AllMethodsWithSims_linearmodel_witherror.png, id=16
18, 578.16pt x 578.16pt>
File: ./images/CMRelationProject/AllMethodsWithSims_linearmodel_witherror.png G
raphic file (type png)

<use ./images/CMRelationProject/AllMethodsWithSims_linearmodel_witherror.png>
Package pdftex.def Info: ./images/CMRelationProject/AllMethodsWithSims_linearmo
del_witherror.png used on input line 691.
(pdftex.def)             Requested size: 433.62003pt x 433.61893pt.

<./images/CMRelationProject/ObsCM_WLandWLSL_NoExtrapandSimsandPSims.png, id=161
9, 578.16pt x 578.16pt>
File: ./images/CMRelationProject/ObsCM_WLandWLSL_NoExtrapandSimsandPSims.png Gr
aphic file (type png)

<use ./images/CMRelationProject/ObsCM_WLandWLSL_NoExtrapandSimsandPSims.png>
Package pdftex.def Info: ./images/CMRelationProject/ObsCM_WLandWLSL_NoExtrapand
SimsandPSims.png used on input line 702.
(pdftex.def)             Requested size: 433.62003pt x 433.61893pt.

<./images/CMRelationProject/SimsComparison1.png, id=1632, 578.16pt x 433.62pt>
File: ./images/CMRelationProject/SimsComparison1.png Graphic file (type png)

<use ./images/CMRelationProject/SimsComparison1.png>
Package pdftex.def Info: ./images/CMRelationProject/SimsComparison1.png used on
 input line 740.
(pdftex.def)             Requested size: 216.81001pt x 162.6071pt.

<./images/CMRelationProject/SimsComparison2.png, id=1633, 578.16pt x 433.62pt>
File: ./images/CMRelationProject/SimsComparison2.png Graphic file (type png)

<use ./images/CMRelationProject/SimsComparison2.png>
Package pdftex.def Info: ./images/CMRelationProject/SimsComparison2.png used on
 input line 741.
(pdftex.def)             Requested size: 216.81001pt x 162.6071pt.

Overfull \hbox (20.0pt too wide) in paragraph at lines 738--743
 []$ 
 []

[57] [58 <./images/CMRelationProject/AllMethodsWithSims_linearmodel_witherror.p
ng>] [59 <./images/CMRelationProject/ObsCM_WLandWLSL_NoExtrapandSimsandPSims.pn
g>]
<./images/CMRelationProject/WL_WL+SL_Comparison.png, id=1666, 814.4829pt x 499.
3857pt>
File: ./images/CMRelationProject/WL_WL+SL_Comparison.png Graphic file (type png
)
 <use ./images/CMRelationProject/WL_WL+SL_Comparison.png>
Package pdftex.def Info: ./images/CMRelationProject/WL_WL+SL_Comparison.png use
d on input line 782.
(pdftex.def)             Requested size: 433.62003pt x 265.86949pt.
 [60 <./images/CMRelationProject/SimsComparison1.png> <./images/CMRelationProje
ct/SimsComparison2.png>]
<./images/CMRelationProject/X-ray_WL_Comparison.png, id=1674, 809.424pt x 499.3
857pt>
File: ./images/CMRelationProject/X-ray_WL_Comparison.png Graphic file (type png
)
 <use ./images/CMRelationProject/X-ray_WL_Comparison.png>
Package pdftex.def Info: ./images/CMRelationProject/X-ray_WL_Comparison.png use
d on input line 791.
(pdftex.def)             Requested size: 433.62003pt x 267.53065pt.

<./images/CMRelationProject/CM_LOSVD_Comparison.png, id=1675, 822.4326pt x 499.
3857pt>
File: ./images/CMRelationProject/CM_LOSVD_Comparison.png Graphic file (type png
)
 <use ./images/CMRelationProject/CM_LOSVD_Comparison.png>
Package pdftex.def Info: ./images/CMRelationProject/CM_LOSVD_Comparison.png use
d on input line 800.
(pdftex.def)             Requested size: 433.62003pt x 263.30156pt.
 [61 <./images/CMRelationProject/WL_WL+SL_Comparison.png>] [62 <./images/CMRela
tionProject/X-ray_WL_Comparison.png> <./images/CMRelationProject/CM_LOSVD_Compa
rison.png>]
[63] [64]) [65]
\openout2 = `tex/ClusterEnvironment.aux'.

 (./tex/ClusterEnvironment.tex
Chapter 3. Clusters And The LSS Environment

Package Fancyhdr Warning: \fancyhead's `E' option without twoside option is use
less on input line 47.

[66



]
<images/ClusterEnvironment/dr10_spectro_coverage.png, id=1798, 1517.67pt x 758.
835pt>
File: images/ClusterEnvironment/dr10_spectro_coverage.png Graphic file (type pn
g)
 <use images/ClusterEnvironment/dr10_spectro_coverage.png>
Package pdftex.def Info: images/ClusterEnvironment/dr10_spectro_coverage.png us
ed on input line 57.
(pdftex.def)             Requested size: 433.62003pt x 216.80286pt.

<images/ClusterEnvironment/sdss_data.png, id=1799, 578.16pt x 433.62pt>
File: images/ClusterEnvironment/sdss_data.png Graphic file (type png)

<use images/ClusterEnvironment/sdss_data.png>
Package pdftex.def Info: images/ClusterEnvironment/sdss_data.png used on input 
line 66.
(pdftex.def)             Requested size: 433.62003pt x 325.2142pt.

<images/ClusterEnvironment/sample_slice.png, id=1800, 578.16pt x 433.62pt>
File: images/ClusterEnvironment/sample_slice.png Graphic file (type png)

<use images/ClusterEnvironment/sample_slice.png>
Package pdftex.def Info: images/ClusterEnvironment/sample_slice.png used on inp
ut line 76.
(pdftex.def)             Requested size: 390.25537pt x 292.68748pt.

<images/ClusterEnvironment/sample_slice_zoom.png, id=1801, 497.86pt x 364.36125
pt>
File: images/ClusterEnvironment/sample_slice_zoom.png Graphic file (type png)
 <use images/ClusterEnvironment/sample_slice_zoom.png>
Package pdftex.def Info: images/ClusterEnvironment/sample_slice_zoom.png used o
n input line 77.
(pdftex.def)             Requested size: 368.57967pt x 269.75096pt.
 [67 <./images/ClusterEnvironment/dr10_spectro_coverage.png>] [68 <./images/Clu
sterEnvironment/sdss_data.png>] [69 <./images/ClusterEnvironment/sample_slice.p
ng> <./images/ClusterEnvironment/sample_slice_zoom.png>] [70pdfTeX warning (ext
4): destination with the same identifier (name{equation.4.3.1}) has been alread
y used, duplicate ignored

\AtBegShi@Output ...ipout \box \AtBeginShipoutBox 
                                                  \fi \fi 
l.130 \end{equation}
                    pdfTeX warning (ext4): destination with the same identifier
 (name{equation.4.3.2}) has been already used, duplicate ignored

\AtBegShi@Output ...ipout \box \AtBeginShipoutBox 
                                                  \fi \fi 
l.130 \end{equation}
                    ]
<images/ClusterEnvironment/Abell1238.png, id=1829, 578.16pt x 433.62pt>
File: images/ClusterEnvironment/Abell1238.png Graphic file (type png)

<use images/ClusterEnvironment/Abell1238.png>
Package pdftex.def Info: images/ClusterEnvironment/Abell1238.png used on input 
line 149.
(pdftex.def)             Requested size: 433.62003pt x 325.2142pt.
pdfTeX warning (ext4): destination with the same identifier (name{equation.4.3.
1}) has been already used, duplicate ignored
<to be read again> 
                   \relax 
l.167 \begin{equation}
                      pdfTeX warning (ext4): destination with the same identifi
er (name{equation.4.3.2}) has been already used, duplicate ignored
<to be read again> 
                   \relax 
l.170 \begin{equation}
                       [71pdfTeX warning (ext4): destination with the same iden
tifier (name{equation.4.3.3}) has been already used, duplicate ignored

\AtBegShi@Output ...ipout \box \AtBeginShipoutBox 
                                                  \fi \fi 
l.185 \end{equation}
                    ] [72 <./images/ClusterEnvironment/Abell1238.png>]pdfTeX wa
rning (ext4): destination with the same identifier (name{equation.4.3.1}) has b
een already used, duplicate ignored
<to be read again> 
                   \relax 
l.209 \begin{equation}
                      pdfTeX warning (ext4): destination with the same identifi
er (name{equation.4.3.2}) has been already used, duplicate ignored
<to be read again> 
                   \relax 
l.212 \begin{equation}
                      pdfTeX warning (ext4): destination with the same identifi
er (name{equation.4.3.3}) has been already used, duplicate ignored
<to be read again> 
                   \relax 
l.215 \begin{equation}
                       [73] [74]
<images/ClusterEnvironment/Mass_Corr2.png, id=1861, 578.16pt x 433.62pt>
File: images/ClusterEnvironment/Mass_Corr2.png Graphic file (type png)

<use images/ClusterEnvironment/Mass_Corr2.png>
Package pdftex.def Info: images/ClusterEnvironment/Mass_Corr2.png used on input
 line 298.
(pdftex.def)             Requested size: 433.62003pt x 325.2142pt.

<images/ClusterEnvironment/Conc_Corr2.png, id=1862, 578.16pt x 433.62pt>
File: images/ClusterEnvironment/Conc_Corr2.png Graphic file (type png)

<use images/ClusterEnvironment/Conc_Corr2.png>
Package pdftex.def Info: images/ClusterEnvironment/Conc_Corr2.png used on input
 line 310.
(pdftex.def)             Requested size: 433.62003pt x 325.2142pt.

<images/ClusterEnvironment/ConcRedshift_Corr2.png, id=1863, 578.16pt x 433.62pt
>
File: images/ClusterEnvironment/ConcRedshift_Corr2.png Graphic file (type png)
 <use images/ClusterEnvironment/ConcRedshift_Corr2.png>
Package pdftex.def Info: images/ClusterEnvironment/ConcRedshift_Corr2.png used 
on input line 322.
(pdftex.def)             Requested size: 433.62003pt x 325.2142pt.
) [75] [76 <./images/ClusterEnvironment/Mass_Corr2.png>] [77 <./images/ClusterE
nvironment/Conc_Corr2.png>] [78 <./images/ClusterEnvironment/ConcRedshift_Corr2
.png>]
\openout2 = `tex/Conclusion.aux'.


(./tex/Conclusion.tex
Chapter 4. Conclusions

Overfull \hbox (14.71404pt too wide) in paragraph at lines 37--55
[]\OT1/cmr/m/n/10 Motivated by this pre-dic-tion, we then look for this novel c
har-ac-ter-is-tic dif-fer-ence in the concentration-
 []


Package Fancyhdr Warning: \fancyhead's `E' option without twoside option is use
less on input line 55.

[79



] [80]) [81] (./thesis.bbl
Chapter Bibliography

Package Fancyhdr Warning: \fancyhead's `E' option without twoside option is use
less on input line 165.

[82



] [83] [84] [85] [86] [87] [88]) [89]
\openout2 = `tex/appendix.aux'.

 (./tex/appendix.tex
Appendix . Analytical Projection of Prolate Spheroidal Halos

Package Fancyhdr Warning: \fancyhead's `E' option without twoside option is use
less on input line 37.

[90


] [91]
Appendix A. Lensing Cosmology Correction

Package Fancyhdr Warning: \fancyhead's `E' option without twoside option is use
less on input line 114.

[92

] [93]
Appendix B. Full Observational Dataset

Package Fancyhdr Warning: \fancyhead's `E' option without twoside option is use
less on input line 186.

[94

] [95]
Overfull \hbox (36.65471pt too wide) in alignment at lines 207--227
 [] [] [] [] [] [] [] [] [] [] [] [] 
 []


Overfull \hbox (36.65471pt too wide) in alignment at lines 227--247
 [] [] [] [] [] [] [] [] [] [] [] [] 
 []


Overfull \hbox (36.65471pt too wide) in alignment at lines 247--250
 [] [] [] [] [] [] [] [] [] [] [] [] 
 []


Overfull \hbox (36.65471pt too wide) in alignment at lines 250--253
 [] [] [] [] [] [] [] [] [] [] [] [] 
 []


Overfull \hbox (36.65471pt too wide) in alignment at lines 253--274
 [] [] [] [] [] [] [] [] [] [] [] [] 
 []


Overfull \hbox (36.65471pt too wide) in alignment at lines 274--294
 [] [] [] [] [] [] [] [] [] [] [] [] 
 []


Overfull \hbox (36.65471pt too wide) in alignment at lines 294--314
 [] [] [] [] [] [] [] [] [] [] [] [] 
 []

[96


]
Overfull \hbox (36.65471pt too wide) in alignment at lines 314--334
 [] [] [] [] [] [] [] [] [] [] [] [] 
 []


Overfull \hbox (36.65471pt too wide) in alignment at lines 334--354
 [] [] [] [] [] [] [] [] [] [] [] [] 
 []

[97]
Overfull \hbox (36.65471pt too wide) in alignment at lines 354--374
 [] [] [] [] [] [] [] [] [] [] [] [] 
 []

[98]
Overfull \hbox (36.65471pt too wide) in alignment at lines 374--394
 [] [] [] [] [] [] [] [] [] [] [] [] 
 []


Overfull \hbox (36.65471pt too wide) in alignment at lines 394--414
 [] [] [] [] [] [] [] [] [] [] [] [] 
 []

[99]
Overfull \hbox (36.65471pt too wide) in alignment at lines 414--434
 [] [] [] [] [] [] [] [] [] [] [] [] 
 []

[100]
Overfull \hbox (36.65471pt too wide) in alignment at lines 434--454
 [] [] [] [] [] [] [] [] [] [] [] [] 
 []


Overfull \hbox (36.65471pt too wide) in alignment at lines 454--474
 [] [] [] [] [] [] [] [] [] [] [] [] 
 []

[101]
Overfull \hbox (36.65471pt too wide) in alignment at lines 474--494
 [] [] [] [] [] [] [] [] [] [] [] [] 
 []

[102]
Overfull \hbox (36.65471pt too wide) in alignment at lines 494--514
 [] [] [] [] [] [] [] [] [] [] [] [] 
 []


Overfull \hbox (36.65471pt too wide) in alignment at lines 514--534
 [] [] [] [] [] [] [] [] [] [] [] [] 
 []

[103]
Overfull \hbox (36.65471pt too wide) in alignment at lines 534--554
 [] [] [] [] [] [] [] [] [] [] [] [] 
 []

[104]
Overfull \hbox (36.65471pt too wide) in alignment at lines 554--574
 [] [] [] [] [] [] [] [] [] [] [] [] 
 []


Overfull \hbox (36.65471pt too wide) in alignment at lines 574--594
 [] [] [] [] [] [] [] [] [] [] [] [] 
 []

[105]
Overfull \hbox (36.65471pt too wide) in alignment at lines 594--614
 [] [] [] [] [] [] [] [] [] [] [] [] 
 []

[106]
Overfull \hbox (36.65471pt too wide) in alignment at lines 614--634
 [] [] [] [] [] [] [] [] [] [] [] [] 
 []


Overfull \hbox (36.65471pt too wide) in alignment at lines 634--654
 [] [] [] [] [] [] [] [] [] [] [] [] 
 []

[107]
Overfull \hbox (36.65471pt too wide) in alignment at lines 654--674
 [] [] [] [] [] [] [] [] [] [] [] [] 
 []

[108]
Overfull \hbox (36.65471pt too wide) in alignment at lines 674--694
 [] [] [] [] [] [] [] [] [] [] [] [] 
 []


Overfull \hbox (36.65471pt too wide) in alignment at lines 694--714
 [] [] [] [] [] [] [] [] [] [] [] [] 
 []

[109]
Overfull \hbox (36.65471pt too wide) in alignment at lines 714--734
 [] [] [] [] [] [] [] [] [] [] [] [] 
 []

[110]
Overfull \hbox (36.65471pt too wide) in alignment at lines 734--754
 [] [] [] [] [] [] [] [] [] [] [] [] 
 []


Overfull \hbox (36.65471pt too wide) in alignment at lines 754--774
 [] [] [] [] [] [] [] [] [] [] [] [] 
 []

[111]
Overfull \hbox (36.65471pt too wide) in alignment at lines 774--794
 [] [] [] [] [] [] [] [] [] [] [] [] 
 []

[112]
Overfull \hbox (36.65471pt too wide) in alignment at lines 794--814
 [] [] [] [] [] [] [] [] [] [] [] [] 
 []


Overfull \hbox (36.65471pt too wide) in alignment at lines 814--834
 [] [] [] [] [] [] [] [] [] [] [] [] 
 []

[113]
Overfull \hbox (36.65471pt too wide) in alignment at lines 834--854
 [] [] [] [] [] [] [] [] [] [] [] [] 
 []

[114]
Overfull \hbox (36.65471pt too wide) in alignment at lines 854--874
 [] [] [] [] [] [] [] [] [] [] [] [] 
 []


Overfull \hbox (36.65471pt too wide) in alignment at lines 874--894
 [] [] [] [] [] [] [] [] [] [] [] [] 
 []

[115]
Overfull \hbox (36.65471pt too wide) in alignment at lines 894--914
 [] [] [] [] [] [] [] [] [] [] [] [] 
 []

[116]
Overfull \hbox (36.65471pt too wide) in alignment at lines 914--934
 [] [] [] [] [] [] [] [] [] [] [] [] 
 []


Overfull \hbox (36.65471pt too wide) in alignment at lines 934--954
 [] [] [] [] [] [] [] [] [] [] [] [] 
 []

[117]
Overfull \hbox (36.65471pt too wide) in alignment at lines 954--974
 [] [] [] [] [] [] [] [] [] [] [] [] 
 []

[118]
Overfull \hbox (36.65471pt too wide) in alignment at lines 974--994
 [] [] [] [] [] [] [] [] [] [] [] [] 
 []


Overfull \hbox (36.65471pt too wide) in alignment at lines 994--1014
 [] [] [] [] [] [] [] [] [] [] [] [] 
 []

[119]
Overfull \hbox (36.65471pt too wide) in alignment at lines 1014--1034
 [] [] [] [] [] [] [] [] [] [] [] [] 
 []

[120]
Overfull \hbox (36.65471pt too wide) in alignment at lines 1034--1036
 [] [] [] [] [] [] [] [] [] [] [] [] 
 []

[121] [122] [123

] [124] [125]) [126]
\openout2 = `tex/CV.aux'.

 (./tex/CV.tex
Appendix Vita

Overfull \hbox (1.67697pt too wide) in paragraph at lines 78--80
[]\OT1/cmr/bx/n/10 Supplemental In-struc-tor/Private Tu-tor. \OT1/cmr/m/n/10 Ph
ysics 201, 202: Gen-eral Physics I, II, Hartwick
 []

)

Package Fancyhdr Warning: \fancyhead's `E' option without twoside option is use
less on input line 70.

[127



] [128


]
Package atveryend Info: Empty hook `BeforeClearDocument' on input line 72.
Package atveryend Info: Empty hook `AfterLastShipout' on input line 72.
 (./thesis.aux (./tex/preamble.aux) (./tex/Introduction.aux)
(./tex/ClusterProjectionProject.aux) (./tex/CMRelationProject.aux)
(./tex/ClusterEnvironment.aux) (./tex/Conclusion.aux) (./tex/appendix.aux)
(./tex/CV.aux))
Package atveryend Info: Executing hook `AtVeryEndDocument' on input line 72.
Package atveryend Info: Executing hook `AtEndAfterFileList' on input line 72.
Package rerunfilecheck Info: File `thesis.out' has not changed.
(rerunfilecheck)             Checksum: 60FE61C49EADE8A07268B17410D848E8;3624.


LaTeX Warning: There were multiply-defined labels.

Package atveryend Info: Empty hook `AtVeryVeryEnd' on input line 72.
 )
(\end occurred when \iffalse on line 1043 was incomplete) 
Here is how much of TeX's memory you used:
 11567 strings out of 493315
 180415 string characters out of 6137904
 367103 words of memory out of 5000000
 14153 multiletter control sequences out of 15000+600000
 12680 words of font info for 51 fonts, out of 8000000 for 9000
 957 hyphenation exceptions out of 8191
 60i,18n,94p,1375b,886s stack positions out of 5000i,500n,10000p,200000b,80000s
pdfTeX warning (dest):
 name{Hfootnote.2} has been referenced but does not exist, replaced by a fixed 
one

pdfTeX warning (dest): name{Hfootnote.1} has been referenced but does not exist
, replaced by a fixed one

</usr/local/texlive/2013/texmf-dist/fonts/type1/public/amsfonts/cm/cmbx10.pfb><
/usr/local/texlive/2013/texmf-dist/fonts/type1/public/amsfonts/cm/cmbx12.pfb></
usr/local/texlive/2013/texmf-dist/fonts/type1/public/amsfonts/cm/cmcsc10.pfb></
usr/local/texlive/2013/texmf-dist/fonts/type1/public/amsfonts/cm/cmex10.pfb></u
sr/local/texlive/2013/texmf-dist/fonts/type1/public/amsfonts/cmextra/cmex8.pfb>
</usr/local/texlive/2013/texmf-dist/fonts/type1/public/amsfonts/cm/cmmi10.pfb><
/usr/local/texlive/2013/texmf-dist/fonts/type1/public/amsfonts/cm/cmmi5.pfb></u
sr/local/texlive/2013/texmf-dist/fonts/type1/public/amsfonts/cm/cmmi6.pfb></usr
/local/texlive/2013/texmf-dist/fonts/type1/public/amsfonts/cm/cmmi7.pfb></usr/l
ocal/texlive/2013/texmf-dist/fonts/type1/public/amsfonts/cm/cmmi8.pfb></usr/loc
al/texlive/2013/texmf-dist/fonts/type1/public/amsfonts/cm/cmr10.pfb></usr/local
/texlive/2013/texmf-dist/fonts/type1/public/amsfonts/cm/cmr12.pfb></usr/local/t
exlive/2013/texmf-dist/fonts/type1/public/amsfonts/cm/cmr5.pfb></usr/local/texl
ive/2013/texmf-dist/fonts/type1/public/amsfonts/cm/cmr6.pfb></usr/local/texlive
/2013/texmf-dist/fonts/type1/public/amsfonts/cm/cmr7.pfb></usr/local/texlive/20
13/texmf-dist/fonts/type1/public/amsfonts/cm/cmr8.pfb></usr/local/texlive/2013/
texmf-dist/fonts/type1/public/amsfonts/cm/cmr9.pfb></usr/local/texlive/2013/tex
mf-dist/fonts/type1/public/amsfonts/cm/cmss10.pfb></usr/local/texlive/2013/texm
f-dist/fonts/type1/public/amsfonts/cm/cmsy10.pfb></usr/local/texlive/2013/texmf
-dist/fonts/type1/public/amsfonts/cm/cmsy5.pfb></usr/local/texlive/2013/texmf-d
ist/fonts/type1/public/amsfonts/cm/cmsy7.pfb></usr/local/texlive/2013/texmf-dis
t/fonts/type1/public/amsfonts/cm/cmsy8.pfb></usr/local/texlive/2013/texmf-dist/
fonts/type1/public/amsfonts/cm/cmti10.pfb></usr/local/texlive/2013/texmf-dist/f
onts/type1/public/amsfonts/cm/cmti7.pfb></usr/local/texlive/2013/texmf-dist/fon
ts/type1/public/amsfonts/symbols/msam10.pfb></usr/local/texlive/2013/texmf-dist
/fonts/type1/public/esvect/vect10.pfb>
Output written on thesis.pdf (140 pages, 5426590 bytes).
PDF statistics:
 4405 PDF objects out of 5155 (max. 8388607)
 3964 compressed objects within 40 object streams
 581 named destinations out of 1000 (max. 500000)
 705 words of extra memory for PDF output out of 10000 (max. 10000000)

