\BOOKMARK [-1][-]{Front Matter.-1}{Front Matter}{}% 1
\BOOKMARK [0][-]{Title Page.0}{Title Page}{Front Matter.-1}% 2
\BOOKMARK [0][-]{Copyright Page.0}{Copyright Page}{Front Matter.-1}% 3
\BOOKMARK [0][-]{Dedications.0}{Dedications}{Front Matter.-1}% 4
\BOOKMARK [0][-]{Acknowledgments.0}{Acknowledgments}{Front Matter.-1}% 5
\BOOKMARK [0][-]{Table of Contents.0}{Table of Contents}{Front Matter.-1}% 6
\BOOKMARK [0][-]{section*.4}{List of Tables}{Front Matter.-1}% 7
\BOOKMARK [0][-]{section*.5}{List of Figures}{Front Matter.-1}% 8
\BOOKMARK [0][-]{section*.6}{Abstract}{Front Matter.-1}% 9
\BOOKMARK [-1][-]{Main Matter.-1}{Main Matter}{}% 10
\BOOKMARK [0][-]{chapter.1}{Introduction}{Main Matter.-1}% 11
\BOOKMARK [1][-]{section.1.1}{Accretion Disk}{chapter.1}% 12
\BOOKMARK [2][-]{subsection.1.1.1}{\205Disk Model}{section.1.1}% 13
\BOOKMARK [2][-]{subsection.1.1.2}{Eddington Luminosity}{section.1.1}% 14
\BOOKMARK [1][-]{section.1.2}{Spectral Energy Distributions}{chapter.1}% 15
\BOOKMARK [1][-]{section.1.3}{Dust Reddening}{chapter.1}% 16
\BOOKMARK [1][-]{section.1.4}{Black Hole Masses}{chapter.1}% 17
\BOOKMARK [1][-]{section.1.5}{Outline}{chapter.1}% 18
\BOOKMARK [0][-]{chapter.2}{Data}{Main Matter.-1}% 19
\BOOKMARK [1][-]{section.2.1}{Near-Infrared}{chapter.2}% 20
\BOOKMARK [1][-]{section.2.2}{Mid-Infrared}{chapter.2}% 21
\BOOKMARK [1][-]{section.2.3}{Ultraviolet}{chapter.2}% 22
\BOOKMARK [1][-]{section.2.4}{X-Ray}{chapter.2}% 23
\BOOKMARK [1][-]{section.2.5}{The Dust Reddening Sample}{chapter.2}% 24
\BOOKMARK [1][-]{section.2.6}{Black Hole Masses}{chapter.2}% 25
\BOOKMARK [0][-]{chapter.3}{Multi-wavelength SEDs}{Main Matter.-1}% 26
\BOOKMARK [1][-]{section.3.1}{Corrections}{chapter.3}% 27
\BOOKMARK [2][-]{subsection.3.1.1}{Lyman Forest and Limit}{section.3.1}% 28
\BOOKMARK [2][-]{subsection.3.1.2}{Emission Lines}{section.3.1}% 29
\BOOKMARK [2][-]{subsection.3.1.3}{Host Galaxy}{section.3.1}% 30
\BOOKMARK [2][-]{subsection.3.1.4}{Gap Repair}{section.3.1}% 31
\BOOKMARK [1][-]{section.3.2}{Mean SEDs}{chapter.3}% 32
\BOOKMARK [2][-]{subsection.3.2.1}{Overall Mean SED}{section.3.2}% 33
\BOOKMARK [2][-]{subsection.3.2.2}{Sub-sampled Mean SEDs}{section.3.2}% 34
\BOOKMARK [1][-]{section.3.3}{Bolometric Corrections}{chapter.3}% 35
\BOOKMARK [2][-]{subsection.3.3.1}{Limits of Integration}{section.3.3}% 36
\BOOKMARK [2][-]{subsection.3.3.2}{Normalization Wavelength}{section.3.3}% 37
\BOOKMARK [2][-]{subsection.3.3.3}{Integrated Luminosities and Bolometric Corrections}{section.3.3}% 38
\BOOKMARK [1][-]{section.3.4}{Discussion: The Unseen EUV Continuum}{chapter.3}% 39
\BOOKMARK [1][-]{section.3.5}{Conclusions}{chapter.3}% 40
\BOOKMARK [0][-]{chapter.4}{Dusty Quasars}{Main Matter.-1}% 41
\BOOKMARK [1][-]{section.4.1}{Fitting Reddening Models to Quasar Photometry}{chapter.4}% 42
\BOOKMARK [2][-]{subsection.4.1.1}{Modal Colors}{section.4.1}% 43
\BOOKMARK [2][-]{subsection.4.1.2}{Red vs. Reddened: Photometry}{section.4.1}% 44
\BOOKMARK [2][-]{subsection.4.1.3}{Monte Carlo Parameter Estimation}{section.4.1}% 45
\BOOKMARK [2][-]{subsection.4.1.4}{MCMC Results: Population Parameters}{section.4.1}% 46
\BOOKMARK [2][-]{subsection.4.1.5}{MCMC Results: Individual Parameters}{section.4.1}% 47
\BOOKMARK [2][-]{subsection.4.1.6}{What Reddening Law Fits Better?}{section.4.1}% 48
\BOOKMARK [1][-]{section.4.2}{Composite Spectra}{chapter.4}% 49
\BOOKMARK [2][-]{subsection.4.2.1}{Red vs. Reddened: Spectra}{section.4.2}% 50
\BOOKMARK [2][-]{subsection.4.2.2}{Individual Lines}{section.4.2}% 51
\BOOKMARK [1][-]{section.4.3}{Conclusions}{chapter.4}% 52
\BOOKMARK [0][-]{chapter.5}{Trends with Black Hole Properties}{Main Matter.-1}% 53
\BOOKMARK [1][-]{section.5.1}{Dust Corrected Mean SEDs}{chapter.5}% 54
\BOOKMARK [2][-]{subsection.5.1.1}{Applying Dust Corrections}{section.5.1}% 55
\BOOKMARK [2][-]{subsection.5.1.2}{A Uniform Sample}{section.5.1}% 56
\BOOKMARK [2][-]{subsection.5.1.3}{Extinction Corrected SEDs}{section.5.1}% 57
\BOOKMARK [1][-]{section.5.2}{SEDs Based on MBH and L/LEdd}{chapter.5}% 58
\BOOKMARK [1][-]{section.5.3}{Conclusions}{chapter.5}% 59
\BOOKMARK [0][-]{chapter.6}{Conclusions}{Main Matter.-1}% 60
\BOOKMARK [-1][-]{Back Matter.-1}{Back Matter}{}% 61
\BOOKMARK [0][-]{section*.53}{Bibliography}{Back Matter.-1}% 62
\BOOKMARK [0][-]{appendix.A}{Bayesian Model}{Back Matter.-1}% 63
\BOOKMARK [1][-]{section.A.1}{Gibbs Sampling}{appendix.A}% 64
\BOOKMARK [1][-]{section.A.2}{The Model}{appendix.A}% 65
\BOOKMARK [1][-]{section.A.3}{Conditional Likelihoods}{appendix.A}% 66
\BOOKMARK [0][-]{section*.54}{Vita}{Back Matter.-1}% 67
